{"__type":"$$EventMessageWorkflow","id":"48043468-87ef-4f52-a659-87e4a0d4c7d5","ts":"2026-04-23T02:15:36.067+00:00","eventName":"n8n.workflow.started","message":"n8n.workflow.started","payload":{"executionId":"272","workflowId":"FK6zS9L1aRBndJ8C","isManual":false,"mode":"trigger","workflowName":"Crises e Alertas"}}
{"__type":"$$EventMessageConfirm","confirm":"48043468-87ef-4f52-a659-87e4a0d4c7d5","ts":"2026-04-23T02:15:36.068+00:00","source":{"id":"0","name":"eventBus"}}
{"__type":"$$EventMessageAudit","id":"94efa355-3bfc-49ae-ab7c-9d179f0c6af4","ts":"2026-04-23T02:15:36.069+00:00","eventName":"n8n.audit.workflow.executed","message":"n8n.audit.workflow.executed","payload":{"workflowId":"FK6zS9L1aRBndJ8C","workflowName":"Crises e Alertas","executionId":"272","source":"trigger"}}
{"__type":"$$EventMessageConfirm","confirm":"94efa355-3bfc-49ae-ab7c-9d179f0c6af4","ts":"2026-04-23T02:15:36.069+00:00","source":{"id":"0","name":"eventBus"}}
{"__type":"$$EventMessageNode","id":"cc6b6f76-c2be-4c54-b34a-c11324d1f8bf","ts":"2026-04-23T02:15:36.069+00:00","eventName":"n8n.node.started","message":"n8n.node.started","payload":{"workflowId":"FK6zS9L1aRBndJ8C","workflowName":"Crises e Alertas","executionId":"272","nodeType":"n8n-nodes-base.scheduleTrigger","nodeName":"Schedule Trigger","nodeId":"a239ccd6-bbed-4ed8-a416-e0da4c9b6a78"}}
{"__type":"$$EventMessageConfirm","confirm":"cc6b6f76-c2be-4c54-b34a-c11324d1f8bf","ts":"2026-04-23T02:15:36.069+00:00","source":{"id":"0","name":"eventBus"}}
{"__type":"$$EventMessageNode","id":"c549e200-326d-480c-afb1-39f9e65d2485","ts":"2026-04-23T02:15:36.071+00:00","eventName":"n8n.node.finished","message":"n8n.node.finished","payload":{"workflowId":"FK6zS9L1aRBndJ8C","workflowName":"Crises e Alertas","executionId":"272","nodeType":"n8n-nodes-base.scheduleTrigger","nodeName":"Schedule Trigger","nodeId":"a239ccd6-bbed-4ed8-a416-e0da4c9b6a78"}}
{"__type":"$$EventMessageConfirm","confirm":"c549e200-326d-480c-afb1-39f9e65d2485","ts":"2026-04-23T02:15:36.072+00:00","source":{"id":"0","name":"eventBus"}}
{"__type":"$$EventMessageNode","id":"7dfb8761-adcc-4927-ac48-763bf2ee9d76","ts":"2026-04-23T02:15:36.072+00:00","eventName":"n8n.node.started","message":"n8n.node.started","payload":{"workflowId":"FK6zS9L1aRBndJ8C","workflowName":"Crises e Alertas","executionId":"272","nodeType":"n8n-nodes-base.rssFeedRead","nodeName":"RSS Read5","nodeId":"309e5ca9-bbc3-4ee3-b0c7-ca8bbea7805f"}}
{"__type":"$$EventMessageConfirm","confirm":"7dfb8761-adcc-4927-ac48-763bf2ee9d76","ts":"2026-04-23T02:15:36.072+00:00","source":{"id":"0","name":"eventBus"}}
{"__type":"$$EventMessageNode","id":"d79e1d54-d772-4684-bf76-7bfc95bc28bc","ts":"2026-04-23T02:15:37.054+00:00","eventName":"n8n.node.finished","message":"n8n.node.finished","payload":{"workflowId":"FK6zS9L1aRBndJ8C","workflowName":"Crises e Alertas","executionId":"272","nodeType":"n8n-nodes-base.rssFeedRead","nodeName":"RSS Read5","nodeId":"309e5ca9-bbc3-4ee3-b0c7-ca8bbea7805f"}}
{"__type":"$$EventMessageConfirm","confirm":"d79e1d54-d772-4684-bf76-7bfc95bc28bc","ts":"2026-04-23T02:15:37.054+00:00","source":{"id":"0","name":"eventBus"}}
{"__type":"$$EventMessageNode","id":"a78b30aa-a0fa-44a5-a442-51e06df74d26","ts":"2026-04-23T02:15:37.054+00:00","eventName":"n8n.node.started","message":"n8n.node.started","payload":{"workflowId":"FK6zS9L1aRBndJ8C","workflowName":"Crises e Alertas","executionId":"272","nodeType":"n8n-nodes-base.rssFeedRead","nodeName":"RSS Read4","nodeId":"3dcce369-8fa4-48ef-9394-d36d2d1f5c0e"}}
{"__type":"$$EventMessageConfirm","confirm":"a78b30aa-a0fa-44a5-a442-51e06df74d26","ts":"2026-04-23T02:15:37.054+00:00","source":{"id":"0","name":"eventBus"}}
{"__type":"$$EventMessageNode","id":"d9c0ec28-564a-4e1b-990f-b68076505741","ts":"2026-04-23T02:15:38.087+00:00","eventName":"n8n.node.finished","message":"n8n.node.finished","payload":{"workflowId":"FK6zS9L1aRBndJ8C","workflowName":"Crises e Alertas","executionId":"272","nodeType":"n8n-nodes-base.rssFeedRead","nodeName":"RSS Read4","nodeId":"3dcce369-8fa4-48ef-9394-d36d2d1f5c0e"}}
{"__type":"$$EventMessageConfirm","confirm":"d9c0ec28-564a-4e1b-990f-b68076505741","ts":"2026-04-23T02:15:38.087+00:00","source":{"id":"0","name":"eventBus"}}
{"__type":"$$EventMessageNode","id":"25b94af1-4ff5-4d8b-a565-a6b888f04d34","ts":"2026-04-23T02:15:38.088+00:00","eventName":"n8n.node.started","message":"n8n.node.started","payload":{"workflowId":"FK6zS9L1aRBndJ8C","workflowName":"Crises e Alertas","executionId":"272","nodeType":"n8n-nodes-base.rssFeedRead","nodeName":"RSS Read3","nodeId":"2976176f-1874-4872-a000-89eaf975c8be"}}
{"__type":"$$EventMessageConfirm","confirm":"25b94af1-4ff5-4d8b-a565-a6b888f04d34","ts":"2026-04-23T02:15:38.088+00:00","source":{"id":"0","name":"eventBus"}}
{"__type":"$$EventMessageNode","id":"52ac9550-1502-4026-b3fb-0d3c476b8d6d","ts":"2026-04-23T02:15:39.021+00:00","eventName":"n8n.node.finished","message":"n8n.node.finished","payload":{"workflowId":"FK6zS9L1aRBndJ8C","workflowName":"Crises e Alertas","executionId":"272","nodeType":"n8n-nodes-base.rssFeedRead","nodeName":"RSS Read3","nodeId":"2976176f-1874-4872-a000-89eaf975c8be"}}
{"__type":"$$EventMessageConfirm","confirm":"52ac9550-1502-4026-b3fb-0d3c476b8d6d","ts":"2026-04-23T02:15:39.021+00:00","source":{"id":"0","name":"eventBus"}}
{"__type":"$$EventMessageNode","id":"9122f72b-e490-4676-9a3a-e11adbe8db66","ts":"2026-04-23T02:15:39.022+00:00","eventName":"n8n.node.started","message":"n8n.node.started","payload":{"workflowId":"FK6zS9L1aRBndJ8C","workflowName":"Crises e Alertas","executionId":"272","nodeType":"n8n-nodes-base.merge","nodeName":"Merge","nodeId":"b4c28652-ddb0-4113-9396-1af641e121bd"}}
{"__type":"$$EventMessageConfirm","confirm":"9122f72b-e490-4676-9a3a-e11adbe8db66","ts":"2026-04-23T02:15:39.022+00:00","source":{"id":"0","name":"eventBus"}}
{"__type":"$$EventMessageNode","id":"bbdf6d5e-152b-40f3-bf37-cb8e59c3c4aa","ts":"2026-04-22T22:15:39.058-04:00","eventName":"n8n.node.finished","message":"n8n.node.finished","payload":{"workflowId":"FK6zS9L1aRBndJ8C","workflowName":"Crises e Alertas","executionId":"272","nodeType":"n8n-nodes-base.merge","nodeName":"Merge","nodeId":"b4c28652-ddb0-4113-9396-1af641e121bd"}}
{"__type":"$$EventMessageConfirm","confirm":"bbdf6d5e-152b-40f3-bf37-cb8e59c3c4aa","ts":"2026-04-22T22:15:39.058-04:00","source":{"id":"0","name":"eventBus"}}
{"__type":"$$EventMessageNode","id":"bb735e92-52b1-49ab-846d-b14d07d51774","ts":"2026-04-22T22:15:39.058-04:00","eventName":"n8n.node.started","message":"n8n.node.started","payload":{"workflowId":"FK6zS9L1aRBndJ8C","workflowName":"Crises e Alertas","executionId":"272","nodeType":"n8n-nodes-base.code","nodeName":"Code in JavaScript","nodeId":"c3ae173a-eac9-4735-8375-a7c061487cd8"}}
{"__type":"$$EventMessageConfirm","confirm":"bb735e92-52b1-49ab-846d-b14d07d51774","ts":"2026-04-22T22:15:39.058-04:00","source":{"id":"0","name":"eventBus"}}
{"__type":"$$EventMessageRunner","id":"9ac7f484-dab7-4655-8460-c9cbe5f84a17","ts":"2026-04-22T22:15:39.062-04:00","eventName":"n8n.runner.task.requested","message":"n8n.runner.task.requested","payload":{"taskId":"K6AhHO6I","nodeId":"c3ae173a-eac9-4735-8375-a7c061487cd8","workflowId":"FK6zS9L1aRBndJ8C","executionId":"272"}}
{"__type":"$$EventMessageConfirm","confirm":"9ac7f484-dab7-4655-8460-c9cbe5f84a17","ts":"2026-04-22T22:15:39.062-04:00","source":{"id":"0","name":"eventBus"}}
{"__type":"$$EventMessageRunner","id":"8a5be556-bf81-4e0d-b2ab-b7b5b2167658","ts":"2026-04-22T22:15:39.174-04:00","eventName":"n8n.runner.response.received","message":"n8n.runner.response.received","payload":{"taskId":"K6AhHO6I","nodeId":"c3ae173a-eac9-4735-8375-a7c061487cd8","workflowId":"FK6zS9L1aRBndJ8C","executionId":"272"}}
{"__type":"$$EventMessageConfirm","confirm":"8a5be556-bf81-4e0d-b2ab-b7b5b2167658","ts":"2026-04-22T22:15:39.174-04:00","source":{"id":"0","name":"eventBus"}}
{"__type":"$$EventMessageNode","id":"de23286c-407f-4432-bf5d-e64daab0fb46","ts":"2026-04-22T22:15:39.175-04:00","eventName":"n8n.node.finished","message":"n8n.node.finished","payload":{"workflowId":"FK6zS9L1aRBndJ8C","workflowName":"Crises e Alertas","executionId":"272","nodeType":"n8n-nodes-base.code","nodeName":"Code in JavaScript","nodeId":"c3ae173a-eac9-4735-8375-a7c061487cd8"}}
{"__type":"$$EventMessageConfirm","confirm":"de23286c-407f-4432-bf5d-e64daab0fb46","ts":"2026-04-22T22:15:39.175-04:00","source":{"id":"0","name":"eventBus"}}
{"__type":"$$EventMessageNode","id":"8c90879f-ce38-4e85-af9c-c564d00e2e87","ts":"2026-04-22T22:15:39.176-04:00","eventName":"n8n.node.started","message":"n8n.node.started","payload":{"workflowId":"FK6zS9L1aRBndJ8C","workflowName":"Crises e Alertas","executionId":"272","nodeType":"n8n-nodes-base.httpRequest","nodeName":"HTTP Request3","nodeId":"5bd5f1c4-7e6f-42de-a3ab-68d40d3191e2"}}
{"__type":"$$EventMessageConfirm","confirm":"8c90879f-ce38-4e85-af9c-c564d00e2e87","ts":"2026-04-22T22:15:39.176-04:00","source":{"id":"0","name":"eventBus"}}
{"__type":"$$EventMessageNode","id":"42e800bd-0d7b-42a6-a87d-29535c60116f","ts":"2026-04-22T22:16:27.793-04:00","eventName":"n8n.node.finished","message":"n8n.node.finished","payload":{"workflowId":"FK6zS9L1aRBndJ8C","workflowName":"Crises e Alertas","executionId":"272","nodeType":"n8n-nodes-base.httpRequest","nodeName":"HTTP Request3","nodeId":"5bd5f1c4-7e6f-42de-a3ab-68d40d3191e2"}}
{"__type":"$$EventMessageConfirm","confirm":"42e800bd-0d7b-42a6-a87d-29535c60116f","ts":"2026-04-22T22:16:27.793-04:00","source":{"id":"0","name":"eventBus"}}
{"__type":"$$EventMessageWorkflow","id":"be3c74fd-44d8-44c4-ab44-df8608bcbe7e","ts":"2026-04-22T22:16:27.794-04:00","eventName":"n8n.workflow.failed","message":"n8n.workflow.failed","payload":{"executionId":"272","success":false,"isManual":false,"mode":"trigger","workflowId":"FK6zS9L1aRBndJ8C","workflowName":"Crises e Alertas","lastNodeExecuted":"HTTP Request3","errorNodeType":"n8n-nodes-base.httpRequest","errorMessage":"The service refused the connection - perhaps it is offline"}}
{"__type":"$$EventMessageConfirm","confirm":"be3c74fd-44d8-44c4-ab44-df8608bcbe7e","ts":"2026-04-22T22:16:27.794-04:00","source":{"id":"0","name":"eventBus"}}
{"__type":"$$EventMessageAudit","id":"f31f0aef-4a14-4224-b82c-f763db0a2ce7","ts":"2026-04-22T22:17:14.275-04:00","eventName":"n8n.audit.user.login.success","message":"n8n.audit.user.login.success","payload":{"userId":"41628218-8c32-441c-975e-c8239073ce1a","_email":"admin@admin.com","_firstName":"Admin","_lastName":"Admin","globalRole":"global:owner","authenticationMethod":"email"}}
{"__type":"$$EventMessageConfirm","confirm":"f31f0aef-4a14-4224-b82c-f763db0a2ce7","ts":"2026-04-22T22:17:14.276-04:00","source":{"id":"0","name":"eventBus"}}
{"__type":"$$EventMessageAudit","id":"0609d348-9adc-4f47-ae52-31233cb08d48","ts":"2026-04-22T22:17:37.776-04:00","eventName":"n8n.audit.workflow.deactivated","message":"n8n.audit.workflow.deactivated","payload":{"userId":"41628218-8c32-441c-975e-c8239073ce1a","_email":"admin@admin.com","_firstName":"Admin","_lastName":"Admin","globalRole":"global:owner","workflowId":"FK6zS9L1aRBndJ8C","workflowName":"Crises e Alertas","deactivatedVersionId":"4e92ba95-781f-4a6b-bae4-2de8821c4d2d"}}
{"__type":"$$EventMessageConfirm","confirm":"0609d348-9adc-4f47-ae52-31233cb08d48","ts":"2026-04-22T22:17:37.776-04:00","source":{"id":"0","name":"eventBus"}}
{"__type":"$$EventMessageAudit","id":"343a7f0f-9820-4952-89ca-e5906f3d2396","ts":"2026-04-22T22:17:37.809-04:00","eventName":"n8n.audit.workflow.activated","message":"n8n.audit.workflow.activated","payload":{"userId":"41628218-8c32-441c-975e-c8239073ce1a","_email":"admin@admin.com","_firstName":"Admin","_lastName":"Admin","globalRole":"global:owner","workflowId":"FK6zS9L1aRBndJ8C","workflowName":"Crises e Alertas","activeVersionId":"2fa1c314-fb45-419f-892f-80f3acc208ce"}}
{"__type":"$$EventMessageConfirm","confirm":"343a7f0f-9820-4952-89ca-e5906f3d2396","ts":"2026-04-22T22:17:37.809-04:00","source":{"id":"0","name":"eventBus"}}
{"__type":"$$EventMessageWorkflow","id":"7f465e74-d78d-4aab-8e41-d9b8642ab36c","ts":"2026-04-22T22:17:49.137-04:00","eventName":"n8n.workflow.started","message":"n8n.workflow.started","payload":{"executionId":"273","workflowId":"FK6zS9L1aRBndJ8C","isManual":false,"mode":"manual","workflowName":"Crises e Alertas"}}
{"__type":"$$EventMessageConfirm","confirm":"7f465e74-d78d-4aab-8e41-d9b8642ab36c","ts":"2026-04-22T22:17:49.138-04:00","source":{"id":"0","name":"eventBus"}}
{"__type":"$$EventMessageAudit","id":"57aa4138-e81d-4b5d-9271-d7ba14a7b1b3","ts":"2026-04-22T22:17:49.139-04:00","eventName":"n8n.audit.workflow.executed","message":"n8n.audit.workflow.executed","payload":{"userId":"41628218-8c32-441c-975e-c8239073ce1a","_email":"admin@admin.com","_firstName":"Admin","_lastName":"Admin","globalRole":"global:owner","workflowId":"FK6zS9L1aRBndJ8C","workflowName":"Crises e Alertas","executionId":"273","source":"user-manual"}}
{"__type":"$$EventMessageConfirm","confirm":"57aa4138-e81d-4b5d-9271-d7ba14a7b1b3","ts":"2026-04-22T22:17:49.139-04:00","source":{"id":"0","name":"eventBus"}}
{"__type":"$$EventMessageNode","id":"6be8fff6-ce53-4705-8d4d-c317d7b2082e","ts":"2026-04-22T22:17:49.155-04:00","eventName":"n8n.node.started","message":"n8n.node.started","payload":{"workflowId":"FK6zS9L1aRBndJ8C","workflowName":"Crises e Alertas","executionId":"273","nodeType":"n8n-nodes-base.scheduleTrigger","nodeName":"Schedule Trigger","nodeId":"a239ccd6-bbed-4ed8-a416-e0da4c9b6a78"}}
{"__type":"$$EventMessageConfirm","confirm":"6be8fff6-ce53-4705-8d4d-c317d7b2082e","ts":"2026-04-22T22:17:49.156-04:00","source":{"id":"0","name":"eventBus"}}
{"__type":"$$EventMessageNode","id":"507544aa-dbf9-4fcb-9131-6cecd812dd40","ts":"2026-04-22T22:17:49.161-04:00","eventName":"n8n.node.finished","message":"n8n.node.finished","payload":{"workflowId":"FK6zS9L1aRBndJ8C","workflowName":"Crises e Alertas","executionId":"273","nodeType":"n8n-nodes-base.scheduleTrigger","nodeName":"Schedule Trigger","nodeId":"a239ccd6-bbed-4ed8-a416-e0da4c9b6a78"}}
{"__type":"$$EventMessageConfirm","confirm":"507544aa-dbf9-4fcb-9131-6cecd812dd40","ts":"2026-04-22T22:17:49.161-04:00","source":{"id":"0","name":"eventBus"}}
{"__type":"$$EventMessageNode","id":"f95ea6ce-475d-40fb-bef2-8b4249586139","ts":"2026-04-22T22:17:49.162-04:00","eventName":"n8n.node.started","message":"n8n.node.started","payload":{"workflowId":"FK6zS9L1aRBndJ8C","workflowName":"Crises e Alertas","executionId":"273","nodeType":"n8n-nodes-base.rssFeedRead","nodeName":"RSS Read5","nodeId":"309e5ca9-bbc3-4ee3-b0c7-ca8bbea7805f"}}
{"__type":"$$EventMessageConfirm","confirm":"f95ea6ce-475d-40fb-bef2-8b4249586139","ts":"2026-04-22T22:17:49.162-04:00","source":{"id":"0","name":"eventBus"}}
{"__type":"$$EventMessageNode","id":"024f4b19-2e12-483f-8b70-5c0e0cc4a048","ts":"2026-04-22T22:17:50.081-04:00","eventName":"n8n.node.finished","message":"n8n.node.finished","payload":{"workflowId":"FK6zS9L1aRBndJ8C","workflowName":"Crises e Alertas","executionId":"273","nodeType":"n8n-nodes-base.rssFeedRead","nodeName":"RSS Read5","nodeId":"309e5ca9-bbc3-4ee3-b0c7-ca8bbea7805f"}}
{"__type":"$$EventMessageConfirm","confirm":"024f4b19-2e12-483f-8b70-5c0e0cc4a048","ts":"2026-04-22T22:17:50.081-04:00","source":{"id":"0","name":"eventBus"}}
{"__type":"$$EventMessageNode","id":"231a8a97-d14c-4000-a204-85396d4346c9","ts":"2026-04-22T22:17:50.084-04:00","eventName":"n8n.node.started","message":"n8n.node.started","payload":{"workflowId":"FK6zS9L1aRBndJ8C","workflowName":"Crises e Alertas","executionId":"273","nodeType":"n8n-nodes-base.rssFeedRead","nodeName":"RSS Read4","nodeId":"3dcce369-8fa4-48ef-9394-d36d2d1f5c0e"}}
{"__type":"$$EventMessageConfirm","confirm":"231a8a97-d14c-4000-a204-85396d4346c9","ts":"2026-04-22T22:17:50.084-04:00","source":{"id":"0","name":"eventBus"}}
{"__type":"$$EventMessageNode","id":"605fdbb6-7a17-4800-86de-186b4409c442","ts":"2026-04-22T22:17:51.033-04:00","eventName":"n8n.node.finished","message":"n8n.node.finished","payload":{"workflowId":"FK6zS9L1aRBndJ8C","workflowName":"Crises e Alertas","executionId":"273","nodeType":"n8n-nodes-base.rssFeedRead","nodeName":"RSS Read4","nodeId":"3dcce369-8fa4-48ef-9394-d36d2d1f5c0e"}}
{"__type":"$$EventMessageConfirm","confirm":"605fdbb6-7a17-4800-86de-186b4409c442","ts":"2026-04-22T22:17:51.033-04:00","source":{"id":"0","name":"eventBus"}}
{"__type":"$$EventMessageNode","id":"0fc91b16-9920-463e-befc-4f8aa44e67a1","ts":"2026-04-22T22:17:51.037-04:00","eventName":"n8n.node.started","message":"n8n.node.started","payload":{"workflowId":"FK6zS9L1aRBndJ8C","workflowName":"Crises e Alertas","executionId":"273","nodeType":"n8n-nodes-base.rssFeedRead","nodeName":"RSS Read3","nodeId":"2976176f-1874-4872-a000-89eaf975c8be"}}
{"__type":"$$EventMessageConfirm","confirm":"0fc91b16-9920-463e-befc-4f8aa44e67a1","ts":"2026-04-22T22:17:51.037-04:00","source":{"id":"0","name":"eventBus"}}
{"__type":"$$EventMessageNode","id":"04e51940-610e-4ace-a7e5-265b7e2d3f77","ts":"2026-04-22T22:17:51.945-04:00","eventName":"n8n.node.finished","message":"n8n.node.finished","payload":{"workflowId":"FK6zS9L1aRBndJ8C","workflowName":"Crises e Alertas","executionId":"273","nodeType":"n8n-nodes-base.rssFeedRead","nodeName":"RSS Read3","nodeId":"2976176f-1874-4872-a000-89eaf975c8be"}}
{"__type":"$$EventMessageConfirm","confirm":"04e51940-610e-4ace-a7e5-265b7e2d3f77","ts":"2026-04-22T22:17:51.945-04:00","source":{"id":"0","name":"eventBus"}}
{"__type":"$$EventMessageNode","id":"aa6e67a0-a9d3-41b8-9947-0f3014012bae","ts":"2026-04-22T22:17:51.948-04:00","eventName":"n8n.node.started","message":"n8n.node.started","payload":{"workflowId":"FK6zS9L1aRBndJ8C","workflowName":"Crises e Alertas","executionId":"273","nodeType":"n8n-nodes-base.merge","nodeName":"Merge","nodeId":"b4c28652-ddb0-4113-9396-1af641e121bd"}}
{"__type":"$$EventMessageConfirm","confirm":"aa6e67a0-a9d3-41b8-9947-0f3014012bae","ts":"2026-04-22T22:17:51.949-04:00","source":{"id":"0","name":"eventBus"}}
{"__type":"$$EventMessageNode","id":"3c459755-aa5e-40f7-8b1f-e74e92049b70","ts":"2026-04-22T22:17:51.950-04:00","eventName":"n8n.node.finished","message":"n8n.node.finished","payload":{"workflowId":"FK6zS9L1aRBndJ8C","workflowName":"Crises e Alertas","executionId":"273","nodeType":"n8n-nodes-base.merge","nodeName":"Merge","nodeId":"b4c28652-ddb0-4113-9396-1af641e121bd"}}
{"__type":"$$EventMessageConfirm","confirm":"3c459755-aa5e-40f7-8b1f-e74e92049b70","ts":"2026-04-22T22:17:51.950-04:00","source":{"id":"0","name":"eventBus"}}
{"__type":"$$EventMessageNode","id":"1d001071-bcb0-4098-baf2-dbdfa16bd9d0","ts":"2026-04-22T22:17:51.957-04:00","eventName":"n8n.node.started","message":"n8n.node.started","payload":{"workflowId":"FK6zS9L1aRBndJ8C","workflowName":"Crises e Alertas","executionId":"273","nodeType":"n8n-nodes-base.code","nodeName":"Code in JavaScript","nodeId":"c3ae173a-eac9-4735-8375-a7c061487cd8"}}
{"__type":"$$EventMessageConfirm","confirm":"1d001071-bcb0-4098-baf2-dbdfa16bd9d0","ts":"2026-04-22T22:17:51.957-04:00","source":{"id":"0","name":"eventBus"}}
{"__type":"$$EventMessageRunner","id":"9e2fc28f-7693-44d1-9c9c-e9026e47e386","ts":"2026-04-22T22:17:51.960-04:00","eventName":"n8n.runner.task.requested","message":"n8n.runner.task.requested","payload":{"taskId":"3d0F3Wqe","nodeId":"c3ae173a-eac9-4735-8375-a7c061487cd8","workflowId":"FK6zS9L1aRBndJ8C","executionId":"273"}}
{"__type":"$$EventMessageConfirm","confirm":"9e2fc28f-7693-44d1-9c9c-e9026e47e386","ts":"2026-04-22T22:17:51.960-04:00","source":{"id":"0","name":"eventBus"}}
{"__type":"$$EventMessageRunner","id":"2f840eb1-05a1-4a5b-8b40-b5ab65a04f7d","ts":"2026-04-22T22:17:52.006-04:00","eventName":"n8n.runner.response.received","message":"n8n.runner.response.received","payload":{"taskId":"3d0F3Wqe","nodeId":"c3ae173a-eac9-4735-8375-a7c061487cd8","workflowId":"FK6zS9L1aRBndJ8C","executionId":"273"}}
{"__type":"$$EventMessageConfirm","confirm":"2f840eb1-05a1-4a5b-8b40-b5ab65a04f7d","ts":"2026-04-22T22:17:52.006-04:00","source":{"id":"0","name":"eventBus"}}
{"__type":"$$EventMessageNode","id":"31b58170-176d-4089-a2f5-79999f064dbb","ts":"2026-04-22T22:17:52.007-04:00","eventName":"n8n.node.finished","message":"n8n.node.finished","payload":{"workflowId":"FK6zS9L1aRBndJ8C","workflowName":"Crises e Alertas","executionId":"273","nodeType":"n8n-nodes-base.code","nodeName":"Code in JavaScript","nodeId":"c3ae173a-eac9-4735-8375-a7c061487cd8"}}
{"__type":"$$EventMessageConfirm","confirm":"31b58170-176d-4089-a2f5-79999f064dbb","ts":"2026-04-22T22:17:52.007-04:00","source":{"id":"0","name":"eventBus"}}
{"__type":"$$EventMessageNode","id":"29e579c1-db54-4bab-b17b-69cac959e66f","ts":"2026-04-22T22:17:52.013-04:00","eventName":"n8n.node.started","message":"n8n.node.started","payload":{"workflowId":"FK6zS9L1aRBndJ8C","workflowName":"Crises e Alertas","executionId":"273","nodeType":"n8n-nodes-base.httpRequest","nodeName":"HTTP Request3","nodeId":"5bd5f1c4-7e6f-42de-a3ab-68d40d3191e2"}}
{"__type":"$$EventMessageConfirm","confirm":"29e579c1-db54-4bab-b17b-69cac959e66f","ts":"2026-04-22T22:17:52.013-04:00","source":{"id":"0","name":"eventBus"}}
{"__type":"$$EventMessageWorkflow","id":"d1b079e7-73aa-4e20-91c8-452aed77d86a","ts":"2026-04-22T22:18:05.226-04:00","eventName":"n8n.workflow.started","message":"n8n.workflow.started","payload":{"executionId":"274","workflowId":"9ayL7gg0AoFzVhdp","isManual":false,"mode":"manual","workflowName":"Newsletter CIGÁS"}}
{"__type":"$$EventMessageConfirm","confirm":"d1b079e7-73aa-4e20-91c8-452aed77d86a","ts":"2026-04-22T22:18:05.226-04:00","source":{"id":"0","name":"eventBus"}}
{"__type":"$$EventMessageAudit","id":"641de441-ce72-42b5-b448-ba3edffbd11d","ts":"2026-04-22T22:18:05.227-04:00","eventName":"n8n.audit.workflow.executed","message":"n8n.audit.workflow.executed","payload":{"userId":"41628218-8c32-441c-975e-c8239073ce1a","_email":"admin@admin.com","_firstName":"Admin","_lastName":"Admin","globalRole":"global:owner","workflowId":"9ayL7gg0AoFzVhdp","workflowName":"Newsletter CIGÁS","executionId":"274","source":"user-manual"}}
{"__type":"$$EventMessageConfirm","confirm":"641de441-ce72-42b5-b448-ba3edffbd11d","ts":"2026-04-22T22:18:05.227-04:00","source":{"id":"0","name":"eventBus"}}
{"__type":"$$EventMessageNode","id":"f2a56e51-9bd0-4b1c-a2ca-e5dff0977978","ts":"2026-04-22T22:18:05.240-04:00","eventName":"n8n.node.started","message":"n8n.node.started","payload":{"workflowId":"9ayL7gg0AoFzVhdp","workflowName":"Newsletter CIGÁS","executionId":"274","nodeType":"n8n-nodes-base.scheduleTrigger","nodeName":"Schedule Trigger","nodeId":"a2f31675-2c30-4493-8ef7-96d7af38db3a"}}
{"__type":"$$EventMessageConfirm","confirm":"f2a56e51-9bd0-4b1c-a2ca-e5dff0977978","ts":"2026-04-22T22:18:05.240-04:00","source":{"id":"0","name":"eventBus"}}
{"__type":"$$EventMessageNode","id":"9d07a2c7-8bd1-4c6b-bc5e-957eef98a220","ts":"2026-04-22T22:18:05.243-04:00","eventName":"n8n.node.finished","message":"n8n.node.finished","payload":{"workflowId":"9ayL7gg0AoFzVhdp","workflowName":"Newsletter CIGÁS","executionId":"274","nodeType":"n8n-nodes-base.scheduleTrigger","nodeName":"Schedule Trigger","nodeId":"a2f31675-2c30-4493-8ef7-96d7af38db3a"}}
{"__type":"$$EventMessageConfirm","confirm":"9d07a2c7-8bd1-4c6b-bc5e-957eef98a220","ts":"2026-04-22T22:18:05.243-04:00","source":{"id":"0","name":"eventBus"}}
{"__type":"$$EventMessageNode","id":"a3d3242a-90df-4adb-a768-7d2ebbb12a91","ts":"2026-04-22T22:18:05.244-04:00","eventName":"n8n.node.started","message":"n8n.node.started","payload":{"workflowId":"9ayL7gg0AoFzVhdp","workflowName":"Newsletter CIGÁS","executionId":"274","nodeType":"n8n-nodes-base.httpRequest","nodeName":"HTTP Request","nodeId":"0341993e-efda-4c92-b6d8-58255c8ea6e2"}}
{"__type":"$$EventMessageConfirm","confirm":"a3d3242a-90df-4adb-a768-7d2ebbb12a91","ts":"2026-04-22T22:18:05.244-04:00","source":{"id":"0","name":"eventBus"}}
{"__type":"$$EventMessageNode","id":"d570e256-1c4e-4bbf-ae07-b4de9a7af74a","ts":"2026-04-22T22:18:05.251-04:00","eventName":"n8n.node.finished","message":"n8n.node.finished","payload":{"workflowId":"9ayL7gg0AoFzVhdp","workflowName":"Newsletter CIGÁS","executionId":"274","nodeType":"n8n-nodes-base.httpRequest","nodeName":"HTTP Request","nodeId":"0341993e-efda-4c92-b6d8-58255c8ea6e2"}}
{"__type":"$$EventMessageConfirm","confirm":"d570e256-1c4e-4bbf-ae07-b4de9a7af74a","ts":"2026-04-22T22:18:05.252-04:00","source":{"id":"0","name":"eventBus"}}
{"__type":"$$EventMessageWorkflow","id":"00bfc9a1-4250-4d82-b0ea-3bdde32bf4c7","ts":"2026-04-22T22:18:05.256-04:00","eventName":"n8n.workflow.failed","message":"n8n.workflow.failed","payload":{"userId":"41628218-8c32-441c-975e-c8239073ce1a","executionId":"274","success":false,"isManual":true,"mode":"manual","workflowId":"9ayL7gg0AoFzVhdp","workflowName":"Newsletter CIGÁS","lastNodeExecuted":"HTTP Request","errorNodeType":"n8n-nodes-base.httpRequest","errorMessage":"The service refused the connection - perhaps it is offline"}}
{"__type":"$$EventMessageConfirm","confirm":"00bfc9a1-4250-4d82-b0ea-3bdde32bf4c7","ts":"2026-04-22T22:18:05.256-04:00","source":{"id":"0","name":"eventBus"}}
{"__type":"$$EventMessageWorkflow","id":"48780df4-cde4-419f-950b-2acecef64c30","ts":"2026-04-22T22:18:33.246-04:00","eventName":"n8n.workflow.started","message":"n8n.workflow.started","payload":{"executionId":"275","workflowId":"FK6zS9L1aRBndJ8C","isManual":false,"mode":"manual","workflowName":"Crises e Alertas"}}
{"__type":"$$EventMessageConfirm","confirm":"48780df4-cde4-419f-950b-2acecef64c30","ts":"2026-04-22T22:18:33.246-04:00","source":{"id":"0","name":"eventBus"}}
{"__type":"$$EventMessageAudit","id":"1385a7b0-6f44-4826-a355-a3193b6bd7bb","ts":"2026-04-22T22:18:33.247-04:00","eventName":"n8n.audit.workflow.executed","message":"n8n.audit.workflow.executed","payload":{"userId":"41628218-8c32-441c-975e-c8239073ce1a","_email":"admin@admin.com","_firstName":"Admin","_lastName":"Admin","globalRole":"global:owner","workflowId":"FK6zS9L1aRBndJ8C","workflowName":"Crises e Alertas","executionId":"275","source":"user-manual"}}
{"__type":"$$EventMessageConfirm","confirm":"1385a7b0-6f44-4826-a355-a3193b6bd7bb","ts":"2026-04-22T22:18:33.247-04:00","source":{"id":"0","name":"eventBus"}}
{"__type":"$$EventMessageNode","id":"6286cf19-184f-41e8-a883-1a1108da23fa","ts":"2026-04-22T22:18:33.261-04:00","eventName":"n8n.node.started","message":"n8n.node.started","payload":{"workflowId":"FK6zS9L1aRBndJ8C","workflowName":"Crises e Alertas","executionId":"275","nodeType":"n8n-nodes-base.scheduleTrigger","nodeName":"Schedule Trigger","nodeId":"a239ccd6-bbed-4ed8-a416-e0da4c9b6a78"}}
{"__type":"$$EventMessageConfirm","confirm":"6286cf19-184f-41e8-a883-1a1108da23fa","ts":"2026-04-22T22:18:33.261-04:00","source":{"id":"0","name":"eventBus"}}
{"__type":"$$EventMessageNode","id":"e4ff37d6-7462-49f6-b339-097e5e124883","ts":"2026-04-22T22:18:33.263-04:00","eventName":"n8n.node.finished","message":"n8n.node.finished","payload":{"workflowId":"FK6zS9L1aRBndJ8C","workflowName":"Crises e Alertas","executionId":"275","nodeType":"n8n-nodes-base.scheduleTrigger","nodeName":"Schedule Trigger","nodeId":"a239ccd6-bbed-4ed8-a416-e0da4c9b6a78"}}
{"__type":"$$EventMessageConfirm","confirm":"e4ff37d6-7462-49f6-b339-097e5e124883","ts":"2026-04-22T22:18:33.263-04:00","source":{"id":"0","name":"eventBus"}}
{"__type":"$$EventMessageNode","id":"f02da1f9-0951-49ad-a1f4-078fb567bb80","ts":"2026-04-22T22:18:33.263-04:00","eventName":"n8n.node.started","message":"n8n.node.started","payload":{"workflowId":"FK6zS9L1aRBndJ8C","workflowName":"Crises e Alertas","executionId":"275","nodeType":"n8n-nodes-base.rssFeedRead","nodeName":"RSS Read5","nodeId":"309e5ca9-bbc3-4ee3-b0c7-ca8bbea7805f"}}
{"__type":"$$EventMessageConfirm","confirm":"f02da1f9-0951-49ad-a1f4-078fb567bb80","ts":"2026-04-22T22:18:33.263-04:00","source":{"id":"0","name":"eventBus"}}
{"__type":"$$EventMessageNode","id":"b117a033-91ad-40e9-9a3f-a3f7cb6b2638","ts":"2026-04-22T22:18:33.653-04:00","eventName":"n8n.node.finished","message":"n8n.node.finished","payload":{"workflowId":"FK6zS9L1aRBndJ8C","workflowName":"Crises e Alertas","executionId":"275","nodeType":"n8n-nodes-base.rssFeedRead","nodeName":"RSS Read5","nodeId":"309e5ca9-bbc3-4ee3-b0c7-ca8bbea7805f"}}
{"__type":"$$EventMessageConfirm","confirm":"b117a033-91ad-40e9-9a3f-a3f7cb6b2638","ts":"2026-04-22T22:18:33.653-04:00","source":{"id":"0","name":"eventBus"}}
{"__type":"$$EventMessageNode","id":"73bcaa90-2419-42ac-b13d-6254c72fc984","ts":"2026-04-22T22:18:33.655-04:00","eventName":"n8n.node.started","message":"n8n.node.started","payload":{"workflowId":"FK6zS9L1aRBndJ8C","workflowName":"Crises e Alertas","executionId":"275","nodeType":"n8n-nodes-base.rssFeedRead","nodeName":"RSS Read4","nodeId":"3dcce369-8fa4-48ef-9394-d36d2d1f5c0e"}}
{"__type":"$$EventMessageConfirm","confirm":"73bcaa90-2419-42ac-b13d-6254c72fc984","ts":"2026-04-22T22:18:33.655-04:00","source":{"id":"0","name":"eventBus"}}
{"__type":"$$EventMessageNode","id":"13293208-e400-44ae-8c06-1d2414d18d3d","ts":"2026-04-22T22:18:33.976-04:00","eventName":"n8n.node.finished","message":"n8n.node.finished","payload":{"workflowId":"FK6zS9L1aRBndJ8C","workflowName":"Crises e Alertas","executionId":"275","nodeType":"n8n-nodes-base.rssFeedRead","nodeName":"RSS Read4","nodeId":"3dcce369-8fa4-48ef-9394-d36d2d1f5c0e"}}
{"__type":"$$EventMessageConfirm","confirm":"13293208-e400-44ae-8c06-1d2414d18d3d","ts":"2026-04-22T22:18:33.976-04:00","source":{"id":"0","name":"eventBus"}}
{"__type":"$$EventMessageNode","id":"967b7101-a665-4956-9a94-8a62735fdc56","ts":"2026-04-22T22:18:33.980-04:00","eventName":"n8n.node.started","message":"n8n.node.started","payload":{"workflowId":"FK6zS9L1aRBndJ8C","workflowName":"Crises e Alertas","executionId":"275","nodeType":"n8n-nodes-base.rssFeedRead","nodeName":"RSS Read3","nodeId":"2976176f-1874-4872-a000-89eaf975c8be"}}
{"__type":"$$EventMessageConfirm","confirm":"967b7101-a665-4956-9a94-8a62735fdc56","ts":"2026-04-22T22:18:33.980-04:00","source":{"id":"0","name":"eventBus"}}
{"__type":"$$EventMessageNode","id":"b343d944-9299-4d3b-988c-731cb2baf9ff","ts":"2026-04-22T22:18:34.295-04:00","eventName":"n8n.node.finished","message":"n8n.node.finished","payload":{"workflowId":"FK6zS9L1aRBndJ8C","workflowName":"Crises e Alertas","executionId":"275","nodeType":"n8n-nodes-base.rssFeedRead","nodeName":"RSS Read3","nodeId":"2976176f-1874-4872-a000-89eaf975c8be"}}
{"__type":"$$EventMessageConfirm","confirm":"b343d944-9299-4d3b-988c-731cb2baf9ff","ts":"2026-04-22T22:18:34.295-04:00","source":{"id":"0","name":"eventBus"}}
{"__type":"$$EventMessageNode","id":"08ec7ac1-54f7-4e0d-8628-34ac0d211ca0","ts":"2026-04-22T22:18:34.299-04:00","eventName":"n8n.node.started","message":"n8n.node.started","payload":{"workflowId":"FK6zS9L1aRBndJ8C","workflowName":"Crises e Alertas","executionId":"275","nodeType":"n8n-nodes-base.merge","nodeName":"Merge","nodeId":"b4c28652-ddb0-4113-9396-1af641e121bd"}}
{"__type":"$$EventMessageConfirm","confirm":"08ec7ac1-54f7-4e0d-8628-34ac0d211ca0","ts":"2026-04-22T22:18:34.299-04:00","source":{"id":"0","name":"eventBus"}}
{"__type":"$$EventMessageNode","id":"c970e759-3972-424d-9b21-a6acdabc2033","ts":"2026-04-22T22:18:34.301-04:00","eventName":"n8n.node.finished","message":"n8n.node.finished","payload":{"workflowId":"FK6zS9L1aRBndJ8C","workflowName":"Crises e Alertas","executionId":"275","nodeType":"n8n-nodes-base.merge","nodeName":"Merge","nodeId":"b4c28652-ddb0-4113-9396-1af641e121bd"}}
{"__type":"$$EventMessageConfirm","confirm":"c970e759-3972-424d-9b21-a6acdabc2033","ts":"2026-04-22T22:18:34.301-04:00","source":{"id":"0","name":"eventBus"}}
{"__type":"$$EventMessageNode","id":"1bfc2b88-fb13-47f1-89d6-bf31314ba263","ts":"2026-04-22T22:18:34.309-04:00","eventName":"n8n.node.started","message":"n8n.node.started","payload":{"workflowId":"FK6zS9L1aRBndJ8C","workflowName":"Crises e Alertas","executionId":"275","nodeType":"n8n-nodes-base.code","nodeName":"Code in JavaScript","nodeId":"c3ae173a-eac9-4735-8375-a7c061487cd8"}}
{"__type":"$$EventMessageConfirm","confirm":"1bfc2b88-fb13-47f1-89d6-bf31314ba263","ts":"2026-04-22T22:18:34.309-04:00","source":{"id":"0","name":"eventBus"}}
{"__type":"$$EventMessageRunner","id":"1a3d61ea-13b0-44cc-84c3-3040ab90884c","ts":"2026-04-22T22:18:34.312-04:00","eventName":"n8n.runner.task.requested","message":"n8n.runner.task.requested","payload":{"taskId":"5xlcX-FE","nodeId":"c3ae173a-eac9-4735-8375-a7c061487cd8","workflowId":"FK6zS9L1aRBndJ8C","executionId":"275"}}
{"__type":"$$EventMessageConfirm","confirm":"1a3d61ea-13b0-44cc-84c3-3040ab90884c","ts":"2026-04-22T22:18:34.312-04:00","source":{"id":"0","name":"eventBus"}}
{"__type":"$$EventMessageRunner","id":"3af361b0-a48c-4517-a760-ec5b7b090ff5","ts":"2026-04-22T22:18:34.368-04:00","eventName":"n8n.runner.response.received","message":"n8n.runner.response.received","payload":{"taskId":"5xlcX-FE","nodeId":"c3ae173a-eac9-4735-8375-a7c061487cd8","workflowId":"FK6zS9L1aRBndJ8C","executionId":"275"}}
{"__type":"$$EventMessageConfirm","confirm":"3af361b0-a48c-4517-a760-ec5b7b090ff5","ts":"2026-04-22T22:18:34.368-04:00","source":{"id":"0","name":"eventBus"}}
{"__type":"$$EventMessageNode","id":"34a81011-9865-48f6-9c5b-7c3798af499d","ts":"2026-04-22T22:18:34.368-04:00","eventName":"n8n.node.finished","message":"n8n.node.finished","payload":{"workflowId":"FK6zS9L1aRBndJ8C","workflowName":"Crises e Alertas","executionId":"275","nodeType":"n8n-nodes-base.code","nodeName":"Code in JavaScript","nodeId":"c3ae173a-eac9-4735-8375-a7c061487cd8"}}
{"__type":"$$EventMessageConfirm","confirm":"34a81011-9865-48f6-9c5b-7c3798af499d","ts":"2026-04-22T22:18:34.369-04:00","source":{"id":"0","name":"eventBus"}}
{"__type":"$$EventMessageNode","id":"6134736f-4a44-49c9-b5f0-ba932479be17","ts":"2026-04-22T22:18:34.377-04:00","eventName":"n8n.node.started","message":"n8n.node.started","payload":{"workflowId":"FK6zS9L1aRBndJ8C","workflowName":"Crises e Alertas","executionId":"275","nodeType":"n8n-nodes-base.httpRequest","nodeName":"HTTP Request3","nodeId":"5bd5f1c4-7e6f-42de-a3ab-68d40d3191e2"}}
{"__type":"$$EventMessageConfirm","confirm":"6134736f-4a44-49c9-b5f0-ba932479be17","ts":"2026-04-22T22:18:34.377-04:00","source":{"id":"0","name":"eventBus"}}
{"__type":"$$EventMessageNode","id":"76d1d988-5345-4273-aa42-0240d2ff1552","ts":"2026-04-22T22:18:40.633-04:00","eventName":"n8n.node.finished","message":"n8n.node.finished","payload":{"workflowId":"FK6zS9L1aRBndJ8C","workflowName":"Crises e Alertas","executionId":"273","nodeType":"n8n-nodes-base.httpRequest","nodeName":"HTTP Request3","nodeId":"5bd5f1c4-7e6f-42de-a3ab-68d40d3191e2"}}
{"__type":"$$EventMessageConfirm","confirm":"76d1d988-5345-4273-aa42-0240d2ff1552","ts":"2026-04-22T22:18:40.633-04:00","source":{"id":"0","name":"eventBus"}}
{"__type":"$$EventMessageWorkflow","id":"54eae4f1-964d-4860-9273-7aac33a4cdff","ts":"2026-04-22T22:18:40.636-04:00","eventName":"n8n.workflow.failed","message":"n8n.workflow.failed","payload":{"userId":"41628218-8c32-441c-975e-c8239073ce1a","executionId":"273","success":false,"isManual":true,"mode":"manual","workflowId":"FK6zS9L1aRBndJ8C","workflowName":"Crises e Alertas","lastNodeExecuted":"HTTP Request3","errorNodeType":"n8n-nodes-base.httpRequest","errorMessage":"The service refused the connection - perhaps it is offline"}}
{"__type":"$$EventMessageConfirm","confirm":"54eae4f1-964d-4860-9273-7aac33a4cdff","ts":"2026-04-22T22:18:40.636-04:00","source":{"id":"0","name":"eventBus"}}
{"__type":"$$EventMessageNode","id":"99c3e107-709c-4593-82e6-8b999b65d703","ts":"2026-04-22T22:19:22.896-04:00","eventName":"n8n.node.finished","message":"n8n.node.finished","payload":{"workflowId":"FK6zS9L1aRBndJ8C","workflowName":"Crises e Alertas","executionId":"275","nodeType":"n8n-nodes-base.httpRequest","nodeName":"HTTP Request3","nodeId":"5bd5f1c4-7e6f-42de-a3ab-68d40d3191e2"}}
{"__type":"$$EventMessageConfirm","confirm":"99c3e107-709c-4593-82e6-8b999b65d703","ts":"2026-04-22T22:19:22.896-04:00","source":{"id":"0","name":"eventBus"}}
{"__type":"$$EventMessageWorkflow","id":"67efd890-0653-4572-a5cc-6c54534acad9","ts":"2026-04-22T22:19:22.899-04:00","eventName":"n8n.workflow.failed","message":"n8n.workflow.failed","payload":{"userId":"41628218-8c32-441c-975e-c8239073ce1a","executionId":"275","success":false,"isManual":true,"mode":"manual","workflowId":"FK6zS9L1aRBndJ8C","workflowName":"Crises e Alertas","lastNodeExecuted":"HTTP Request3","errorNodeType":"n8n-nodes-base.httpRequest","errorMessage":"The service refused the connection - perhaps it is offline"}}
{"__type":"$$EventMessageConfirm","confirm":"67efd890-0653-4572-a5cc-6c54534acad9","ts":"2026-04-22T22:19:22.899-04:00","source":{"id":"0","name":"eventBus"}}
{"__type":"$$EventMessageWorkflow","id":"7edf4293-d65c-487d-910f-5c82370b0bf0","ts":"2026-04-22T22:20:29.028-04:00","eventName":"n8n.workflow.started","message":"n8n.workflow.started","payload":{"executionId":"276","workflowId":"FK6zS9L1aRBndJ8C","isManual":false,"mode":"trigger","workflowName":"Crises e Alertas"}}
{"__type":"$$EventMessageConfirm","confirm":"7edf4293-d65c-487d-910f-5c82370b0bf0","ts":"2026-04-22T22:20:29.028-04:00","source":{"id":"0","name":"eventBus"}}
{"__type":"$$EventMessageAudit","id":"6c579b7a-cd3a-4ffd-883a-c2c4364850e8","ts":"2026-04-22T22:20:29.028-04:00","eventName":"n8n.audit.workflow.executed","message":"n8n.audit.workflow.executed","payload":{"workflowId":"FK6zS9L1aRBndJ8C","workflowName":"Crises e Alertas","executionId":"276","source":"trigger"}}
{"__type":"$$EventMessageConfirm","confirm":"6c579b7a-cd3a-4ffd-883a-c2c4364850e8","ts":"2026-04-22T22:20:29.028-04:00","source":{"id":"0","name":"eventBus"}}
{"__type":"$$EventMessageNode","id":"e2c362a1-f2af-4cbe-9444-92267e667b50","ts":"2026-04-22T22:20:29.028-04:00","eventName":"n8n.node.started","message":"n8n.node.started","payload":{"workflowId":"FK6zS9L1aRBndJ8C","workflowName":"Crises e Alertas","executionId":"276","nodeType":"n8n-nodes-base.scheduleTrigger","nodeName":"Schedule Trigger","nodeId":"a239ccd6-bbed-4ed8-a416-e0da4c9b6a78"}}
{"__type":"$$EventMessageConfirm","confirm":"e2c362a1-f2af-4cbe-9444-92267e667b50","ts":"2026-04-22T22:20:29.028-04:00","source":{"id":"0","name":"eventBus"}}
{"__type":"$$EventMessageNode","id":"f24eddc1-a0a7-4ebc-b888-d0fd1346a254","ts":"2026-04-22T22:20:29.029-04:00","eventName":"n8n.node.finished","message":"n8n.node.finished","payload":{"workflowId":"FK6zS9L1aRBndJ8C","workflowName":"Crises e Alertas","executionId":"276","nodeType":"n8n-nodes-base.scheduleTrigger","nodeName":"Schedule Trigger","nodeId":"a239ccd6-bbed-4ed8-a416-e0da4c9b6a78"}}
{"__type":"$$EventMessageConfirm","confirm":"f24eddc1-a0a7-4ebc-b888-d0fd1346a254","ts":"2026-04-22T22:20:29.029-04:00","source":{"id":"0","name":"eventBus"}}
{"__type":"$$EventMessageNode","id":"f0826288-023d-4800-866d-52f182f31f34","ts":"2026-04-22T22:20:29.029-04:00","eventName":"n8n.node.started","message":"n8n.node.started","payload":{"workflowId":"FK6zS9L1aRBndJ8C","workflowName":"Crises e Alertas","executionId":"276","nodeType":"n8n-nodes-base.rssFeedRead","nodeName":"RSS Read5","nodeId":"309e5ca9-bbc3-4ee3-b0c7-ca8bbea7805f"}}
{"__type":"$$EventMessageConfirm","confirm":"f0826288-023d-4800-866d-52f182f31f34","ts":"2026-04-22T22:20:29.029-04:00","source":{"id":"0","name":"eventBus"}}
{"__type":"$$EventMessageNode","id":"99654029-571f-4227-b25d-6fed76da2e81","ts":"2026-04-22T22:20:29.967-04:00","eventName":"n8n.node.finished","message":"n8n.node.finished","payload":{"workflowId":"FK6zS9L1aRBndJ8C","workflowName":"Crises e Alertas","executionId":"276","nodeType":"n8n-nodes-base.rssFeedRead","nodeName":"RSS Read5","nodeId":"309e5ca9-bbc3-4ee3-b0c7-ca8bbea7805f"}}
{"__type":"$$EventMessageConfirm","confirm":"99654029-571f-4227-b25d-6fed76da2e81","ts":"2026-04-22T22:20:29.967-04:00","source":{"id":"0","name":"eventBus"}}
{"__type":"$$EventMessageNode","id":"99b5e5c1-4c3f-4e94-b185-2352631bc7df","ts":"2026-04-22T22:20:29.967-04:00","eventName":"n8n.node.started","message":"n8n.node.started","payload":{"workflowId":"FK6zS9L1aRBndJ8C","workflowName":"Crises e Alertas","executionId":"276","nodeType":"n8n-nodes-base.rssFeedRead","nodeName":"RSS Read4","nodeId":"3dcce369-8fa4-48ef-9394-d36d2d1f5c0e"}}
{"__type":"$$EventMessageConfirm","confirm":"99b5e5c1-4c3f-4e94-b185-2352631bc7df","ts":"2026-04-22T22:20:29.967-04:00","source":{"id":"0","name":"eventBus"}}
{"__type":"$$EventMessageNode","id":"3e513f2e-9231-439e-9456-dded022efdf2","ts":"2026-04-22T22:20:30.879-04:00","eventName":"n8n.node.finished","message":"n8n.node.finished","payload":{"workflowId":"FK6zS9L1aRBndJ8C","workflowName":"Crises e Alertas","executionId":"276","nodeType":"n8n-nodes-base.rssFeedRead","nodeName":"RSS Read4","nodeId":"3dcce369-8fa4-48ef-9394-d36d2d1f5c0e"}}
{"__type":"$$EventMessageConfirm","confirm":"3e513f2e-9231-439e-9456-dded022efdf2","ts":"2026-04-22T22:20:30.879-04:00","source":{"id":"0","name":"eventBus"}}
{"__type":"$$EventMessageNode","id":"61a12995-419a-4fe2-a629-f473b0f7d46b","ts":"2026-04-22T22:20:30.879-04:00","eventName":"n8n.node.started","message":"n8n.node.started","payload":{"workflowId":"FK6zS9L1aRBndJ8C","workflowName":"Crises e Alertas","executionId":"276","nodeType":"n8n-nodes-base.rssFeedRead","nodeName":"RSS Read3","nodeId":"2976176f-1874-4872-a000-89eaf975c8be"}}
{"__type":"$$EventMessageConfirm","confirm":"61a12995-419a-4fe2-a629-f473b0f7d46b","ts":"2026-04-22T22:20:30.879-04:00","source":{"id":"0","name":"eventBus"}}
{"__type":"$$EventMessageNode","id":"041dea27-2878-4e1d-9d1d-a464daea8573","ts":"2026-04-22T22:20:31.534-04:00","eventName":"n8n.node.finished","message":"n8n.node.finished","payload":{"workflowId":"FK6zS9L1aRBndJ8C","workflowName":"Crises e Alertas","executionId":"276","nodeType":"n8n-nodes-base.rssFeedRead","nodeName":"RSS Read3","nodeId":"2976176f-1874-4872-a000-89eaf975c8be"}}
{"__type":"$$EventMessageConfirm","confirm":"041dea27-2878-4e1d-9d1d-a464daea8573","ts":"2026-04-22T22:20:31.534-04:00","source":{"id":"0","name":"eventBus"}}
{"__type":"$$EventMessageNode","id":"e8e6d95c-fa74-47f4-909b-3bf03242cccb","ts":"2026-04-22T22:20:31.534-04:00","eventName":"n8n.node.started","message":"n8n.node.started","payload":{"workflowId":"FK6zS9L1aRBndJ8C","workflowName":"Crises e Alertas","executionId":"276","nodeType":"n8n-nodes-base.merge","nodeName":"Merge","nodeId":"b4c28652-ddb0-4113-9396-1af641e121bd"}}
{"__type":"$$EventMessageConfirm","confirm":"e8e6d95c-fa74-47f4-909b-3bf03242cccb","ts":"2026-04-22T22:20:31.534-04:00","source":{"id":"0","name":"eventBus"}}
{"__type":"$$EventMessageNode","id":"1ec26eab-7f8a-4d47-a1f5-2b035c7a35de","ts":"2026-04-22T22:20:31.536-04:00","eventName":"n8n.node.finished","message":"n8n.node.finished","payload":{"workflowId":"FK6zS9L1aRBndJ8C","workflowName":"Crises e Alertas","executionId":"276","nodeType":"n8n-nodes-base.merge","nodeName":"Merge","nodeId":"b4c28652-ddb0-4113-9396-1af641e121bd"}}
{"__type":"$$EventMessageConfirm","confirm":"1ec26eab-7f8a-4d47-a1f5-2b035c7a35de","ts":"2026-04-22T22:20:31.536-04:00","source":{"id":"0","name":"eventBus"}}
{"__type":"$$EventMessageNode","id":"b5eeb44e-32d0-41a8-bde7-11232de483e6","ts":"2026-04-22T22:20:31.536-04:00","eventName":"n8n.node.started","message":"n8n.node.started","payload":{"workflowId":"FK6zS9L1aRBndJ8C","workflowName":"Crises e Alertas","executionId":"276","nodeType":"n8n-nodes-base.code","nodeName":"Code in JavaScript","nodeId":"c3ae173a-eac9-4735-8375-a7c061487cd8"}}
{"__type":"$$EventMessageConfirm","confirm":"b5eeb44e-32d0-41a8-bde7-11232de483e6","ts":"2026-04-22T22:20:31.536-04:00","source":{"id":"0","name":"eventBus"}}
{"__type":"$$EventMessageRunner","id":"4c620711-5605-4d4d-a3c9-fc372a660929","ts":"2026-04-22T22:20:31.537-04:00","eventName":"n8n.runner.task.requested","message":"n8n.runner.task.requested","payload":{"taskId":"kpEhSCA7","nodeId":"c3ae173a-eac9-4735-8375-a7c061487cd8","workflowId":"FK6zS9L1aRBndJ8C","executionId":"276"}}
{"__type":"$$EventMessageConfirm","confirm":"4c620711-5605-4d4d-a3c9-fc372a660929","ts":"2026-04-22T22:20:31.537-04:00","source":{"id":"0","name":"eventBus"}}
{"__type":"$$EventMessageRunner","id":"138aca9c-4100-4dad-a0f3-e9ec07c9ed81","ts":"2026-04-22T22:20:31.573-04:00","eventName":"n8n.runner.response.received","message":"n8n.runner.response.received","payload":{"taskId":"kpEhSCA7","nodeId":"c3ae173a-eac9-4735-8375-a7c061487cd8","workflowId":"FK6zS9L1aRBndJ8C","executionId":"276"}}
{"__type":"$$EventMessageConfirm","confirm":"138aca9c-4100-4dad-a0f3-e9ec07c9ed81","ts":"2026-04-22T22:20:31.573-04:00","source":{"id":"0","name":"eventBus"}}
{"__type":"$$EventMessageNode","id":"a8776dea-c1be-4818-94ab-93157a5d00f3","ts":"2026-04-22T22:20:31.574-04:00","eventName":"n8n.node.finished","message":"n8n.node.finished","payload":{"workflowId":"FK6zS9L1aRBndJ8C","workflowName":"Crises e Alertas","executionId":"276","nodeType":"n8n-nodes-base.code","nodeName":"Code in JavaScript","nodeId":"c3ae173a-eac9-4735-8375-a7c061487cd8"}}
{"__type":"$$EventMessageConfirm","confirm":"a8776dea-c1be-4818-94ab-93157a5d00f3","ts":"2026-04-22T22:20:31.574-04:00","source":{"id":"0","name":"eventBus"}}
{"__type":"$$EventMessageNode","id":"b7c72814-df9c-4949-b73e-1fe11e3b542d","ts":"2026-04-22T22:20:31.574-04:00","eventName":"n8n.node.started","message":"n8n.node.started","payload":{"workflowId":"FK6zS9L1aRBndJ8C","workflowName":"Crises e Alertas","executionId":"276","nodeType":"n8n-nodes-base.httpRequest","nodeName":"HTTP Request3","nodeId":"5bd5f1c4-7e6f-42de-a3ab-68d40d3191e2"}}
{"__type":"$$EventMessageConfirm","confirm":"b7c72814-df9c-4949-b73e-1fe11e3b542d","ts":"2026-04-22T22:20:31.574-04:00","source":{"id":"0","name":"eventBus"}}
{"__type":"$$EventMessageNode","id":"59dbfcd1-0533-4b1b-93c3-ac9809f26603","ts":"2026-04-22T22:21:20.117-04:00","eventName":"n8n.node.finished","message":"n8n.node.finished","payload":{"workflowId":"FK6zS9L1aRBndJ8C","workflowName":"Crises e Alertas","executionId":"276","nodeType":"n8n-nodes-base.httpRequest","nodeName":"HTTP Request3","nodeId":"5bd5f1c4-7e6f-42de-a3ab-68d40d3191e2"}}
{"__type":"$$EventMessageConfirm","confirm":"59dbfcd1-0533-4b1b-93c3-ac9809f26603","ts":"2026-04-22T22:21:20.117-04:00","source":{"id":"0","name":"eventBus"}}
{"__type":"$$EventMessageWorkflow","id":"612cbc25-8dda-4f24-8141-980a925e3b30","ts":"2026-04-22T22:21:20.117-04:00","eventName":"n8n.workflow.failed","message":"n8n.workflow.failed","payload":{"executionId":"276","success":false,"isManual":false,"mode":"trigger","workflowId":"FK6zS9L1aRBndJ8C","workflowName":"Crises e Alertas","lastNodeExecuted":"HTTP Request3","errorNodeType":"n8n-nodes-base.httpRequest","errorMessage":"The service refused the connection - perhaps it is offline"}}
{"__type":"$$EventMessageConfirm","confirm":"612cbc25-8dda-4f24-8141-980a925e3b30","ts":"2026-04-22T22:21:20.117-04:00","source":{"id":"0","name":"eventBus"}}
{"__type":"$$EventMessageWorkflow","id":"9d8e3c39-f427-4b00-8af0-3e3924b8963f","ts":"2026-04-22T22:25:29.036-04:00","eventName":"n8n.workflow.started","message":"n8n.workflow.started","payload":{"executionId":"277","workflowId":"FK6zS9L1aRBndJ8C","isManual":false,"mode":"trigger","workflowName":"Crises e Alertas"}}
{"__type":"$$EventMessageConfirm","confirm":"9d8e3c39-f427-4b00-8af0-3e3924b8963f","ts":"2026-04-22T22:25:29.036-04:00","source":{"id":"0","name":"eventBus"}}
{"__type":"$$EventMessageAudit","id":"6b5b65c2-2dc3-469c-b435-b3deb7a28c4a","ts":"2026-04-22T22:25:29.036-04:00","eventName":"n8n.audit.workflow.executed","message":"n8n.audit.workflow.executed","payload":{"workflowId":"FK6zS9L1aRBndJ8C","workflowName":"Crises e Alertas","executionId":"277","source":"trigger"}}
{"__type":"$$EventMessageConfirm","confirm":"6b5b65c2-2dc3-469c-b435-b3deb7a28c4a","ts":"2026-04-22T22:25:29.036-04:00","source":{"id":"0","name":"eventBus"}}
{"__type":"$$EventMessageNode","id":"50781f24-617d-475e-943e-b9daf795a7e5","ts":"2026-04-22T22:25:29.036-04:00","eventName":"n8n.node.started","message":"n8n.node.started","payload":{"workflowId":"FK6zS9L1aRBndJ8C","workflowName":"Crises e Alertas","executionId":"277","nodeType":"n8n-nodes-base.scheduleTrigger","nodeName":"Schedule Trigger","nodeId":"a239ccd6-bbed-4ed8-a416-e0da4c9b6a78"}}
{"__type":"$$EventMessageConfirm","confirm":"50781f24-617d-475e-943e-b9daf795a7e5","ts":"2026-04-22T22:25:29.036-04:00","source":{"id":"0","name":"eventBus"}}
{"__type":"$$EventMessageNode","id":"7c133325-ad69-4423-95e4-b8055c4624ce","ts":"2026-04-22T22:25:29.037-04:00","eventName":"n8n.node.finished","message":"n8n.node.finished","payload":{"workflowId":"FK6zS9L1aRBndJ8C","workflowName":"Crises e Alertas","executionId":"277","nodeType":"n8n-nodes-base.scheduleTrigger","nodeName":"Schedule Trigger","nodeId":"a239ccd6-bbed-4ed8-a416-e0da4c9b6a78"}}
{"__type":"$$EventMessageConfirm","confirm":"7c133325-ad69-4423-95e4-b8055c4624ce","ts":"2026-04-22T22:25:29.037-04:00","source":{"id":"0","name":"eventBus"}}
{"__type":"$$EventMessageNode","id":"99ebe052-3921-4a95-8215-a717f930c31c","ts":"2026-04-22T22:25:29.037-04:00","eventName":"n8n.node.started","message":"n8n.node.started","payload":{"workflowId":"FK6zS9L1aRBndJ8C","workflowName":"Crises e Alertas","executionId":"277","nodeType":"n8n-nodes-base.rssFeedRead","nodeName":"RSS Read5","nodeId":"309e5ca9-bbc3-4ee3-b0c7-ca8bbea7805f"}}
{"__type":"$$EventMessageConfirm","confirm":"99ebe052-3921-4a95-8215-a717f930c31c","ts":"2026-04-22T22:25:29.037-04:00","source":{"id":"0","name":"eventBus"}}
{"__type":"$$EventMessageNode","id":"2a5ad3d2-82b1-4834-81b2-1c5442fb3933","ts":"2026-04-22T22:25:30.050-04:00","eventName":"n8n.node.finished","message":"n8n.node.finished","payload":{"workflowId":"FK6zS9L1aRBndJ8C","workflowName":"Crises e Alertas","executionId":"277","nodeType":"n8n-nodes-base.rssFeedRead","nodeName":"RSS Read5","nodeId":"309e5ca9-bbc3-4ee3-b0c7-ca8bbea7805f"}}
{"__type":"$$EventMessageConfirm","confirm":"2a5ad3d2-82b1-4834-81b2-1c5442fb3933","ts":"2026-04-22T22:25:30.050-04:00","source":{"id":"0","name":"eventBus"}}
{"__type":"$$EventMessageNode","id":"4197b01c-719b-4d49-a9c2-1f39e98bd357","ts":"2026-04-22T22:25:30.050-04:00","eventName":"n8n.node.started","message":"n8n.node.started","payload":{"workflowId":"FK6zS9L1aRBndJ8C","workflowName":"Crises e Alertas","executionId":"277","nodeType":"n8n-nodes-base.rssFeedRead","nodeName":"RSS Read4","nodeId":"3dcce369-8fa4-48ef-9394-d36d2d1f5c0e"}}
{"__type":"$$EventMessageConfirm","confirm":"4197b01c-719b-4d49-a9c2-1f39e98bd357","ts":"2026-04-22T22:25:30.050-04:00","source":{"id":"0","name":"eventBus"}}
{"__type":"$$EventMessageNode","id":"2b8ad4bc-f03a-4fc2-b59e-c8996e6c9bba","ts":"2026-04-22T22:25:30.763-04:00","eventName":"n8n.node.finished","message":"n8n.node.finished","payload":{"workflowId":"FK6zS9L1aRBndJ8C","workflowName":"Crises e Alertas","executionId":"277","nodeType":"n8n-nodes-base.rssFeedRead","nodeName":"RSS Read4","nodeId":"3dcce369-8fa4-48ef-9394-d36d2d1f5c0e"}}
{"__type":"$$EventMessageConfirm","confirm":"2b8ad4bc-f03a-4fc2-b59e-c8996e6c9bba","ts":"2026-04-22T22:25:30.763-04:00","source":{"id":"0","name":"eventBus"}}
{"__type":"$$EventMessageNode","id":"04b67ae0-b4c3-4981-a953-44068b839721","ts":"2026-04-22T22:25:30.763-04:00","eventName":"n8n.node.started","message":"n8n.node.started","payload":{"workflowId":"FK6zS9L1aRBndJ8C","workflowName":"Crises e Alertas","executionId":"277","nodeType":"n8n-nodes-base.rssFeedRead","nodeName":"RSS Read3","nodeId":"2976176f-1874-4872-a000-89eaf975c8be"}}
{"__type":"$$EventMessageConfirm","confirm":"04b67ae0-b4c3-4981-a953-44068b839721","ts":"2026-04-22T22:25:30.763-04:00","source":{"id":"0","name":"eventBus"}}
{"__type":"$$EventMessageNode","id":"a9ab6a02-30fa-4f0f-addf-2321d9293b82","ts":"2026-04-22T22:25:31.465-04:00","eventName":"n8n.node.finished","message":"n8n.node.finished","payload":{"workflowId":"FK6zS9L1aRBndJ8C","workflowName":"Crises e Alertas","executionId":"277","nodeType":"n8n-nodes-base.rssFeedRead","nodeName":"RSS Read3","nodeId":"2976176f-1874-4872-a000-89eaf975c8be"}}
{"__type":"$$EventMessageConfirm","confirm":"a9ab6a02-30fa-4f0f-addf-2321d9293b82","ts":"2026-04-22T22:25:31.465-04:00","source":{"id":"0","name":"eventBus"}}
{"__type":"$$EventMessageNode","id":"d1f014a2-15b0-4318-9229-660af33f8339","ts":"2026-04-22T22:25:31.465-04:00","eventName":"n8n.node.started","message":"n8n.node.started","payload":{"workflowId":"FK6zS9L1aRBndJ8C","workflowName":"Crises e Alertas","executionId":"277","nodeType":"n8n-nodes-base.merge","nodeName":"Merge","nodeId":"b4c28652-ddb0-4113-9396-1af641e121bd"}}
{"__type":"$$EventMessageConfirm","confirm":"d1f014a2-15b0-4318-9229-660af33f8339","ts":"2026-04-22T22:25:31.465-04:00","source":{"id":"0","name":"eventBus"}}
{"__type":"$$EventMessageNode","id":"d35c2b79-a67b-41e0-bd54-005d6f0d1cda","ts":"2026-04-22T22:25:31.466-04:00","eventName":"n8n.node.finished","message":"n8n.node.finished","payload":{"workflowId":"FK6zS9L1aRBndJ8C","workflowName":"Crises e Alertas","executionId":"277","nodeType":"n8n-nodes-base.merge","nodeName":"Merge","nodeId":"b4c28652-ddb0-4113-9396-1af641e121bd"}}
{"__type":"$$EventMessageConfirm","confirm":"d35c2b79-a67b-41e0-bd54-005d6f0d1cda","ts":"2026-04-22T22:25:31.466-04:00","source":{"id":"0","name":"eventBus"}}
{"__type":"$$EventMessageNode","id":"cf28cb7f-9bb0-4227-b90d-84af8b4bb9e6","ts":"2026-04-22T22:25:31.466-04:00","eventName":"n8n.node.started","message":"n8n.node.started","payload":{"workflowId":"FK6zS9L1aRBndJ8C","workflowName":"Crises e Alertas","executionId":"277","nodeType":"n8n-nodes-base.code","nodeName":"Code in JavaScript","nodeId":"c3ae173a-eac9-4735-8375-a7c061487cd8"}}
{"__type":"$$EventMessageConfirm","confirm":"cf28cb7f-9bb0-4227-b90d-84af8b4bb9e6","ts":"2026-04-22T22:25:31.466-04:00","source":{"id":"0","name":"eventBus"}}
{"__type":"$$EventMessageRunner","id":"46e083e7-2af1-461d-9a6b-859d0a69162f","ts":"2026-04-22T22:25:31.469-04:00","eventName":"n8n.runner.task.requested","message":"n8n.runner.task.requested","payload":{"taskId":"tBGp6e0K","nodeId":"c3ae173a-eac9-4735-8375-a7c061487cd8","workflowId":"FK6zS9L1aRBndJ8C","executionId":"277"}}
{"__type":"$$EventMessageConfirm","confirm":"46e083e7-2af1-461d-9a6b-859d0a69162f","ts":"2026-04-22T22:25:31.469-04:00","source":{"id":"0","name":"eventBus"}}
{"__type":"$$EventMessageRunner","id":"6540cd21-aa23-4938-bd46-cde068dde55f","ts":"2026-04-22T22:25:31.528-04:00","eventName":"n8n.runner.response.received","message":"n8n.runner.response.received","payload":{"taskId":"tBGp6e0K","nodeId":"c3ae173a-eac9-4735-8375-a7c061487cd8","workflowId":"FK6zS9L1aRBndJ8C","executionId":"277"}}
{"__type":"$$EventMessageConfirm","confirm":"6540cd21-aa23-4938-bd46-cde068dde55f","ts":"2026-04-22T22:25:31.529-04:00","source":{"id":"0","name":"eventBus"}}
{"__type":"$$EventMessageNode","id":"4c178265-5028-41df-a3f0-337ce7816d82","ts":"2026-04-22T22:25:31.529-04:00","eventName":"n8n.node.finished","message":"n8n.node.finished","payload":{"workflowId":"FK6zS9L1aRBndJ8C","workflowName":"Crises e Alertas","executionId":"277","nodeType":"n8n-nodes-base.code","nodeName":"Code in JavaScript","nodeId":"c3ae173a-eac9-4735-8375-a7c061487cd8"}}
{"__type":"$$EventMessageConfirm","confirm":"4c178265-5028-41df-a3f0-337ce7816d82","ts":"2026-04-22T22:25:31.529-04:00","source":{"id":"0","name":"eventBus"}}
{"__type":"$$EventMessageNode","id":"f41f6668-c05e-4e19-93a6-94b38923df33","ts":"2026-04-22T22:25:31.529-04:00","eventName":"n8n.node.started","message":"n8n.node.started","payload":{"workflowId":"FK6zS9L1aRBndJ8C","workflowName":"Crises e Alertas","executionId":"277","nodeType":"n8n-nodes-base.httpRequest","nodeName":"HTTP Request3","nodeId":"5bd5f1c4-7e6f-42de-a3ab-68d40d3191e2"}}
{"__type":"$$EventMessageConfirm","confirm":"f41f6668-c05e-4e19-93a6-94b38923df33","ts":"2026-04-22T22:25:31.529-04:00","source":{"id":"0","name":"eventBus"}}
{"__type":"$$EventMessageWorkflow","id":"f53abd44-05ba-40f4-ae34-166a628d5efb","ts":"2026-04-22T22:25:55.701-04:00","eventName":"n8n.workflow.started","message":"n8n.workflow.started","payload":{"executionId":"278","workflowId":"FK6zS9L1aRBndJ8C","isManual":false,"mode":"manual","workflowName":"Crises e Alertas"}}
{"__type":"$$EventMessageConfirm","confirm":"f53abd44-05ba-40f4-ae34-166a628d5efb","ts":"2026-04-22T22:25:55.701-04:00","source":{"id":"0","name":"eventBus"}}
{"__type":"$$EventMessageAudit","id":"88e94c8b-31b8-4c2d-84d2-8aca91b33049","ts":"2026-04-22T22:25:55.702-04:00","eventName":"n8n.audit.workflow.executed","message":"n8n.audit.workflow.executed","payload":{"userId":"41628218-8c32-441c-975e-c8239073ce1a","_email":"admin@admin.com","_firstName":"Admin","_lastName":"Admin","globalRole":"global:owner","workflowId":"FK6zS9L1aRBndJ8C","workflowName":"Crises e Alertas","executionId":"278","source":"user-manual"}}
{"__type":"$$EventMessageConfirm","confirm":"88e94c8b-31b8-4c2d-84d2-8aca91b33049","ts":"2026-04-22T22:25:55.703-04:00","source":{"id":"0","name":"eventBus"}}
{"__type":"$$EventMessageNode","id":"3fd2e38b-38ad-4d83-a284-857c2032320d","ts":"2026-04-22T22:25:55.730-04:00","eventName":"n8n.node.started","message":"n8n.node.started","payload":{"workflowId":"FK6zS9L1aRBndJ8C","workflowName":"Crises e Alertas","executionId":"278","nodeType":"n8n-nodes-base.httpRequest","nodeName":"HTTP Request3","nodeId":"5bd5f1c4-7e6f-42de-a3ab-68d40d3191e2"}}
{"__type":"$$EventMessageConfirm","confirm":"3fd2e38b-38ad-4d83-a284-857c2032320d","ts":"2026-04-22T22:25:55.731-04:00","source":{"id":"0","name":"eventBus"}}
{"__type":"$$EventMessageNode","id":"b3532161-4fcc-426f-a601-51e2e280eb55","ts":"2026-04-22T22:26:20.098-04:00","eventName":"n8n.node.finished","message":"n8n.node.finished","payload":{"workflowId":"FK6zS9L1aRBndJ8C","workflowName":"Crises e Alertas","executionId":"277","nodeType":"n8n-nodes-base.httpRequest","nodeName":"HTTP Request3","nodeId":"5bd5f1c4-7e6f-42de-a3ab-68d40d3191e2"}}
{"__type":"$$EventMessageConfirm","confirm":"b3532161-4fcc-426f-a601-51e2e280eb55","ts":"2026-04-22T22:26:20.098-04:00","source":{"id":"0","name":"eventBus"}}
{"__type":"$$EventMessageWorkflow","id":"0bd2fcc2-5d45-4c71-9436-6a8a1854235f","ts":"2026-04-22T22:26:20.099-04:00","eventName":"n8n.workflow.failed","message":"n8n.workflow.failed","payload":{"executionId":"277","success":false,"isManual":false,"mode":"trigger","workflowId":"FK6zS9L1aRBndJ8C","workflowName":"Crises e Alertas","lastNodeExecuted":"HTTP Request3","errorNodeType":"n8n-nodes-base.httpRequest","errorMessage":"The service refused the connection - perhaps it is offline"}}
{"__type":"$$EventMessageConfirm","confirm":"0bd2fcc2-5d45-4c71-9436-6a8a1854235f","ts":"2026-04-22T22:26:20.099-04:00","source":{"id":"0","name":"eventBus"}}
{"__type":"$$EventMessageNode","id":"e59a6cbc-d337-4b5e-af45-63b4eada6e7c","ts":"2026-04-22T22:26:44.286-04:00","eventName":"n8n.node.finished","message":"n8n.node.finished","payload":{"workflowId":"FK6zS9L1aRBndJ8C","workflowName":"Crises e Alertas","executionId":"278","nodeType":"n8n-nodes-base.httpRequest","nodeName":"HTTP Request3","nodeId":"5bd5f1c4-7e6f-42de-a3ab-68d40d3191e2"}}
{"__type":"$$EventMessageConfirm","confirm":"e59a6cbc-d337-4b5e-af45-63b4eada6e7c","ts":"2026-04-22T22:26:44.286-04:00","source":{"id":"0","name":"eventBus"}}
{"__type":"$$EventMessageWorkflow","id":"897151f8-fcdb-4cc5-8b66-95fdc477532d","ts":"2026-04-22T22:26:44.291-04:00","eventName":"n8n.workflow.failed","message":"n8n.workflow.failed","payload":{"userId":"41628218-8c32-441c-975e-c8239073ce1a","executionId":"278","success":false,"isManual":true,"mode":"manual","workflowId":"FK6zS9L1aRBndJ8C","workflowName":"Crises e Alertas","lastNodeExecuted":"HTTP Request3","errorNodeType":"n8n-nodes-base.httpRequest","errorMessage":"The service refused the connection - perhaps it is offline"}}
{"__type":"$$EventMessageConfirm","confirm":"897151f8-fcdb-4cc5-8b66-95fdc477532d","ts":"2026-04-22T22:26:44.291-04:00","source":{"id":"0","name":"eventBus"}}
{"__type":"$$EventMessageWorkflow","id":"27b20fc6-dcc6-47a9-ad37-4ddc5238dee9","ts":"2026-04-22T22:30:29.028-04:00","eventName":"n8n.workflow.started","message":"n8n.workflow.started","payload":{"executionId":"279","workflowId":"FK6zS9L1aRBndJ8C","isManual":false,"mode":"trigger","workflowName":"Crises e Alertas"}}
{"__type":"$$EventMessageConfirm","confirm":"27b20fc6-dcc6-47a9-ad37-4ddc5238dee9","ts":"2026-04-22T22:30:29.028-04:00","source":{"id":"0","name":"eventBus"}}
{"__type":"$$EventMessageAudit","id":"c6acb4fd-c248-4d0f-9f8c-ac45506ab3d8","ts":"2026-04-22T22:30:29.028-04:00","eventName":"n8n.audit.workflow.executed","message":"n8n.audit.workflow.executed","payload":{"workflowId":"FK6zS9L1aRBndJ8C","workflowName":"Crises e Alertas","executionId":"279","source":"trigger"}}
{"__type":"$$EventMessageConfirm","confirm":"c6acb4fd-c248-4d0f-9f8c-ac45506ab3d8","ts":"2026-04-22T22:30:29.028-04:00","source":{"id":"0","name":"eventBus"}}
{"__type":"$$EventMessageNode","id":"eca3ed0f-3218-45fd-a1a4-8419d17df749","ts":"2026-04-22T22:30:29.028-04:00","eventName":"n8n.node.started","message":"n8n.node.started","payload":{"workflowId":"FK6zS9L1aRBndJ8C","workflowName":"Crises e Alertas","executionId":"279","nodeType":"n8n-nodes-base.scheduleTrigger","nodeName":"Schedule Trigger","nodeId":"a239ccd6-bbed-4ed8-a416-e0da4c9b6a78"}}
{"__type":"$$EventMessageConfirm","confirm":"eca3ed0f-3218-45fd-a1a4-8419d17df749","ts":"2026-04-22T22:30:29.028-04:00","source":{"id":"0","name":"eventBus"}}
{"__type":"$$EventMessageNode","id":"af705f25-8c14-4ddc-863d-ce6bb0913291","ts":"2026-04-22T22:30:29.028-04:00","eventName":"n8n.node.finished","message":"n8n.node.finished","payload":{"workflowId":"FK6zS9L1aRBndJ8C","workflowName":"Crises e Alertas","executionId":"279","nodeType":"n8n-nodes-base.scheduleTrigger","nodeName":"Schedule Trigger","nodeId":"a239ccd6-bbed-4ed8-a416-e0da4c9b6a78"}}
{"__type":"$$EventMessageConfirm","confirm":"af705f25-8c14-4ddc-863d-ce6bb0913291","ts":"2026-04-22T22:30:29.028-04:00","source":{"id":"0","name":"eventBus"}}
{"__type":"$$EventMessageNode","id":"1af7a327-2bf1-4598-ad08-2c82298696b7","ts":"2026-04-22T22:30:29.028-04:00","eventName":"n8n.node.started","message":"n8n.node.started","payload":{"workflowId":"FK6zS9L1aRBndJ8C","workflowName":"Crises e Alertas","executionId":"279","nodeType":"n8n-nodes-base.rssFeedRead","nodeName":"RSS Read5","nodeId":"309e5ca9-bbc3-4ee3-b0c7-ca8bbea7805f"}}
{"__type":"$$EventMessageConfirm","confirm":"1af7a327-2bf1-4598-ad08-2c82298696b7","ts":"2026-04-22T22:30:29.028-04:00","source":{"id":"0","name":"eventBus"}}
{"__type":"$$EventMessageNode","id":"a1d2f55d-071f-4d1c-a486-404fc26c4be4","ts":"2026-04-22T22:30:29.736-04:00","eventName":"n8n.node.finished","message":"n8n.node.finished","payload":{"workflowId":"FK6zS9L1aRBndJ8C","workflowName":"Crises e Alertas","executionId":"279","nodeType":"n8n-nodes-base.rssFeedRead","nodeName":"RSS Read5","nodeId":"309e5ca9-bbc3-4ee3-b0c7-ca8bbea7805f"}}
{"__type":"$$EventMessageConfirm","confirm":"a1d2f55d-071f-4d1c-a486-404fc26c4be4","ts":"2026-04-22T22:30:29.736-04:00","source":{"id":"0","name":"eventBus"}}
{"__type":"$$EventMessageNode","id":"8caca6cc-250f-4912-bd34-c634b708c490","ts":"2026-04-22T22:30:29.736-04:00","eventName":"n8n.node.started","message":"n8n.node.started","payload":{"workflowId":"FK6zS9L1aRBndJ8C","workflowName":"Crises e Alertas","executionId":"279","nodeType":"n8n-nodes-base.rssFeedRead","nodeName":"RSS Read4","nodeId":"3dcce369-8fa4-48ef-9394-d36d2d1f5c0e"}}
{"__type":"$$EventMessageConfirm","confirm":"8caca6cc-250f-4912-bd34-c634b708c490","ts":"2026-04-22T22:30:29.736-04:00","source":{"id":"0","name":"eventBus"}}
{"__type":"$$EventMessageNode","id":"d0b6cb4a-682b-4025-8667-d8e9855a1479","ts":"2026-04-22T22:30:30.406-04:00","eventName":"n8n.node.finished","message":"n8n.node.finished","payload":{"workflowId":"FK6zS9L1aRBndJ8C","workflowName":"Crises e Alertas","executionId":"279","nodeType":"n8n-nodes-base.rssFeedRead","nodeName":"RSS Read4","nodeId":"3dcce369-8fa4-48ef-9394-d36d2d1f5c0e"}}
{"__type":"$$EventMessageConfirm","confirm":"d0b6cb4a-682b-4025-8667-d8e9855a1479","ts":"2026-04-22T22:30:30.407-04:00","source":{"id":"0","name":"eventBus"}}
{"__type":"$$EventMessageNode","id":"34654594-bea7-4380-8319-1d59dbd42770","ts":"2026-04-22T22:30:30.407-04:00","eventName":"n8n.node.started","message":"n8n.node.started","payload":{"workflowId":"FK6zS9L1aRBndJ8C","workflowName":"Crises e Alertas","executionId":"279","nodeType":"n8n-nodes-base.rssFeedRead","nodeName":"RSS Read3","nodeId":"2976176f-1874-4872-a000-89eaf975c8be"}}
{"__type":"$$EventMessageConfirm","confirm":"34654594-bea7-4380-8319-1d59dbd42770","ts":"2026-04-22T22:30:30.407-04:00","source":{"id":"0","name":"eventBus"}}
{"__type":"$$EventMessageNode","id":"2d7b7c40-4304-4e8c-8f41-4f33c70bd463","ts":"2026-04-22T22:30:31.081-04:00","eventName":"n8n.node.finished","message":"n8n.node.finished","payload":{"workflowId":"FK6zS9L1aRBndJ8C","workflowName":"Crises e Alertas","executionId":"279","nodeType":"n8n-nodes-base.rssFeedRead","nodeName":"RSS Read3","nodeId":"2976176f-1874-4872-a000-89eaf975c8be"}}
{"__type":"$$EventMessageConfirm","confirm":"2d7b7c40-4304-4e8c-8f41-4f33c70bd463","ts":"2026-04-22T22:30:31.081-04:00","source":{"id":"0","name":"eventBus"}}
{"__type":"$$EventMessageNode","id":"f08c95c9-82cf-4553-bc02-6877f75260ba","ts":"2026-04-22T22:30:31.081-04:00","eventName":"n8n.node.started","message":"n8n.node.started","payload":{"workflowId":"FK6zS9L1aRBndJ8C","workflowName":"Crises e Alertas","executionId":"279","nodeType":"n8n-nodes-base.merge","nodeName":"Merge","nodeId":"b4c28652-ddb0-4113-9396-1af641e121bd"}}
{"__type":"$$EventMessageConfirm","confirm":"f08c95c9-82cf-4553-bc02-6877f75260ba","ts":"2026-04-22T22:30:31.081-04:00","source":{"id":"0","name":"eventBus"}}
{"__type":"$$EventMessageNode","id":"3846d66d-4153-42af-8011-046ff367fc32","ts":"2026-04-22T22:30:31.082-04:00","eventName":"n8n.node.finished","message":"n8n.node.finished","payload":{"workflowId":"FK6zS9L1aRBndJ8C","workflowName":"Crises e Alertas","executionId":"279","nodeType":"n8n-nodes-base.merge","nodeName":"Merge","nodeId":"b4c28652-ddb0-4113-9396-1af641e121bd"}}
{"__type":"$$EventMessageConfirm","confirm":"3846d66d-4153-42af-8011-046ff367fc32","ts":"2026-04-22T22:30:31.082-04:00","source":{"id":"0","name":"eventBus"}}
{"__type":"$$EventMessageNode","id":"4f8492e9-ee2b-4821-97a8-95a9fb3a5fad","ts":"2026-04-22T22:30:31.082-04:00","eventName":"n8n.node.started","message":"n8n.node.started","payload":{"workflowId":"FK6zS9L1aRBndJ8C","workflowName":"Crises e Alertas","executionId":"279","nodeType":"n8n-nodes-base.code","nodeName":"Code in JavaScript","nodeId":"c3ae173a-eac9-4735-8375-a7c061487cd8"}}
{"__type":"$$EventMessageConfirm","confirm":"4f8492e9-ee2b-4821-97a8-95a9fb3a5fad","ts":"2026-04-22T22:30:31.082-04:00","source":{"id":"0","name":"eventBus"}}
{"__type":"$$EventMessageRunner","id":"ccf78c9e-d354-4359-8df3-0e2469bfb156","ts":"2026-04-22T22:30:31.086-04:00","eventName":"n8n.runner.task.requested","message":"n8n.runner.task.requested","payload":{"taskId":"SbC4G4MP","nodeId":"c3ae173a-eac9-4735-8375-a7c061487cd8","workflowId":"FK6zS9L1aRBndJ8C","executionId":"279"}}
{"__type":"$$EventMessageConfirm","confirm":"ccf78c9e-d354-4359-8df3-0e2469bfb156","ts":"2026-04-22T22:30:31.086-04:00","source":{"id":"0","name":"eventBus"}}
{"__type":"$$EventMessageRunner","id":"84e7b1bb-7ac2-40b2-9ec3-4a421d834761","ts":"2026-04-22T22:30:31.136-04:00","eventName":"n8n.runner.response.received","message":"n8n.runner.response.received","payload":{"taskId":"SbC4G4MP","nodeId":"c3ae173a-eac9-4735-8375-a7c061487cd8","workflowId":"FK6zS9L1aRBndJ8C","executionId":"279"}}
{"__type":"$$EventMessageConfirm","confirm":"84e7b1bb-7ac2-40b2-9ec3-4a421d834761","ts":"2026-04-22T22:30:31.137-04:00","source":{"id":"0","name":"eventBus"}}
{"__type":"$$EventMessageNode","id":"8099e1a0-c782-425c-946d-19037a67d46f","ts":"2026-04-22T22:30:31.137-04:00","eventName":"n8n.node.finished","message":"n8n.node.finished","payload":{"workflowId":"FK6zS9L1aRBndJ8C","workflowName":"Crises e Alertas","executionId":"279","nodeType":"n8n-nodes-base.code","nodeName":"Code in JavaScript","nodeId":"c3ae173a-eac9-4735-8375-a7c061487cd8"}}
{"__type":"$$EventMessageConfirm","confirm":"8099e1a0-c782-425c-946d-19037a67d46f","ts":"2026-04-22T22:30:31.137-04:00","source":{"id":"0","name":"eventBus"}}
{"__type":"$$EventMessageNode","id":"b119288d-7e40-4e18-95b2-ad1b1b28fa42","ts":"2026-04-22T22:30:31.138-04:00","eventName":"n8n.node.started","message":"n8n.node.started","payload":{"workflowId":"FK6zS9L1aRBndJ8C","workflowName":"Crises e Alertas","executionId":"279","nodeType":"n8n-nodes-base.httpRequest","nodeName":"HTTP Request3","nodeId":"5bd5f1c4-7e6f-42de-a3ab-68d40d3191e2"}}
{"__type":"$$EventMessageConfirm","confirm":"b119288d-7e40-4e18-95b2-ad1b1b28fa42","ts":"2026-04-22T22:30:31.138-04:00","source":{"id":"0","name":"eventBus"}}
{"__type":"$$EventMessageNode","id":"6e342724-38ec-4b78-9174-16d95287eeb7","ts":"2026-04-22T22:31:19.726-04:00","eventName":"n8n.node.finished","message":"n8n.node.finished","payload":{"workflowId":"FK6zS9L1aRBndJ8C","workflowName":"Crises e Alertas","executionId":"279","nodeType":"n8n-nodes-base.httpRequest","nodeName":"HTTP Request3","nodeId":"5bd5f1c4-7e6f-42de-a3ab-68d40d3191e2"}}
{"__type":"$$EventMessageConfirm","confirm":"6e342724-38ec-4b78-9174-16d95287eeb7","ts":"2026-04-22T22:31:19.726-04:00","source":{"id":"0","name":"eventBus"}}
{"__type":"$$EventMessageWorkflow","id":"2f446395-3a22-434e-874d-a36888e8a766","ts":"2026-04-22T22:31:19.727-04:00","eventName":"n8n.workflow.failed","message":"n8n.workflow.failed","payload":{"executionId":"279","success":false,"isManual":false,"mode":"trigger","workflowId":"FK6zS9L1aRBndJ8C","workflowName":"Crises e Alertas","lastNodeExecuted":"HTTP Request3","errorNodeType":"n8n-nodes-base.httpRequest","errorMessage":"The service refused the connection - perhaps it is offline"}}
{"__type":"$$EventMessageConfirm","confirm":"2f446395-3a22-434e-874d-a36888e8a766","ts":"2026-04-22T22:31:19.727-04:00","source":{"id":"0","name":"eventBus"}}
{"__type":"$$EventMessageAudit","id":"d9f6afee-4bad-4c3e-86ce-6444ead6cc17","ts":"2026-04-22T22:33:48.924-04:00","eventName":"n8n.audit.workflow.updated","message":"n8n.audit.workflow.updated","payload":{"userId":"41628218-8c32-441c-975e-c8239073ce1a","_email":"admin@admin.com","_firstName":"Admin","_lastName":"Admin","globalRole":"global:owner","workflowId":"FK6zS9L1aRBndJ8C","workflowName":"Crises e Alertas"}}
{"__type":"$$EventMessageConfirm","confirm":"d9f6afee-4bad-4c3e-86ce-6444ead6cc17","ts":"2026-04-22T22:33:48.924-04:00","source":{"id":"0","name":"eventBus"}}
{"__type":"$$EventMessageWorkflow","id":"ba3941ad-4335-42ff-857f-7c03c6ca45ef","ts":"2026-04-22T22:33:53.361-04:00","eventName":"n8n.workflow.started","message":"n8n.workflow.started","payload":{"executionId":"280","workflowId":"FK6zS9L1aRBndJ8C","isManual":false,"mode":"manual","workflowName":"Crises e Alertas"}}
{"__type":"$$EventMessageConfirm","confirm":"ba3941ad-4335-42ff-857f-7c03c6ca45ef","ts":"2026-04-22T22:33:53.361-04:00","source":{"id":"0","name":"eventBus"}}
{"__type":"$$EventMessageAudit","id":"479cc2cb-ebf2-482c-b84d-26f6d9e91b6d","ts":"2026-04-22T22:33:53.362-04:00","eventName":"n8n.audit.workflow.executed","message":"n8n.audit.workflow.executed","payload":{"userId":"41628218-8c32-441c-975e-c8239073ce1a","_email":"admin@admin.com","_firstName":"Admin","_lastName":"Admin","globalRole":"global:owner","workflowId":"FK6zS9L1aRBndJ8C","workflowName":"Crises e Alertas","executionId":"280","source":"user-manual"}}
{"__type":"$$EventMessageConfirm","confirm":"479cc2cb-ebf2-482c-b84d-26f6d9e91b6d","ts":"2026-04-22T22:33:53.362-04:00","source":{"id":"0","name":"eventBus"}}
{"__type":"$$EventMessageNode","id":"f9980c0c-1cf8-4ffe-a8b9-d7ebab0fd050","ts":"2026-04-22T22:33:53.400-04:00","eventName":"n8n.node.started","message":"n8n.node.started","payload":{"workflowId":"FK6zS9L1aRBndJ8C","workflowName":"Crises e Alertas","executionId":"280","nodeType":"n8n-nodes-base.httpRequest","nodeName":"HTTP Request3","nodeId":"5bd5f1c4-7e6f-42de-a3ab-68d40d3191e2"}}
{"__type":"$$EventMessageConfirm","confirm":"f9980c0c-1cf8-4ffe-a8b9-d7ebab0fd050","ts":"2026-04-22T22:33:53.400-04:00","source":{"id":"0","name":"eventBus"}}
{"__type":"$$EventMessageWorkflow","id":"8fb5f580-8a0e-4f11-a784-e8928ef7613a","ts":"2026-04-22T22:35:29.031-04:00","eventName":"n8n.workflow.started","message":"n8n.workflow.started","payload":{"executionId":"281","workflowId":"FK6zS9L1aRBndJ8C","isManual":false,"mode":"trigger","workflowName":"Crises e Alertas"}}
{"__type":"$$EventMessageConfirm","confirm":"8fb5f580-8a0e-4f11-a784-e8928ef7613a","ts":"2026-04-22T22:35:29.032-04:00","source":{"id":"0","name":"eventBus"}}
{"__type":"$$EventMessageAudit","id":"07d9369d-afb5-4017-b418-45a051f6e4ca","ts":"2026-04-22T22:35:29.032-04:00","eventName":"n8n.audit.workflow.executed","message":"n8n.audit.workflow.executed","payload":{"workflowId":"FK6zS9L1aRBndJ8C","workflowName":"Crises e Alertas","executionId":"281","source":"trigger"}}
{"__type":"$$EventMessageConfirm","confirm":"07d9369d-afb5-4017-b418-45a051f6e4ca","ts":"2026-04-22T22:35:29.032-04:00","source":{"id":"0","name":"eventBus"}}
{"__type":"$$EventMessageNode","id":"523c2411-530d-4769-8cea-d1a214a4fc2a","ts":"2026-04-22T22:35:29.032-04:00","eventName":"n8n.node.started","message":"n8n.node.started","payload":{"workflowId":"FK6zS9L1aRBndJ8C","workflowName":"Crises e Alertas","executionId":"281","nodeType":"n8n-nodes-base.scheduleTrigger","nodeName":"Schedule Trigger","nodeId":"a239ccd6-bbed-4ed8-a416-e0da4c9b6a78"}}
{"__type":"$$EventMessageConfirm","confirm":"523c2411-530d-4769-8cea-d1a214a4fc2a","ts":"2026-04-22T22:35:29.032-04:00","source":{"id":"0","name":"eventBus"}}
{"__type":"$$EventMessageNode","id":"4bf361ca-9bc9-4a24-a54d-4446b49ec9d6","ts":"2026-04-22T22:35:29.032-04:00","eventName":"n8n.node.finished","message":"n8n.node.finished","payload":{"workflowId":"FK6zS9L1aRBndJ8C","workflowName":"Crises e Alertas","executionId":"281","nodeType":"n8n-nodes-base.scheduleTrigger","nodeName":"Schedule Trigger","nodeId":"a239ccd6-bbed-4ed8-a416-e0da4c9b6a78"}}
{"__type":"$$EventMessageConfirm","confirm":"4bf361ca-9bc9-4a24-a54d-4446b49ec9d6","ts":"2026-04-22T22:35:29.032-04:00","source":{"id":"0","name":"eventBus"}}
{"__type":"$$EventMessageNode","id":"387906c9-092c-4b7a-a998-df8dac7149eb","ts":"2026-04-22T22:35:29.033-04:00","eventName":"n8n.node.started","message":"n8n.node.started","payload":{"workflowId":"FK6zS9L1aRBndJ8C","workflowName":"Crises e Alertas","executionId":"281","nodeType":"n8n-nodes-base.rssFeedRead","nodeName":"RSS Read5","nodeId":"309e5ca9-bbc3-4ee3-b0c7-ca8bbea7805f"}}
{"__type":"$$EventMessageConfirm","confirm":"387906c9-092c-4b7a-a998-df8dac7149eb","ts":"2026-04-22T22:35:29.033-04:00","source":{"id":"0","name":"eventBus"}}
{"__type":"$$EventMessageAudit","id":"e63863c0-fe1f-4f0b-8acc-7f9a28fd1aeb","ts":"2026-04-22T22:35:29.726-04:00","eventName":"n8n.audit.workflow.updated","message":"n8n.audit.workflow.updated","payload":{"userId":"41628218-8c32-441c-975e-c8239073ce1a","_email":"admin@admin.com","_firstName":"Admin","_lastName":"Admin","globalRole":"global:owner","workflowId":"FK6zS9L1aRBndJ8C","workflowName":"Crises e Alertas"}}
{"__type":"$$EventMessageConfirm","confirm":"e63863c0-fe1f-4f0b-8acc-7f9a28fd1aeb","ts":"2026-04-22T22:35:29.726-04:00","source":{"id":"0","name":"eventBus"}}
{"__type":"$$EventMessageWorkflow","id":"e3cb2e57-d7d8-4c3e-a680-074c663281d1","ts":"2026-04-22T22:35:32.466-04:00","eventName":"n8n.workflow.cancelled","message":"n8n.workflow.cancelled","payload":{"executionId":"280","workflowId":"FK6zS9L1aRBndJ8C","workflowName":"Crises e Alertas","reason":"manual"}}
{"__type":"$$EventMessageConfirm","confirm":"e3cb2e57-d7d8-4c3e-a680-074c663281d1","ts":"2026-04-22T22:35:32.466-04:00","source":{"id":"0","name":"eventBus"}}
{"__type":"$$EventMessageWorkflow","id":"a998fdd4-6ca9-4bdb-9dfb-36203659db45","ts":"2026-04-22T22:35:32.468-04:00","eventName":"n8n.workflow.failed","message":"n8n.workflow.failed","payload":{"userId":"41628218-8c32-441c-975e-c8239073ce1a","executionId":"280","success":false,"isManual":true,"mode":"manual","workflowId":"FK6zS9L1aRBndJ8C","workflowName":"Crises e Alertas"}}
{"__type":"$$EventMessageConfirm","confirm":"a998fdd4-6ca9-4bdb-9dfb-36203659db45","ts":"2026-04-22T22:35:32.469-04:00","source":{"id":"0","name":"eventBus"}}
{"__type":"$$EventMessageWorkflow","id":"7f3acc6d-85cd-485f-a921-d9916cafe552","ts":"2026-04-22T22:35:33.389-04:00","eventName":"n8n.workflow.started","message":"n8n.workflow.started","payload":{"executionId":"282","workflowId":"FK6zS9L1aRBndJ8C","isManual":false,"mode":"manual","workflowName":"Crises e Alertas"}}
{"__type":"$$EventMessageConfirm","confirm":"7f3acc6d-85cd-485f-a921-d9916cafe552","ts":"2026-04-22T22:35:33.389-04:00","source":{"id":"0","name":"eventBus"}}
{"__type":"$$EventMessageAudit","id":"d0a12433-ebd9-4484-a1ee-0a050fd5798e","ts":"2026-04-22T22:35:33.389-04:00","eventName":"n8n.audit.workflow.executed","message":"n8n.audit.workflow.executed","payload":{"userId":"41628218-8c32-441c-975e-c8239073ce1a","_email":"admin@admin.com","_firstName":"Admin","_lastName":"Admin","globalRole":"global:owner","workflowId":"FK6zS9L1aRBndJ8C","workflowName":"Crises e Alertas","executionId":"282","source":"user-manual"}}
{"__type":"$$EventMessageConfirm","confirm":"d0a12433-ebd9-4484-a1ee-0a050fd5798e","ts":"2026-04-22T22:35:33.389-04:00","source":{"id":"0","name":"eventBus"}}
{"__type":"$$EventMessageNode","id":"da78ceb4-3a77-4a07-99bd-50dc3a939f67","ts":"2026-04-22T22:35:33.408-04:00","eventName":"n8n.node.started","message":"n8n.node.started","payload":{"workflowId":"FK6zS9L1aRBndJ8C","workflowName":"Crises e Alertas","executionId":"282","nodeType":"n8n-nodes-base.scheduleTrigger","nodeName":"Schedule Trigger","nodeId":"a239ccd6-bbed-4ed8-a416-e0da4c9b6a78"}}
{"__type":"$$EventMessageConfirm","confirm":"da78ceb4-3a77-4a07-99bd-50dc3a939f67","ts":"2026-04-22T22:35:33.408-04:00","source":{"id":"0","name":"eventBus"}}
{"__type":"$$EventMessageNode","id":"67e6ec02-285c-44ab-bfcd-91fd845b8749","ts":"2026-04-22T22:35:33.410-04:00","eventName":"n8n.node.finished","message":"n8n.node.finished","payload":{"workflowId":"FK6zS9L1aRBndJ8C","workflowName":"Crises e Alertas","executionId":"282","nodeType":"n8n-nodes-base.scheduleTrigger","nodeName":"Schedule Trigger","nodeId":"a239ccd6-bbed-4ed8-a416-e0da4c9b6a78"}}
{"__type":"$$EventMessageConfirm","confirm":"67e6ec02-285c-44ab-bfcd-91fd845b8749","ts":"2026-04-22T22:35:33.410-04:00","source":{"id":"0","name":"eventBus"}}
{"__type":"$$EventMessageNode","id":"f18f0358-629c-499a-8eae-1ad2d7002ce4","ts":"2026-04-22T22:35:33.411-04:00","eventName":"n8n.node.started","message":"n8n.node.started","payload":{"workflowId":"FK6zS9L1aRBndJ8C","workflowName":"Crises e Alertas","executionId":"282","nodeType":"n8n-nodes-base.rssFeedRead","nodeName":"RSS Read5","nodeId":"309e5ca9-bbc3-4ee3-b0c7-ca8bbea7805f"}}
{"__type":"$$EventMessageConfirm","confirm":"f18f0358-629c-499a-8eae-1ad2d7002ce4","ts":"2026-04-22T22:35:33.411-04:00","source":{"id":"0","name":"eventBus"}}
{"__type":"$$EventMessageAudit","id":"b974f067-e849-478f-9bd2-2af5326ed892","ts":"2026-04-22T22:35:45.505-04:00","eventName":"n8n.audit.workflow.deactivated","message":"n8n.audit.workflow.deactivated","payload":{"userId":"41628218-8c32-441c-975e-c8239073ce1a","_email":"admin@admin.com","_firstName":"Admin","_lastName":"Admin","globalRole":"global:owner","workflowId":"FK6zS9L1aRBndJ8C","workflowName":"Crises e Alertas","deactivatedVersionId":"2fa1c314-fb45-419f-892f-80f3acc208ce"}}
{"__type":"$$EventMessageConfirm","confirm":"b974f067-e849-478f-9bd2-2af5326ed892","ts":"2026-04-22T22:35:45.506-04:00","source":{"id":"0","name":"eventBus"}}
{"__type":"$$EventMessageAudit","id":"7a958c52-ed95-4f6d-b403-64580c6fd376","ts":"2026-04-22T22:35:45.546-04:00","eventName":"n8n.audit.workflow.activated","message":"n8n.audit.workflow.activated","payload":{"userId":"41628218-8c32-441c-975e-c8239073ce1a","_email":"admin@admin.com","_firstName":"Admin","_lastName":"Admin","globalRole":"global:owner","workflowId":"FK6zS9L1aRBndJ8C","workflowName":"Crises e Alertas","activeVersionId":"7b6949ff-5613-42af-be6d-ec3661b66b1c"}}
{"__type":"$$EventMessageConfirm","confirm":"7a958c52-ed95-4f6d-b403-64580c6fd376","ts":"2026-04-22T22:35:45.546-04:00","source":{"id":"0","name":"eventBus"}}
{"__type":"$$EventMessageNode","id":"736431b1-ae6b-454c-a4c9-d5c86e66b43f","ts":"2026-04-22T22:36:29.038-04:00","eventName":"n8n.node.finished","message":"n8n.node.finished","payload":{"workflowId":"FK6zS9L1aRBndJ8C","workflowName":"Crises e Alertas","executionId":"281","nodeType":"n8n-nodes-base.rssFeedRead","nodeName":"RSS Read5","nodeId":"309e5ca9-bbc3-4ee3-b0c7-ca8bbea7805f"}}
{"__type":"$$EventMessageConfirm","confirm":"736431b1-ae6b-454c-a4c9-d5c86e66b43f","ts":"2026-04-22T22:36:29.038-04:00","source":{"id":"0","name":"eventBus"}}
{"__type":"$$EventMessageWorkflow","id":"c97cec84-3ac0-4eeb-af00-99581b76a929","ts":"2026-04-22T22:36:29.038-04:00","eventName":"n8n.workflow.failed","message":"n8n.workflow.failed","payload":{"executionId":"281","success":false,"isManual":false,"mode":"trigger","workflowId":"FK6zS9L1aRBndJ8C","workflowName":"Crises e Alertas","lastNodeExecuted":"RSS Read5","errorNodeType":"n8n-nodes-base.rssFeedRead","errorMessage":"Request timed out after 60000ms"}}
{"__type":"$$EventMessageConfirm","confirm":"c97cec84-3ac0-4eeb-af00-99581b76a929","ts":"2026-04-22T22:36:29.038-04:00","source":{"id":"0","name":"eventBus"}}
{"__type":"$$EventMessageNode","id":"bb6261df-bbb3-4863-9007-6fac47678022","ts":"2026-04-22T22:36:33.412-04:00","eventName":"n8n.node.finished","message":"n8n.node.finished","payload":{"workflowId":"FK6zS9L1aRBndJ8C","workflowName":"Crises e Alertas","executionId":"282","nodeType":"n8n-nodes-base.rssFeedRead","nodeName":"RSS Read5","nodeId":"309e5ca9-bbc3-4ee3-b0c7-ca8bbea7805f"}}
{"__type":"$$EventMessageConfirm","confirm":"bb6261df-bbb3-4863-9007-6fac47678022","ts":"2026-04-22T22:36:33.412-04:00","source":{"id":"0","name":"eventBus"}}
{"__type":"$$EventMessageWorkflow","id":"069f08be-73f4-4179-9177-fd651c51bde3","ts":"2026-04-22T22:36:33.414-04:00","eventName":"n8n.workflow.failed","message":"n8n.workflow.failed","payload":{"userId":"41628218-8c32-441c-975e-c8239073ce1a","executionId":"282","success":false,"isManual":true,"mode":"manual","workflowId":"FK6zS9L1aRBndJ8C","workflowName":"Crises e Alertas","lastNodeExecuted":"RSS Read5","errorNodeType":"n8n-nodes-base.rssFeedRead","errorMessage":"Request timed out after 60000ms"}}
{"__type":"$$EventMessageConfirm","confirm":"069f08be-73f4-4179-9177-fd651c51bde3","ts":"2026-04-22T22:36:33.414-04:00","source":{"id":"0","name":"eventBus"}}
{"__type":"$$EventMessageWorkflow","id":"5b80532c-76ae-499b-befe-82e98bd7c452","ts":"2026-04-22T22:38:59.916-04:00","eventName":"n8n.workflow.started","message":"n8n.workflow.started","payload":{"executionId":"283","workflowId":"FK6zS9L1aRBndJ8C","isManual":false,"mode":"manual","workflowName":"Crises e Alertas"}}
{"__type":"$$EventMessageConfirm","confirm":"5b80532c-76ae-499b-befe-82e98bd7c452","ts":"2026-04-22T22:38:59.917-04:00","source":{"id":"0","name":"eventBus"}}
{"__type":"$$EventMessageAudit","id":"453306e9-daa0-4518-9dd7-47bbb4872831","ts":"2026-04-22T22:38:59.918-04:00","eventName":"n8n.audit.workflow.executed","message":"n8n.audit.workflow.executed","payload":{"userId":"41628218-8c32-441c-975e-c8239073ce1a","_email":"admin@admin.com","_firstName":"Admin","_lastName":"Admin","globalRole":"global:owner","workflowId":"FK6zS9L1aRBndJ8C","workflowName":"Crises e Alertas","executionId":"283","source":"user-manual"}}
{"__type":"$$EventMessageConfirm","confirm":"453306e9-daa0-4518-9dd7-47bbb4872831","ts":"2026-04-22T22:38:59.918-04:00","source":{"id":"0","name":"eventBus"}}
{"__type":"$$EventMessageNode","id":"e081e82a-8db7-4db3-b47f-122802f5a9b0","ts":"2026-04-22T22:38:59.931-04:00","eventName":"n8n.node.started","message":"n8n.node.started","payload":{"workflowId":"FK6zS9L1aRBndJ8C","workflowName":"Crises e Alertas","executionId":"283","nodeType":"n8n-nodes-base.scheduleTrigger","nodeName":"Schedule Trigger","nodeId":"a239ccd6-bbed-4ed8-a416-e0da4c9b6a78"}}
{"__type":"$$EventMessageConfirm","confirm":"e081e82a-8db7-4db3-b47f-122802f5a9b0","ts":"2026-04-22T22:38:59.931-04:00","source":{"id":"0","name":"eventBus"}}
{"__type":"$$EventMessageNode","id":"ffe87275-f1cf-458a-ae3a-74a8cb570547","ts":"2026-04-22T22:38:59.932-04:00","eventName":"n8n.node.finished","message":"n8n.node.finished","payload":{"workflowId":"FK6zS9L1aRBndJ8C","workflowName":"Crises e Alertas","executionId":"283","nodeType":"n8n-nodes-base.scheduleTrigger","nodeName":"Schedule Trigger","nodeId":"a239ccd6-bbed-4ed8-a416-e0da4c9b6a78"}}
{"__type":"$$EventMessageConfirm","confirm":"ffe87275-f1cf-458a-ae3a-74a8cb570547","ts":"2026-04-22T22:38:59.932-04:00","source":{"id":"0","name":"eventBus"}}
{"__type":"$$EventMessageNode","id":"ac11519f-35d9-4c54-84c6-885fd589ec0f","ts":"2026-04-22T22:38:59.933-04:00","eventName":"n8n.node.started","message":"n8n.node.started","payload":{"workflowId":"FK6zS9L1aRBndJ8C","workflowName":"Crises e Alertas","executionId":"283","nodeType":"n8n-nodes-base.rssFeedRead","nodeName":"RSS Read5","nodeId":"309e5ca9-bbc3-4ee3-b0c7-ca8bbea7805f"}}
{"__type":"$$EventMessageConfirm","confirm":"ac11519f-35d9-4c54-84c6-885fd589ec0f","ts":"2026-04-22T22:38:59.933-04:00","source":{"id":"0","name":"eventBus"}}
{"__type":"$$EventMessageNode","id":"78219b06-ad08-42d6-acb5-e5d736b739e8","ts":"2026-04-22T22:39:59.934-04:00","eventName":"n8n.node.finished","message":"n8n.node.finished","payload":{"workflowId":"FK6zS9L1aRBndJ8C","workflowName":"Crises e Alertas","executionId":"283","nodeType":"n8n-nodes-base.rssFeedRead","nodeName":"RSS Read5","nodeId":"309e5ca9-bbc3-4ee3-b0c7-ca8bbea7805f"}}
{"__type":"$$EventMessageConfirm","confirm":"78219b06-ad08-42d6-acb5-e5d736b739e8","ts":"2026-04-22T22:39:59.934-04:00","source":{"id":"0","name":"eventBus"}}
{"__type":"$$EventMessageWorkflow","id":"0f61ce9e-4ddb-48d4-8cae-53ecca679969","ts":"2026-04-22T22:39:59.937-04:00","eventName":"n8n.workflow.failed","message":"n8n.workflow.failed","payload":{"userId":"41628218-8c32-441c-975e-c8239073ce1a","executionId":"283","success":false,"isManual":true,"mode":"manual","workflowId":"FK6zS9L1aRBndJ8C","workflowName":"Crises e Alertas","lastNodeExecuted":"RSS Read5","errorNodeType":"n8n-nodes-base.rssFeedRead","errorMessage":"Request timed out after 60000ms"}}
{"__type":"$$EventMessageConfirm","confirm":"0f61ce9e-4ddb-48d4-8cae-53ecca679969","ts":"2026-04-22T22:39:59.937-04:00","source":{"id":"0","name":"eventBus"}}
{"__type":"$$EventMessageWorkflow","id":"3ee9c128-057a-46f6-8481-cf7bd6c66534","ts":"2026-04-22T22:40:29.027-04:00","eventName":"n8n.workflow.started","message":"n8n.workflow.started","payload":{"executionId":"284","workflowId":"FK6zS9L1aRBndJ8C","isManual":false,"mode":"trigger","workflowName":"Crises e Alertas"}}
{"__type":"$$EventMessageConfirm","confirm":"3ee9c128-057a-46f6-8481-cf7bd6c66534","ts":"2026-04-22T22:40:29.027-04:00","source":{"id":"0","name":"eventBus"}}
{"__type":"$$EventMessageAudit","id":"be701b82-d2ed-4a51-b3e8-31340053c91f","ts":"2026-04-22T22:40:29.027-04:00","eventName":"n8n.audit.workflow.executed","message":"n8n.audit.workflow.executed","payload":{"workflowId":"FK6zS9L1aRBndJ8C","workflowName":"Crises e Alertas","executionId":"284","source":"trigger"}}
{"__type":"$$EventMessageConfirm","confirm":"be701b82-d2ed-4a51-b3e8-31340053c91f","ts":"2026-04-22T22:40:29.027-04:00","source":{"id":"0","name":"eventBus"}}
{"__type":"$$EventMessageNode","id":"da7ed091-6c1f-450f-a4b6-3ad47f88ffa6","ts":"2026-04-22T22:40:29.027-04:00","eventName":"n8n.node.started","message":"n8n.node.started","payload":{"workflowId":"FK6zS9L1aRBndJ8C","workflowName":"Crises e Alertas","executionId":"284","nodeType":"n8n-nodes-base.scheduleTrigger","nodeName":"Schedule Trigger","nodeId":"a239ccd6-bbed-4ed8-a416-e0da4c9b6a78"}}
{"__type":"$$EventMessageConfirm","confirm":"da7ed091-6c1f-450f-a4b6-3ad47f88ffa6","ts":"2026-04-22T22:40:29.027-04:00","source":{"id":"0","name":"eventBus"}}
{"__type":"$$EventMessageNode","id":"9ee7f1e8-ab92-421e-8da6-f88235c47256","ts":"2026-04-22T22:40:29.027-04:00","eventName":"n8n.node.finished","message":"n8n.node.finished","payload":{"workflowId":"FK6zS9L1aRBndJ8C","workflowName":"Crises e Alertas","executionId":"284","nodeType":"n8n-nodes-base.scheduleTrigger","nodeName":"Schedule Trigger","nodeId":"a239ccd6-bbed-4ed8-a416-e0da4c9b6a78"}}
{"__type":"$$EventMessageConfirm","confirm":"9ee7f1e8-ab92-421e-8da6-f88235c47256","ts":"2026-04-22T22:40:29.027-04:00","source":{"id":"0","name":"eventBus"}}
{"__type":"$$EventMessageNode","id":"499c90de-e9c2-4fac-b33f-990419ff49b1","ts":"2026-04-22T22:40:29.027-04:00","eventName":"n8n.node.started","message":"n8n.node.started","payload":{"workflowId":"FK6zS9L1aRBndJ8C","workflowName":"Crises e Alertas","executionId":"284","nodeType":"n8n-nodes-base.rssFeedRead","nodeName":"RSS Read5","nodeId":"309e5ca9-bbc3-4ee3-b0c7-ca8bbea7805f"}}
{"__type":"$$EventMessageConfirm","confirm":"499c90de-e9c2-4fac-b33f-990419ff49b1","ts":"2026-04-22T22:40:29.027-04:00","source":{"id":"0","name":"eventBus"}}
