{"__type":"$$EventMessageAudit","id":"73c7c760-2629-4136-978f-d722b46d9555","ts":"2026-02-02T17:59:30.868+00:00","eventName":"n8n.audit.user.login.failed","message":"n8n.audit.user.login.failed","payload":{"authenticationMethod":"email","user":"sarahcomh13@gmail.com","reason":"wrong credentials"}}
{"__type":"$$EventMessageConfirm","confirm":"73c7c760-2629-4136-978f-d722b46d9555","ts":"2026-02-02T17:59:30.869+00:00","source":{"id":"0","name":"eventBus"}}
{"__type":"$$EventMessageAudit","id":"1e2e062e-dabe-4645-83b5-f3e6f8457a32","ts":"2026-02-02T17:59:43.006+00:00","eventName":"n8n.audit.user.login.failed","message":"n8n.audit.user.login.failed","payload":{"authenticationMethod":"email","user":"sarahcomh13@gmail.com","reason":"wrong credentials"}}
{"__type":"$$EventMessageConfirm","confirm":"1e2e062e-dabe-4645-83b5-f3e6f8457a32","ts":"2026-02-02T17:59:43.006+00:00","source":{"id":"0","name":"eventBus"}}
{"__type":"$$EventMessageWorkflow","id":"1060a7de-b1b4-4a56-9fa5-486e2e91b47f","ts":"2026-02-02T18:01:36.165+00:00","eventName":"n8n.workflow.started","message":"n8n.workflow.started","payload":{"executionId":"15","userId":"41628218-8c32-441c-975e-c8239073ce1a","workflowId":"0Jd1KisOXC4lJ4TH","isManual":false,"workflowName":"My workflow"}}
{"__type":"$$EventMessageConfirm","confirm":"1060a7de-b1b4-4a56-9fa5-486e2e91b47f","ts":"2026-02-02T18:01:36.165+00:00","source":{"id":"0","name":"eventBus"}}
{"__type":"$$EventMessageNode","id":"1bf3f8c9-09ac-46a4-84bf-33f14344408b","ts":"2026-02-02T18:01:36.166+00:00","eventName":"n8n.node.started","message":"n8n.node.started","payload":{"executionId":"15","nodeName":"Schedule Trigger","workflowId":"0Jd1KisOXC4lJ4TH","workflowName":"My workflow","nodeType":"n8n-nodes-base.scheduleTrigger"}}
{"__type":"$$EventMessageConfirm","confirm":"1bf3f8c9-09ac-46a4-84bf-33f14344408b","ts":"2026-02-02T18:01:36.166+00:00","source":{"id":"0","name":"eventBus"}}
{"__type":"$$EventMessageNode","id":"725869c1-c275-413d-ba4a-7b5b6a82a4e7","ts":"2026-02-02T18:01:36.168+00:00","eventName":"n8n.node.finished","message":"n8n.node.finished","payload":{"executionId":"15","nodeName":"Schedule Trigger","workflowId":"0Jd1KisOXC4lJ4TH","workflowName":"My workflow","nodeType":"n8n-nodes-base.scheduleTrigger"}}
{"__type":"$$EventMessageConfirm","confirm":"725869c1-c275-413d-ba4a-7b5b6a82a4e7","ts":"2026-02-02T18:01:36.168+00:00","source":{"id":"0","name":"eventBus"}}
{"__type":"$$EventMessageNode","id":"e55a6f8a-cf67-4fb0-b8c2-05c6ab54f7e5","ts":"2026-02-02T18:01:36.169+00:00","eventName":"n8n.node.started","message":"n8n.node.started","payload":{"executionId":"15","nodeName":"RSS Read","workflowId":"0Jd1KisOXC4lJ4TH","workflowName":"My workflow","nodeType":"n8n-nodes-base.rssFeedRead"}}
{"__type":"$$EventMessageConfirm","confirm":"e55a6f8a-cf67-4fb0-b8c2-05c6ab54f7e5","ts":"2026-02-02T18:01:36.169+00:00","source":{"id":"0","name":"eventBus"}}
{"__type":"$$EventMessageNode","id":"ef18d444-e407-422a-bae7-3695ed289f43","ts":"2026-02-02T18:01:37.227+00:00","eventName":"n8n.node.finished","message":"n8n.node.finished","payload":{"executionId":"15","nodeName":"RSS Read","workflowId":"0Jd1KisOXC4lJ4TH","workflowName":"My workflow","nodeType":"n8n-nodes-base.rssFeedRead"}}
{"__type":"$$EventMessageConfirm","confirm":"ef18d444-e407-422a-bae7-3695ed289f43","ts":"2026-02-02T18:01:37.227+00:00","source":{"id":"0","name":"eventBus"}}
{"__type":"$$EventMessageNode","id":"0e0331e2-cfe4-4ce2-b203-9b8225c80043","ts":"2026-02-02T18:01:37.228+00:00","eventName":"n8n.node.started","message":"n8n.node.started","payload":{"executionId":"15","nodeName":"HTTP Request","workflowId":"0Jd1KisOXC4lJ4TH","workflowName":"My workflow","nodeType":"n8n-nodes-base.httpRequest"}}
{"__type":"$$EventMessageConfirm","confirm":"0e0331e2-cfe4-4ce2-b203-9b8225c80043","ts":"2026-02-02T18:01:37.228+00:00","source":{"id":"0","name":"eventBus"}}
{"__type":"$$EventMessageNode","id":"73a9f398-408e-408b-b134-fe46f484a129","ts":"2026-02-02T13:01:45.957-05:00","eventName":"n8n.node.finished","message":"n8n.node.finished","payload":{"executionId":"15","nodeName":"HTTP Request","workflowId":"0Jd1KisOXC4lJ4TH","workflowName":"My workflow","nodeType":"n8n-nodes-base.httpRequest"}}
{"__type":"$$EventMessageConfirm","confirm":"73a9f398-408e-408b-b134-fe46f484a129","ts":"2026-02-02T13:01:45.957-05:00","source":{"id":"0","name":"eventBus"}}
{"__type":"$$EventMessageWorkflow","id":"e5953ac8-d7d4-4ec8-989c-efaeb8c3bb2e","ts":"2026-02-02T13:01:46.154-05:00","eventName":"n8n.workflow.failed","message":"n8n.workflow.failed","payload":{"executionId":"15","success":false,"userId":"41628218-8c32-441c-975e-c8239073ce1a","workflowId":"0Jd1KisOXC4lJ4TH","isManual":false,"workflowName":"My workflow","lastNodeExecuted":"HTTP Request","errorNodeType":"n8n-nodes-base.httpRequest","errorMessage":"The connection to the server wes closed unexpectedly, perhaps it is offline. You can retry request immidiately or wait and retry later."}}
{"__type":"$$EventMessageConfirm","confirm":"e5953ac8-d7d4-4ec8-989c-efaeb8c3bb2e","ts":"2026-02-02T13:01:46.154-05:00","source":{"id":"0","name":"eventBus"}}
{"__type":"$$EventMessageAudit","id":"303bb468-0e04-48b0-b99d-dfb995d8c6e7","ts":"2026-02-02T13:14:22.417-05:00","eventName":"n8n.audit.user.login.failed","message":"n8n.audit.user.login.failed","payload":{"authenticationMethod":"email","user":"admin@admin.com","reason":"wrong credentials"}}
{"__type":"$$EventMessageConfirm","confirm":"303bb468-0e04-48b0-b99d-dfb995d8c6e7","ts":"2026-02-02T13:14:22.418-05:00","source":{"id":"0","name":"eventBus"}}
