{"__type":"$$EventMessageWorkflow","id":"8c8faa52-2c3f-4573-8f81-bd9d34a6e2b6","ts":"2026-04-23T02:41:30.487+00:00","eventName":"n8n.workflow.started","message":"n8n.workflow.started","payload":{"executionId":"285","workflowId":"FK6zS9L1aRBndJ8C","isManual":false,"mode":"manual","workflowName":"Crises e Alertas"}}
{"__type":"$$EventMessageConfirm","confirm":"8c8faa52-2c3f-4573-8f81-bd9d34a6e2b6","ts":"2026-04-23T02:41:30.487+00:00","source":{"id":"0","name":"eventBus"}}
{"__type":"$$EventMessageAudit","id":"2853e9df-1702-4e63-b640-32dc29f53467","ts":"2026-04-23T02:41:30.488+00:00","eventName":"n8n.audit.workflow.executed","message":"n8n.audit.workflow.executed","payload":{"userId":"41628218-8c32-441c-975e-c8239073ce1a","_email":"admin@admin.com","_firstName":"Admin","_lastName":"Admin","globalRole":"global:owner","workflowId":"FK6zS9L1aRBndJ8C","workflowName":"Crises e Alertas","executionId":"285","source":"user-manual"}}
{"__type":"$$EventMessageConfirm","confirm":"2853e9df-1702-4e63-b640-32dc29f53467","ts":"2026-04-23T02:41:30.488+00:00","source":{"id":"0","name":"eventBus"}}
{"__type":"$$EventMessageNode","id":"73d424ce-ee41-4ec5-9565-36e8d6c1917a","ts":"2026-04-23T02:41:30.497+00:00","eventName":"n8n.node.started","message":"n8n.node.started","payload":{"workflowId":"FK6zS9L1aRBndJ8C","workflowName":"Crises e Alertas","executionId":"285","nodeType":"n8n-nodes-base.scheduleTrigger","nodeName":"Schedule Trigger","nodeId":"a239ccd6-bbed-4ed8-a416-e0da4c9b6a78"}}
{"__type":"$$EventMessageConfirm","confirm":"73d424ce-ee41-4ec5-9565-36e8d6c1917a","ts":"2026-04-23T02:41:30.497+00:00","source":{"id":"0","name":"eventBus"}}
{"__type":"$$EventMessageNode","id":"661d0a4e-c3cf-4928-907c-7084ca1d8668","ts":"2026-04-23T02:41:30.504+00:00","eventName":"n8n.node.finished","message":"n8n.node.finished","payload":{"workflowId":"FK6zS9L1aRBndJ8C","workflowName":"Crises e Alertas","executionId":"285","nodeType":"n8n-nodes-base.scheduleTrigger","nodeName":"Schedule Trigger","nodeId":"a239ccd6-bbed-4ed8-a416-e0da4c9b6a78"}}
{"__type":"$$EventMessageConfirm","confirm":"661d0a4e-c3cf-4928-907c-7084ca1d8668","ts":"2026-04-23T02:41:30.504+00:00","source":{"id":"0","name":"eventBus"}}
{"__type":"$$EventMessageNode","id":"63a4fdc0-4aec-4d34-af2d-04f971f735c7","ts":"2026-04-23T02:41:30.505+00:00","eventName":"n8n.node.started","message":"n8n.node.started","payload":{"workflowId":"FK6zS9L1aRBndJ8C","workflowName":"Crises e Alertas","executionId":"285","nodeType":"n8n-nodes-base.rssFeedRead","nodeName":"RSS Read5","nodeId":"309e5ca9-bbc3-4ee3-b0c7-ca8bbea7805f"}}
{"__type":"$$EventMessageConfirm","confirm":"63a4fdc0-4aec-4d34-af2d-04f971f735c7","ts":"2026-04-23T02:41:30.505+00:00","source":{"id":"0","name":"eventBus"}}
{"__type":"$$EventMessageNode","id":"a33657b8-634a-4acc-86d2-07a8977b2fbf","ts":"2026-04-23T02:41:31.479+00:00","eventName":"n8n.node.finished","message":"n8n.node.finished","payload":{"workflowId":"FK6zS9L1aRBndJ8C","workflowName":"Crises e Alertas","executionId":"285","nodeType":"n8n-nodes-base.rssFeedRead","nodeName":"RSS Read5","nodeId":"309e5ca9-bbc3-4ee3-b0c7-ca8bbea7805f"}}
{"__type":"$$EventMessageConfirm","confirm":"a33657b8-634a-4acc-86d2-07a8977b2fbf","ts":"2026-04-23T02:41:31.480+00:00","source":{"id":"0","name":"eventBus"}}
{"__type":"$$EventMessageNode","id":"83944abb-2210-420c-be21-4194fa63280d","ts":"2026-04-23T02:41:31.482+00:00","eventName":"n8n.node.started","message":"n8n.node.started","payload":{"workflowId":"FK6zS9L1aRBndJ8C","workflowName":"Crises e Alertas","executionId":"285","nodeType":"n8n-nodes-base.rssFeedRead","nodeName":"RSS Read4","nodeId":"3dcce369-8fa4-48ef-9394-d36d2d1f5c0e"}}
{"__type":"$$EventMessageConfirm","confirm":"83944abb-2210-420c-be21-4194fa63280d","ts":"2026-04-23T02:41:31.483+00:00","source":{"id":"0","name":"eventBus"}}
{"__type":"$$EventMessageNode","id":"b32ae619-b6b6-41e6-ae28-5dfed316c3bd","ts":"2026-04-23T02:41:32.505+00:00","eventName":"n8n.node.finished","message":"n8n.node.finished","payload":{"workflowId":"FK6zS9L1aRBndJ8C","workflowName":"Crises e Alertas","executionId":"285","nodeType":"n8n-nodes-base.rssFeedRead","nodeName":"RSS Read4","nodeId":"3dcce369-8fa4-48ef-9394-d36d2d1f5c0e"}}
{"__type":"$$EventMessageConfirm","confirm":"b32ae619-b6b6-41e6-ae28-5dfed316c3bd","ts":"2026-04-23T02:41:32.505+00:00","source":{"id":"0","name":"eventBus"}}
{"__type":"$$EventMessageNode","id":"4fbdf6d7-a3c5-4a79-8281-84e92bc4cbe1","ts":"2026-04-23T02:41:32.509+00:00","eventName":"n8n.node.started","message":"n8n.node.started","payload":{"workflowId":"FK6zS9L1aRBndJ8C","workflowName":"Crises e Alertas","executionId":"285","nodeType":"n8n-nodes-base.rssFeedRead","nodeName":"RSS Read3","nodeId":"2976176f-1874-4872-a000-89eaf975c8be"}}
{"__type":"$$EventMessageConfirm","confirm":"4fbdf6d7-a3c5-4a79-8281-84e92bc4cbe1","ts":"2026-04-23T02:41:32.509+00:00","source":{"id":"0","name":"eventBus"}}
{"__type":"$$EventMessageNode","id":"b55e2307-af0a-4ad3-b40f-ddb5db2d968f","ts":"2026-04-23T02:41:33.465+00:00","eventName":"n8n.node.finished","message":"n8n.node.finished","payload":{"workflowId":"FK6zS9L1aRBndJ8C","workflowName":"Crises e Alertas","executionId":"285","nodeType":"n8n-nodes-base.rssFeedRead","nodeName":"RSS Read3","nodeId":"2976176f-1874-4872-a000-89eaf975c8be"}}
{"__type":"$$EventMessageConfirm","confirm":"b55e2307-af0a-4ad3-b40f-ddb5db2d968f","ts":"2026-04-23T02:41:33.465+00:00","source":{"id":"0","name":"eventBus"}}
{"__type":"$$EventMessageNode","id":"d77d14bb-d4f5-48a5-a8fc-895a21a6cff5","ts":"2026-04-23T02:41:33.469+00:00","eventName":"n8n.node.started","message":"n8n.node.started","payload":{"workflowId":"FK6zS9L1aRBndJ8C","workflowName":"Crises e Alertas","executionId":"285","nodeType":"n8n-nodes-base.merge","nodeName":"Merge","nodeId":"b4c28652-ddb0-4113-9396-1af641e121bd"}}
{"__type":"$$EventMessageConfirm","confirm":"d77d14bb-d4f5-48a5-a8fc-895a21a6cff5","ts":"2026-04-23T02:41:33.469+00:00","source":{"id":"0","name":"eventBus"}}
{"__type":"$$EventMessageNode","id":"aae2fd17-3a81-4e70-b1da-23ee8e437b52","ts":"2026-04-22T22:41:33.504-04:00","eventName":"n8n.node.finished","message":"n8n.node.finished","payload":{"workflowId":"FK6zS9L1aRBndJ8C","workflowName":"Crises e Alertas","executionId":"285","nodeType":"n8n-nodes-base.merge","nodeName":"Merge","nodeId":"b4c28652-ddb0-4113-9396-1af641e121bd"}}
{"__type":"$$EventMessageConfirm","confirm":"aae2fd17-3a81-4e70-b1da-23ee8e437b52","ts":"2026-04-22T22:41:33.504-04:00","source":{"id":"0","name":"eventBus"}}
{"__type":"$$EventMessageNode","id":"57f8f036-9f8a-4618-8ef7-999fec7b147c","ts":"2026-04-22T22:41:33.511-04:00","eventName":"n8n.node.started","message":"n8n.node.started","payload":{"workflowId":"FK6zS9L1aRBndJ8C","workflowName":"Crises e Alertas","executionId":"285","nodeType":"n8n-nodes-base.code","nodeName":"Code in JavaScript","nodeId":"c3ae173a-eac9-4735-8375-a7c061487cd8"}}
{"__type":"$$EventMessageConfirm","confirm":"57f8f036-9f8a-4618-8ef7-999fec7b147c","ts":"2026-04-22T22:41:33.511-04:00","source":{"id":"0","name":"eventBus"}}
{"__type":"$$EventMessageRunner","id":"f6a3a814-ba1d-44fc-81be-86a3cf1e0a9d","ts":"2026-04-22T22:41:33.515-04:00","eventName":"n8n.runner.task.requested","message":"n8n.runner.task.requested","payload":{"taskId":"5UgXdTpK","nodeId":"c3ae173a-eac9-4735-8375-a7c061487cd8","workflowId":"FK6zS9L1aRBndJ8C","executionId":"285"}}
{"__type":"$$EventMessageConfirm","confirm":"f6a3a814-ba1d-44fc-81be-86a3cf1e0a9d","ts":"2026-04-22T22:41:33.515-04:00","source":{"id":"0","name":"eventBus"}}
{"__type":"$$EventMessageRunner","id":"5c755a2c-d62f-4f93-958f-d0eb2534bcc4","ts":"2026-04-22T22:41:33.612-04:00","eventName":"n8n.runner.response.received","message":"n8n.runner.response.received","payload":{"taskId":"5UgXdTpK","nodeId":"c3ae173a-eac9-4735-8375-a7c061487cd8","workflowId":"FK6zS9L1aRBndJ8C","executionId":"285"}}
{"__type":"$$EventMessageConfirm","confirm":"5c755a2c-d62f-4f93-958f-d0eb2534bcc4","ts":"2026-04-22T22:41:33.612-04:00","source":{"id":"0","name":"eventBus"}}
{"__type":"$$EventMessageNode","id":"871edc99-09b1-4f54-abb9-8678a31f1298","ts":"2026-04-22T22:41:33.613-04:00","eventName":"n8n.node.finished","message":"n8n.node.finished","payload":{"workflowId":"FK6zS9L1aRBndJ8C","workflowName":"Crises e Alertas","executionId":"285","nodeType":"n8n-nodes-base.code","nodeName":"Code in JavaScript","nodeId":"c3ae173a-eac9-4735-8375-a7c061487cd8"}}
{"__type":"$$EventMessageConfirm","confirm":"871edc99-09b1-4f54-abb9-8678a31f1298","ts":"2026-04-22T22:41:33.613-04:00","source":{"id":"0","name":"eventBus"}}
{"__type":"$$EventMessageNode","id":"43bbbb8d-fbb7-4b01-aaa5-7ecf4bae890f","ts":"2026-04-22T22:41:33.619-04:00","eventName":"n8n.node.started","message":"n8n.node.started","payload":{"workflowId":"FK6zS9L1aRBndJ8C","workflowName":"Crises e Alertas","executionId":"285","nodeType":"n8n-nodes-base.httpRequest","nodeName":"HTTP Request3","nodeId":"5bd5f1c4-7e6f-42de-a3ab-68d40d3191e2"}}
{"__type":"$$EventMessageConfirm","confirm":"43bbbb8d-fbb7-4b01-aaa5-7ecf4bae890f","ts":"2026-04-22T22:41:33.619-04:00","source":{"id":"0","name":"eventBus"}}
{"__type":"$$EventMessageNode","id":"24eab14e-0f24-4b79-b589-5dabb8b9f764","ts":"2026-04-22T22:42:22.529-04:00","eventName":"n8n.node.finished","message":"n8n.node.finished","payload":{"workflowId":"FK6zS9L1aRBndJ8C","workflowName":"Crises e Alertas","executionId":"285","nodeType":"n8n-nodes-base.httpRequest","nodeName":"HTTP Request3","nodeId":"5bd5f1c4-7e6f-42de-a3ab-68d40d3191e2"}}
{"__type":"$$EventMessageConfirm","confirm":"24eab14e-0f24-4b79-b589-5dabb8b9f764","ts":"2026-04-22T22:42:22.530-04:00","source":{"id":"0","name":"eventBus"}}
{"__type":"$$EventMessageWorkflow","id":"af2ed2b0-a3b5-46e8-b077-afb15eade8c1","ts":"2026-04-22T22:42:22.543-04:00","eventName":"n8n.workflow.failed","message":"n8n.workflow.failed","payload":{"userId":"41628218-8c32-441c-975e-c8239073ce1a","executionId":"285","success":false,"isManual":true,"mode":"manual","workflowId":"FK6zS9L1aRBndJ8C","workflowName":"Crises e Alertas","lastNodeExecuted":"HTTP Request3","errorNodeType":"n8n-nodes-base.httpRequest","errorMessage":"Bad request - please check your parameters"}}
{"__type":"$$EventMessageConfirm","confirm":"af2ed2b0-a3b5-46e8-b077-afb15eade8c1","ts":"2026-04-22T22:42:22.543-04:00","source":{"id":"0","name":"eventBus"}}
{"__type":"$$EventMessageWorkflow","id":"9e508899-fe99-48c2-bab2-41d95f065618","ts":"2026-04-22T22:45:14.032-04:00","eventName":"n8n.workflow.started","message":"n8n.workflow.started","payload":{"executionId":"286","workflowId":"FK6zS9L1aRBndJ8C","isManual":false,"mode":"trigger","workflowName":"Crises e Alertas"}}
{"__type":"$$EventMessageConfirm","confirm":"9e508899-fe99-48c2-bab2-41d95f065618","ts":"2026-04-22T22:45:14.033-04:00","source":{"id":"0","name":"eventBus"}}
{"__type":"$$EventMessageAudit","id":"20eebacf-2cd0-4836-9a4e-1adf09d0115e","ts":"2026-04-22T22:45:14.033-04:00","eventName":"n8n.audit.workflow.executed","message":"n8n.audit.workflow.executed","payload":{"workflowId":"FK6zS9L1aRBndJ8C","workflowName":"Crises e Alertas","executionId":"286","source":"trigger"}}
{"__type":"$$EventMessageConfirm","confirm":"20eebacf-2cd0-4836-9a4e-1adf09d0115e","ts":"2026-04-22T22:45:14.033-04:00","source":{"id":"0","name":"eventBus"}}
{"__type":"$$EventMessageNode","id":"01af9dcd-04b4-4c3c-9383-584fddd50f12","ts":"2026-04-22T22:45:14.033-04:00","eventName":"n8n.node.started","message":"n8n.node.started","payload":{"workflowId":"FK6zS9L1aRBndJ8C","workflowName":"Crises e Alertas","executionId":"286","nodeType":"n8n-nodes-base.scheduleTrigger","nodeName":"Schedule Trigger","nodeId":"a239ccd6-bbed-4ed8-a416-e0da4c9b6a78"}}
{"__type":"$$EventMessageConfirm","confirm":"01af9dcd-04b4-4c3c-9383-584fddd50f12","ts":"2026-04-22T22:45:14.033-04:00","source":{"id":"0","name":"eventBus"}}
{"__type":"$$EventMessageNode","id":"52db8668-c67c-42e2-867c-65e1d60da512","ts":"2026-04-22T22:45:14.034-04:00","eventName":"n8n.node.finished","message":"n8n.node.finished","payload":{"workflowId":"FK6zS9L1aRBndJ8C","workflowName":"Crises e Alertas","executionId":"286","nodeType":"n8n-nodes-base.scheduleTrigger","nodeName":"Schedule Trigger","nodeId":"a239ccd6-bbed-4ed8-a416-e0da4c9b6a78"}}
{"__type":"$$EventMessageConfirm","confirm":"52db8668-c67c-42e2-867c-65e1d60da512","ts":"2026-04-22T22:45:14.034-04:00","source":{"id":"0","name":"eventBus"}}
{"__type":"$$EventMessageNode","id":"07e79985-0240-4363-b0f1-1b54ccbddafa","ts":"2026-04-22T22:45:14.034-04:00","eventName":"n8n.node.started","message":"n8n.node.started","payload":{"workflowId":"FK6zS9L1aRBndJ8C","workflowName":"Crises e Alertas","executionId":"286","nodeType":"n8n-nodes-base.rssFeedRead","nodeName":"RSS Read5","nodeId":"309e5ca9-bbc3-4ee3-b0c7-ca8bbea7805f"}}
{"__type":"$$EventMessageConfirm","confirm":"07e79985-0240-4363-b0f1-1b54ccbddafa","ts":"2026-04-22T22:45:14.034-04:00","source":{"id":"0","name":"eventBus"}}
{"__type":"$$EventMessageNode","id":"e6ed988a-ae10-4e78-80d8-82fa5e581c31","ts":"2026-04-22T22:45:14.930-04:00","eventName":"n8n.node.finished","message":"n8n.node.finished","payload":{"workflowId":"FK6zS9L1aRBndJ8C","workflowName":"Crises e Alertas","executionId":"286","nodeType":"n8n-nodes-base.rssFeedRead","nodeName":"RSS Read5","nodeId":"309e5ca9-bbc3-4ee3-b0c7-ca8bbea7805f"}}
{"__type":"$$EventMessageConfirm","confirm":"e6ed988a-ae10-4e78-80d8-82fa5e581c31","ts":"2026-04-22T22:45:14.930-04:00","source":{"id":"0","name":"eventBus"}}
{"__type":"$$EventMessageNode","id":"bb4286e1-f7a0-49ea-9ad6-483751595da6","ts":"2026-04-22T22:45:14.930-04:00","eventName":"n8n.node.started","message":"n8n.node.started","payload":{"workflowId":"FK6zS9L1aRBndJ8C","workflowName":"Crises e Alertas","executionId":"286","nodeType":"n8n-nodes-base.rssFeedRead","nodeName":"RSS Read4","nodeId":"3dcce369-8fa4-48ef-9394-d36d2d1f5c0e"}}
{"__type":"$$EventMessageConfirm","confirm":"bb4286e1-f7a0-49ea-9ad6-483751595da6","ts":"2026-04-22T22:45:14.930-04:00","source":{"id":"0","name":"eventBus"}}
{"__type":"$$EventMessageNode","id":"032a05f3-389f-4eff-a716-ebdcc5779d12","ts":"2026-04-22T22:45:15.912-04:00","eventName":"n8n.node.finished","message":"n8n.node.finished","payload":{"workflowId":"FK6zS9L1aRBndJ8C","workflowName":"Crises e Alertas","executionId":"286","nodeType":"n8n-nodes-base.rssFeedRead","nodeName":"RSS Read4","nodeId":"3dcce369-8fa4-48ef-9394-d36d2d1f5c0e"}}
{"__type":"$$EventMessageConfirm","confirm":"032a05f3-389f-4eff-a716-ebdcc5779d12","ts":"2026-04-22T22:45:15.912-04:00","source":{"id":"0","name":"eventBus"}}
{"__type":"$$EventMessageNode","id":"ecc8d557-8815-46b9-9fbd-ad24f8f34ecf","ts":"2026-04-22T22:45:15.912-04:00","eventName":"n8n.node.started","message":"n8n.node.started","payload":{"workflowId":"FK6zS9L1aRBndJ8C","workflowName":"Crises e Alertas","executionId":"286","nodeType":"n8n-nodes-base.rssFeedRead","nodeName":"RSS Read3","nodeId":"2976176f-1874-4872-a000-89eaf975c8be"}}
{"__type":"$$EventMessageConfirm","confirm":"ecc8d557-8815-46b9-9fbd-ad24f8f34ecf","ts":"2026-04-22T22:45:15.912-04:00","source":{"id":"0","name":"eventBus"}}
{"__type":"$$EventMessageNode","id":"460af16f-263d-435f-85cd-3f27fbb80232","ts":"2026-04-22T22:45:16.840-04:00","eventName":"n8n.node.finished","message":"n8n.node.finished","payload":{"workflowId":"FK6zS9L1aRBndJ8C","workflowName":"Crises e Alertas","executionId":"286","nodeType":"n8n-nodes-base.rssFeedRead","nodeName":"RSS Read3","nodeId":"2976176f-1874-4872-a000-89eaf975c8be"}}
{"__type":"$$EventMessageConfirm","confirm":"460af16f-263d-435f-85cd-3f27fbb80232","ts":"2026-04-22T22:45:16.840-04:00","source":{"id":"0","name":"eventBus"}}
{"__type":"$$EventMessageNode","id":"9df2f0d3-f800-458d-b8ea-223610d16529","ts":"2026-04-22T22:45:16.840-04:00","eventName":"n8n.node.started","message":"n8n.node.started","payload":{"workflowId":"FK6zS9L1aRBndJ8C","workflowName":"Crises e Alertas","executionId":"286","nodeType":"n8n-nodes-base.merge","nodeName":"Merge","nodeId":"b4c28652-ddb0-4113-9396-1af641e121bd"}}
{"__type":"$$EventMessageConfirm","confirm":"9df2f0d3-f800-458d-b8ea-223610d16529","ts":"2026-04-22T22:45:16.840-04:00","source":{"id":"0","name":"eventBus"}}
{"__type":"$$EventMessageNode","id":"c16e9e3d-d4a9-42c0-a2be-60aba31cac60","ts":"2026-04-22T22:45:16.842-04:00","eventName":"n8n.node.finished","message":"n8n.node.finished","payload":{"workflowId":"FK6zS9L1aRBndJ8C","workflowName":"Crises e Alertas","executionId":"286","nodeType":"n8n-nodes-base.merge","nodeName":"Merge","nodeId":"b4c28652-ddb0-4113-9396-1af641e121bd"}}
{"__type":"$$EventMessageConfirm","confirm":"c16e9e3d-d4a9-42c0-a2be-60aba31cac60","ts":"2026-04-22T22:45:16.842-04:00","source":{"id":"0","name":"eventBus"}}
{"__type":"$$EventMessageNode","id":"88ea652c-96eb-4d7f-aad2-7e5e6f218fb3","ts":"2026-04-22T22:45:16.842-04:00","eventName":"n8n.node.started","message":"n8n.node.started","payload":{"workflowId":"FK6zS9L1aRBndJ8C","workflowName":"Crises e Alertas","executionId":"286","nodeType":"n8n-nodes-base.code","nodeName":"Code in JavaScript","nodeId":"c3ae173a-eac9-4735-8375-a7c061487cd8"}}
{"__type":"$$EventMessageConfirm","confirm":"88ea652c-96eb-4d7f-aad2-7e5e6f218fb3","ts":"2026-04-22T22:45:16.842-04:00","source":{"id":"0","name":"eventBus"}}
{"__type":"$$EventMessageRunner","id":"7074add8-94d9-4fa4-b840-33e876a1e785","ts":"2026-04-22T22:45:16.845-04:00","eventName":"n8n.runner.task.requested","message":"n8n.runner.task.requested","payload":{"taskId":"eJtvrxSc","nodeId":"c3ae173a-eac9-4735-8375-a7c061487cd8","workflowId":"FK6zS9L1aRBndJ8C","executionId":"286"}}
{"__type":"$$EventMessageConfirm","confirm":"7074add8-94d9-4fa4-b840-33e876a1e785","ts":"2026-04-22T22:45:16.845-04:00","source":{"id":"0","name":"eventBus"}}
{"__type":"$$EventMessageRunner","id":"7fa218dd-0457-4a3f-ae4c-26c3109e22a8","ts":"2026-04-22T22:45:16.883-04:00","eventName":"n8n.runner.response.received","message":"n8n.runner.response.received","payload":{"taskId":"eJtvrxSc","nodeId":"c3ae173a-eac9-4735-8375-a7c061487cd8","workflowId":"FK6zS9L1aRBndJ8C","executionId":"286"}}
{"__type":"$$EventMessageConfirm","confirm":"7fa218dd-0457-4a3f-ae4c-26c3109e22a8","ts":"2026-04-22T22:45:16.883-04:00","source":{"id":"0","name":"eventBus"}}
{"__type":"$$EventMessageNode","id":"32206b88-93d9-4bee-ac69-588fc7bb7ce9","ts":"2026-04-22T22:45:16.884-04:00","eventName":"n8n.node.finished","message":"n8n.node.finished","payload":{"workflowId":"FK6zS9L1aRBndJ8C","workflowName":"Crises e Alertas","executionId":"286","nodeType":"n8n-nodes-base.code","nodeName":"Code in JavaScript","nodeId":"c3ae173a-eac9-4735-8375-a7c061487cd8"}}
{"__type":"$$EventMessageConfirm","confirm":"32206b88-93d9-4bee-ac69-588fc7bb7ce9","ts":"2026-04-22T22:45:16.884-04:00","source":{"id":"0","name":"eventBus"}}
{"__type":"$$EventMessageNode","id":"2b1385bc-6540-4442-80c1-e2d8a41e2560","ts":"2026-04-22T22:45:16.884-04:00","eventName":"n8n.node.started","message":"n8n.node.started","payload":{"workflowId":"FK6zS9L1aRBndJ8C","workflowName":"Crises e Alertas","executionId":"286","nodeType":"n8n-nodes-base.httpRequest","nodeName":"HTTP Request3","nodeId":"5bd5f1c4-7e6f-42de-a3ab-68d40d3191e2"}}
{"__type":"$$EventMessageConfirm","confirm":"2b1385bc-6540-4442-80c1-e2d8a41e2560","ts":"2026-04-22T22:45:16.884-04:00","source":{"id":"0","name":"eventBus"}}
{"__type":"$$EventMessageNode","id":"f07f8361-8f44-4857-88df-70cfae7ad9f3","ts":"2026-04-22T22:46:05.667-04:00","eventName":"n8n.node.finished","message":"n8n.node.finished","payload":{"workflowId":"FK6zS9L1aRBndJ8C","workflowName":"Crises e Alertas","executionId":"286","nodeType":"n8n-nodes-base.httpRequest","nodeName":"HTTP Request3","nodeId":"5bd5f1c4-7e6f-42de-a3ab-68d40d3191e2"}}
{"__type":"$$EventMessageConfirm","confirm":"f07f8361-8f44-4857-88df-70cfae7ad9f3","ts":"2026-04-22T22:46:05.667-04:00","source":{"id":"0","name":"eventBus"}}
{"__type":"$$EventMessageWorkflow","id":"664bac25-2b59-40ec-a3c1-4ba3b994d182","ts":"2026-04-22T22:46:05.669-04:00","eventName":"n8n.workflow.failed","message":"n8n.workflow.failed","payload":{"executionId":"286","success":false,"isManual":false,"mode":"trigger","workflowId":"FK6zS9L1aRBndJ8C","workflowName":"Crises e Alertas","lastNodeExecuted":"HTTP Request3","errorNodeType":"n8n-nodes-base.httpRequest","errorMessage":"Bad request - please check your parameters"}}
{"__type":"$$EventMessageConfirm","confirm":"664bac25-2b59-40ec-a3c1-4ba3b994d182","ts":"2026-04-22T22:46:05.669-04:00","source":{"id":"0","name":"eventBus"}}
{"__type":"$$EventMessageWorkflow","id":"8f376712-357b-4847-b341-30962e64dfd8","ts":"2026-04-22T22:50:14.034-04:00","eventName":"n8n.workflow.started","message":"n8n.workflow.started","payload":{"executionId":"287","workflowId":"FK6zS9L1aRBndJ8C","isManual":false,"mode":"trigger","workflowName":"Crises e Alertas"}}
{"__type":"$$EventMessageConfirm","confirm":"8f376712-357b-4847-b341-30962e64dfd8","ts":"2026-04-22T22:50:14.034-04:00","source":{"id":"0","name":"eventBus"}}
{"__type":"$$EventMessageAudit","id":"03f314c5-2343-4747-a2d3-02e7c44da471","ts":"2026-04-22T22:50:14.034-04:00","eventName":"n8n.audit.workflow.executed","message":"n8n.audit.workflow.executed","payload":{"workflowId":"FK6zS9L1aRBndJ8C","workflowName":"Crises e Alertas","executionId":"287","source":"trigger"}}
{"__type":"$$EventMessageConfirm","confirm":"03f314c5-2343-4747-a2d3-02e7c44da471","ts":"2026-04-22T22:50:14.034-04:00","source":{"id":"0","name":"eventBus"}}
{"__type":"$$EventMessageNode","id":"a6e4fe5d-2df6-493f-b76e-7c9a8d83030a","ts":"2026-04-22T22:50:14.035-04:00","eventName":"n8n.node.started","message":"n8n.node.started","payload":{"workflowId":"FK6zS9L1aRBndJ8C","workflowName":"Crises e Alertas","executionId":"287","nodeType":"n8n-nodes-base.scheduleTrigger","nodeName":"Schedule Trigger","nodeId":"a239ccd6-bbed-4ed8-a416-e0da4c9b6a78"}}
{"__type":"$$EventMessageConfirm","confirm":"a6e4fe5d-2df6-493f-b76e-7c9a8d83030a","ts":"2026-04-22T22:50:14.035-04:00","source":{"id":"0","name":"eventBus"}}
{"__type":"$$EventMessageNode","id":"2bd8a62a-86f7-4822-a179-e87e3050dd32","ts":"2026-04-22T22:50:14.035-04:00","eventName":"n8n.node.finished","message":"n8n.node.finished","payload":{"workflowId":"FK6zS9L1aRBndJ8C","workflowName":"Crises e Alertas","executionId":"287","nodeType":"n8n-nodes-base.scheduleTrigger","nodeName":"Schedule Trigger","nodeId":"a239ccd6-bbed-4ed8-a416-e0da4c9b6a78"}}
{"__type":"$$EventMessageConfirm","confirm":"2bd8a62a-86f7-4822-a179-e87e3050dd32","ts":"2026-04-22T22:50:14.035-04:00","source":{"id":"0","name":"eventBus"}}
{"__type":"$$EventMessageNode","id":"a8c57682-402e-4e00-849a-a2c30c89c534","ts":"2026-04-22T22:50:14.035-04:00","eventName":"n8n.node.started","message":"n8n.node.started","payload":{"workflowId":"FK6zS9L1aRBndJ8C","workflowName":"Crises e Alertas","executionId":"287","nodeType":"n8n-nodes-base.rssFeedRead","nodeName":"RSS Read5","nodeId":"309e5ca9-bbc3-4ee3-b0c7-ca8bbea7805f"}}
{"__type":"$$EventMessageConfirm","confirm":"a8c57682-402e-4e00-849a-a2c30c89c534","ts":"2026-04-22T22:50:14.035-04:00","source":{"id":"0","name":"eventBus"}}
{"__type":"$$EventMessageNode","id":"e9017979-80aa-42e7-a123-10395ae21847","ts":"2026-04-22T22:50:15.176-04:00","eventName":"n8n.node.finished","message":"n8n.node.finished","payload":{"workflowId":"FK6zS9L1aRBndJ8C","workflowName":"Crises e Alertas","executionId":"287","nodeType":"n8n-nodes-base.rssFeedRead","nodeName":"RSS Read5","nodeId":"309e5ca9-bbc3-4ee3-b0c7-ca8bbea7805f"}}
{"__type":"$$EventMessageConfirm","confirm":"e9017979-80aa-42e7-a123-10395ae21847","ts":"2026-04-22T22:50:15.176-04:00","source":{"id":"0","name":"eventBus"}}
{"__type":"$$EventMessageNode","id":"2bb8d0c8-477e-4c70-9d79-20664aa7fbe7","ts":"2026-04-22T22:50:15.177-04:00","eventName":"n8n.node.started","message":"n8n.node.started","payload":{"workflowId":"FK6zS9L1aRBndJ8C","workflowName":"Crises e Alertas","executionId":"287","nodeType":"n8n-nodes-base.rssFeedRead","nodeName":"RSS Read4","nodeId":"3dcce369-8fa4-48ef-9394-d36d2d1f5c0e"}}
{"__type":"$$EventMessageConfirm","confirm":"2bb8d0c8-477e-4c70-9d79-20664aa7fbe7","ts":"2026-04-22T22:50:15.177-04:00","source":{"id":"0","name":"eventBus"}}
{"__type":"$$EventMessageNode","id":"d5b5f57c-6682-4860-8dac-28615103fbfd","ts":"2026-04-22T22:50:15.824-04:00","eventName":"n8n.node.finished","message":"n8n.node.finished","payload":{"workflowId":"FK6zS9L1aRBndJ8C","workflowName":"Crises e Alertas","executionId":"287","nodeType":"n8n-nodes-base.rssFeedRead","nodeName":"RSS Read4","nodeId":"3dcce369-8fa4-48ef-9394-d36d2d1f5c0e"}}
{"__type":"$$EventMessageConfirm","confirm":"d5b5f57c-6682-4860-8dac-28615103fbfd","ts":"2026-04-22T22:50:15.824-04:00","source":{"id":"0","name":"eventBus"}}
{"__type":"$$EventMessageNode","id":"2d5541d9-18f2-4253-89a9-8091b3f7f32f","ts":"2026-04-22T22:50:15.825-04:00","eventName":"n8n.node.started","message":"n8n.node.started","payload":{"workflowId":"FK6zS9L1aRBndJ8C","workflowName":"Crises e Alertas","executionId":"287","nodeType":"n8n-nodes-base.rssFeedRead","nodeName":"RSS Read3","nodeId":"2976176f-1874-4872-a000-89eaf975c8be"}}
{"__type":"$$EventMessageConfirm","confirm":"2d5541d9-18f2-4253-89a9-8091b3f7f32f","ts":"2026-04-22T22:50:15.825-04:00","source":{"id":"0","name":"eventBus"}}
{"__type":"$$EventMessageNode","id":"a41f9bb7-437d-4b66-9fad-1ebc2a9198ba","ts":"2026-04-22T22:50:16.971-04:00","eventName":"n8n.node.finished","message":"n8n.node.finished","payload":{"workflowId":"FK6zS9L1aRBndJ8C","workflowName":"Crises e Alertas","executionId":"287","nodeType":"n8n-nodes-base.rssFeedRead","nodeName":"RSS Read3","nodeId":"2976176f-1874-4872-a000-89eaf975c8be"}}
{"__type":"$$EventMessageConfirm","confirm":"a41f9bb7-437d-4b66-9fad-1ebc2a9198ba","ts":"2026-04-22T22:50:16.971-04:00","source":{"id":"0","name":"eventBus"}}
{"__type":"$$EventMessageNode","id":"eee72590-7156-4571-90ed-e80b8c2402f1","ts":"2026-04-22T22:50:16.972-04:00","eventName":"n8n.node.started","message":"n8n.node.started","payload":{"workflowId":"FK6zS9L1aRBndJ8C","workflowName":"Crises e Alertas","executionId":"287","nodeType":"n8n-nodes-base.merge","nodeName":"Merge","nodeId":"b4c28652-ddb0-4113-9396-1af641e121bd"}}
{"__type":"$$EventMessageConfirm","confirm":"eee72590-7156-4571-90ed-e80b8c2402f1","ts":"2026-04-22T22:50:16.972-04:00","source":{"id":"0","name":"eventBus"}}
{"__type":"$$EventMessageNode","id":"d28e2f83-8e39-4a27-9674-f8b7662e5c31","ts":"2026-04-22T22:50:16.973-04:00","eventName":"n8n.node.finished","message":"n8n.node.finished","payload":{"workflowId":"FK6zS9L1aRBndJ8C","workflowName":"Crises e Alertas","executionId":"287","nodeType":"n8n-nodes-base.merge","nodeName":"Merge","nodeId":"b4c28652-ddb0-4113-9396-1af641e121bd"}}
{"__type":"$$EventMessageConfirm","confirm":"d28e2f83-8e39-4a27-9674-f8b7662e5c31","ts":"2026-04-22T22:50:16.973-04:00","source":{"id":"0","name":"eventBus"}}
{"__type":"$$EventMessageNode","id":"992fb051-3815-4450-808c-57300c4f3a35","ts":"2026-04-22T22:50:16.973-04:00","eventName":"n8n.node.started","message":"n8n.node.started","payload":{"workflowId":"FK6zS9L1aRBndJ8C","workflowName":"Crises e Alertas","executionId":"287","nodeType":"n8n-nodes-base.code","nodeName":"Code in JavaScript","nodeId":"c3ae173a-eac9-4735-8375-a7c061487cd8"}}
{"__type":"$$EventMessageConfirm","confirm":"992fb051-3815-4450-808c-57300c4f3a35","ts":"2026-04-22T22:50:16.973-04:00","source":{"id":"0","name":"eventBus"}}
{"__type":"$$EventMessageRunner","id":"5e172989-fbfc-42aa-9df5-a7c95e40a102","ts":"2026-04-22T22:50:16.975-04:00","eventName":"n8n.runner.task.requested","message":"n8n.runner.task.requested","payload":{"taskId":"PByZ5Miq","nodeId":"c3ae173a-eac9-4735-8375-a7c061487cd8","workflowId":"FK6zS9L1aRBndJ8C","executionId":"287"}}
{"__type":"$$EventMessageConfirm","confirm":"5e172989-fbfc-42aa-9df5-a7c95e40a102","ts":"2026-04-22T22:50:16.975-04:00","source":{"id":"0","name":"eventBus"}}
{"__type":"$$EventMessageRunner","id":"1deb5226-3b18-4faf-8f8f-85f2ccf0bfc1","ts":"2026-04-22T22:50:17.012-04:00","eventName":"n8n.runner.response.received","message":"n8n.runner.response.received","payload":{"taskId":"PByZ5Miq","nodeId":"c3ae173a-eac9-4735-8375-a7c061487cd8","workflowId":"FK6zS9L1aRBndJ8C","executionId":"287"}}
{"__type":"$$EventMessageConfirm","confirm":"1deb5226-3b18-4faf-8f8f-85f2ccf0bfc1","ts":"2026-04-22T22:50:17.012-04:00","source":{"id":"0","name":"eventBus"}}
{"__type":"$$EventMessageNode","id":"042153cd-140a-49cc-9633-41f8b10f1647","ts":"2026-04-22T22:50:17.013-04:00","eventName":"n8n.node.finished","message":"n8n.node.finished","payload":{"workflowId":"FK6zS9L1aRBndJ8C","workflowName":"Crises e Alertas","executionId":"287","nodeType":"n8n-nodes-base.code","nodeName":"Code in JavaScript","nodeId":"c3ae173a-eac9-4735-8375-a7c061487cd8"}}
{"__type":"$$EventMessageConfirm","confirm":"042153cd-140a-49cc-9633-41f8b10f1647","ts":"2026-04-22T22:50:17.013-04:00","source":{"id":"0","name":"eventBus"}}
{"__type":"$$EventMessageNode","id":"7119e0f2-83e6-4dd5-b0c0-d89f66c8c0e4","ts":"2026-04-22T22:50:17.015-04:00","eventName":"n8n.node.started","message":"n8n.node.started","payload":{"workflowId":"FK6zS9L1aRBndJ8C","workflowName":"Crises e Alertas","executionId":"287","nodeType":"n8n-nodes-base.httpRequest","nodeName":"HTTP Request3","nodeId":"5bd5f1c4-7e6f-42de-a3ab-68d40d3191e2"}}
{"__type":"$$EventMessageConfirm","confirm":"7119e0f2-83e6-4dd5-b0c0-d89f66c8c0e4","ts":"2026-04-22T22:50:17.015-04:00","source":{"id":"0","name":"eventBus"}}
{"__type":"$$EventMessageNode","id":"330be0b1-1eff-48b3-b8c5-e0c1c0214cce","ts":"2026-04-22T22:51:05.779-04:00","eventName":"n8n.node.finished","message":"n8n.node.finished","payload":{"workflowId":"FK6zS9L1aRBndJ8C","workflowName":"Crises e Alertas","executionId":"287","nodeType":"n8n-nodes-base.httpRequest","nodeName":"HTTP Request3","nodeId":"5bd5f1c4-7e6f-42de-a3ab-68d40d3191e2"}}
{"__type":"$$EventMessageConfirm","confirm":"330be0b1-1eff-48b3-b8c5-e0c1c0214cce","ts":"2026-04-22T22:51:05.779-04:00","source":{"id":"0","name":"eventBus"}}
{"__type":"$$EventMessageWorkflow","id":"46c154ba-697b-4a9d-a943-147f5cb58a23","ts":"2026-04-22T22:51:05.780-04:00","eventName":"n8n.workflow.failed","message":"n8n.workflow.failed","payload":{"executionId":"287","success":false,"isManual":false,"mode":"trigger","workflowId":"FK6zS9L1aRBndJ8C","workflowName":"Crises e Alertas","lastNodeExecuted":"HTTP Request3","errorNodeType":"n8n-nodes-base.httpRequest","errorMessage":"Bad request - please check your parameters"}}
{"__type":"$$EventMessageConfirm","confirm":"46c154ba-697b-4a9d-a943-147f5cb58a23","ts":"2026-04-22T22:51:05.780-04:00","source":{"id":"0","name":"eventBus"}}
{"__type":"$$EventMessageWorkflow","id":"c5932156-61d3-4136-b127-bfba7a797a6d","ts":"2026-04-22T22:55:14.055-04:00","eventName":"n8n.workflow.started","message":"n8n.workflow.started","payload":{"executionId":"288","workflowId":"FK6zS9L1aRBndJ8C","isManual":false,"mode":"trigger","workflowName":"Crises e Alertas"}}
{"__type":"$$EventMessageConfirm","confirm":"c5932156-61d3-4136-b127-bfba7a797a6d","ts":"2026-04-22T22:55:14.056-04:00","source":{"id":"0","name":"eventBus"}}
{"__type":"$$EventMessageAudit","id":"6600d8a7-3730-4e61-9d5f-8a48a54e661d","ts":"2026-04-22T22:55:14.056-04:00","eventName":"n8n.audit.workflow.executed","message":"n8n.audit.workflow.executed","payload":{"workflowId":"FK6zS9L1aRBndJ8C","workflowName":"Crises e Alertas","executionId":"288","source":"trigger"}}
{"__type":"$$EventMessageConfirm","confirm":"6600d8a7-3730-4e61-9d5f-8a48a54e661d","ts":"2026-04-22T22:55:14.056-04:00","source":{"id":"0","name":"eventBus"}}
{"__type":"$$EventMessageNode","id":"13c0afc7-3901-4d94-a241-718990f62dab","ts":"2026-04-22T22:55:14.056-04:00","eventName":"n8n.node.started","message":"n8n.node.started","payload":{"workflowId":"FK6zS9L1aRBndJ8C","workflowName":"Crises e Alertas","executionId":"288","nodeType":"n8n-nodes-base.scheduleTrigger","nodeName":"Schedule Trigger","nodeId":"a239ccd6-bbed-4ed8-a416-e0da4c9b6a78"}}
{"__type":"$$EventMessageConfirm","confirm":"13c0afc7-3901-4d94-a241-718990f62dab","ts":"2026-04-22T22:55:14.057-04:00","source":{"id":"0","name":"eventBus"}}
{"__type":"$$EventMessageNode","id":"3bd41979-56d5-4c33-8394-89203bf36647","ts":"2026-04-22T22:55:14.057-04:00","eventName":"n8n.node.finished","message":"n8n.node.finished","payload":{"workflowId":"FK6zS9L1aRBndJ8C","workflowName":"Crises e Alertas","executionId":"288","nodeType":"n8n-nodes-base.scheduleTrigger","nodeName":"Schedule Trigger","nodeId":"a239ccd6-bbed-4ed8-a416-e0da4c9b6a78"}}
{"__type":"$$EventMessageConfirm","confirm":"3bd41979-56d5-4c33-8394-89203bf36647","ts":"2026-04-22T22:55:14.057-04:00","source":{"id":"0","name":"eventBus"}}
{"__type":"$$EventMessageNode","id":"48ec12c4-6d74-4666-bb9d-9404d7609d81","ts":"2026-04-22T22:55:14.058-04:00","eventName":"n8n.node.started","message":"n8n.node.started","payload":{"workflowId":"FK6zS9L1aRBndJ8C","workflowName":"Crises e Alertas","executionId":"288","nodeType":"n8n-nodes-base.rssFeedRead","nodeName":"RSS Read5","nodeId":"309e5ca9-bbc3-4ee3-b0c7-ca8bbea7805f"}}
{"__type":"$$EventMessageConfirm","confirm":"48ec12c4-6d74-4666-bb9d-9404d7609d81","ts":"2026-04-22T22:55:14.058-04:00","source":{"id":"0","name":"eventBus"}}
{"__type":"$$EventMessageNode","id":"46f854ba-bb43-4c2d-8833-1f14f549fea5","ts":"2026-04-22T22:55:14.761-04:00","eventName":"n8n.node.finished","message":"n8n.node.finished","payload":{"workflowId":"FK6zS9L1aRBndJ8C","workflowName":"Crises e Alertas","executionId":"288","nodeType":"n8n-nodes-base.rssFeedRead","nodeName":"RSS Read5","nodeId":"309e5ca9-bbc3-4ee3-b0c7-ca8bbea7805f"}}
{"__type":"$$EventMessageConfirm","confirm":"46f854ba-bb43-4c2d-8833-1f14f549fea5","ts":"2026-04-22T22:55:14.761-04:00","source":{"id":"0","name":"eventBus"}}
{"__type":"$$EventMessageNode","id":"41631c82-96d4-4f93-abd5-416a766ecb0e","ts":"2026-04-22T22:55:14.761-04:00","eventName":"n8n.node.started","message":"n8n.node.started","payload":{"workflowId":"FK6zS9L1aRBndJ8C","workflowName":"Crises e Alertas","executionId":"288","nodeType":"n8n-nodes-base.rssFeedRead","nodeName":"RSS Read4","nodeId":"3dcce369-8fa4-48ef-9394-d36d2d1f5c0e"}}
{"__type":"$$EventMessageConfirm","confirm":"41631c82-96d4-4f93-abd5-416a766ecb0e","ts":"2026-04-22T22:55:14.761-04:00","source":{"id":"0","name":"eventBus"}}
{"__type":"$$EventMessageNode","id":"c2ba707f-05ad-4b53-ad7d-33ed170cc6b5","ts":"2026-04-22T22:55:15.682-04:00","eventName":"n8n.node.finished","message":"n8n.node.finished","payload":{"workflowId":"FK6zS9L1aRBndJ8C","workflowName":"Crises e Alertas","executionId":"288","nodeType":"n8n-nodes-base.rssFeedRead","nodeName":"RSS Read4","nodeId":"3dcce369-8fa4-48ef-9394-d36d2d1f5c0e"}}
{"__type":"$$EventMessageConfirm","confirm":"c2ba707f-05ad-4b53-ad7d-33ed170cc6b5","ts":"2026-04-22T22:55:15.682-04:00","source":{"id":"0","name":"eventBus"}}
{"__type":"$$EventMessageNode","id":"719af101-1de3-4235-a802-530f93a7c775","ts":"2026-04-22T22:55:15.683-04:00","eventName":"n8n.node.started","message":"n8n.node.started","payload":{"workflowId":"FK6zS9L1aRBndJ8C","workflowName":"Crises e Alertas","executionId":"288","nodeType":"n8n-nodes-base.rssFeedRead","nodeName":"RSS Read3","nodeId":"2976176f-1874-4872-a000-89eaf975c8be"}}
{"__type":"$$EventMessageConfirm","confirm":"719af101-1de3-4235-a802-530f93a7c775","ts":"2026-04-22T22:55:15.683-04:00","source":{"id":"0","name":"eventBus"}}
{"__type":"$$EventMessageNode","id":"46ec2960-1f2b-474b-9f72-58f67d1088c0","ts":"2026-04-22T22:55:16.636-04:00","eventName":"n8n.node.finished","message":"n8n.node.finished","payload":{"workflowId":"FK6zS9L1aRBndJ8C","workflowName":"Crises e Alertas","executionId":"288","nodeType":"n8n-nodes-base.rssFeedRead","nodeName":"RSS Read3","nodeId":"2976176f-1874-4872-a000-89eaf975c8be"}}
{"__type":"$$EventMessageConfirm","confirm":"46ec2960-1f2b-474b-9f72-58f67d1088c0","ts":"2026-04-22T22:55:16.636-04:00","source":{"id":"0","name":"eventBus"}}
{"__type":"$$EventMessageNode","id":"078e1b2a-f227-4318-b929-6f0f1b87d508","ts":"2026-04-22T22:55:16.637-04:00","eventName":"n8n.node.started","message":"n8n.node.started","payload":{"workflowId":"FK6zS9L1aRBndJ8C","workflowName":"Crises e Alertas","executionId":"288","nodeType":"n8n-nodes-base.merge","nodeName":"Merge","nodeId":"b4c28652-ddb0-4113-9396-1af641e121bd"}}
{"__type":"$$EventMessageConfirm","confirm":"078e1b2a-f227-4318-b929-6f0f1b87d508","ts":"2026-04-22T22:55:16.637-04:00","source":{"id":"0","name":"eventBus"}}
{"__type":"$$EventMessageNode","id":"06106fdb-462f-4a64-befa-95ec05791403","ts":"2026-04-22T22:55:16.639-04:00","eventName":"n8n.node.finished","message":"n8n.node.finished","payload":{"workflowId":"FK6zS9L1aRBndJ8C","workflowName":"Crises e Alertas","executionId":"288","nodeType":"n8n-nodes-base.merge","nodeName":"Merge","nodeId":"b4c28652-ddb0-4113-9396-1af641e121bd"}}
{"__type":"$$EventMessageConfirm","confirm":"06106fdb-462f-4a64-befa-95ec05791403","ts":"2026-04-22T22:55:16.639-04:00","source":{"id":"0","name":"eventBus"}}
{"__type":"$$EventMessageNode","id":"797701a1-60b3-4127-bb2e-c28760a8f544","ts":"2026-04-22T22:55:16.640-04:00","eventName":"n8n.node.started","message":"n8n.node.started","payload":{"workflowId":"FK6zS9L1aRBndJ8C","workflowName":"Crises e Alertas","executionId":"288","nodeType":"n8n-nodes-base.code","nodeName":"Code in JavaScript","nodeId":"c3ae173a-eac9-4735-8375-a7c061487cd8"}}
{"__type":"$$EventMessageConfirm","confirm":"797701a1-60b3-4127-bb2e-c28760a8f544","ts":"2026-04-22T22:55:16.640-04:00","source":{"id":"0","name":"eventBus"}}
{"__type":"$$EventMessageRunner","id":"206902f3-d369-44af-b20d-a77183ac3a64","ts":"2026-04-22T22:55:16.642-04:00","eventName":"n8n.runner.task.requested","message":"n8n.runner.task.requested","payload":{"taskId":"fu73riQE","nodeId":"c3ae173a-eac9-4735-8375-a7c061487cd8","workflowId":"FK6zS9L1aRBndJ8C","executionId":"288"}}
{"__type":"$$EventMessageConfirm","confirm":"206902f3-d369-44af-b20d-a77183ac3a64","ts":"2026-04-22T22:55:16.642-04:00","source":{"id":"0","name":"eventBus"}}
{"__type":"$$EventMessageRunner","id":"2a3f3f89-bead-4bec-ba04-c71f5b4f08ee","ts":"2026-04-22T22:55:16.695-04:00","eventName":"n8n.runner.response.received","message":"n8n.runner.response.received","payload":{"taskId":"fu73riQE","nodeId":"c3ae173a-eac9-4735-8375-a7c061487cd8","workflowId":"FK6zS9L1aRBndJ8C","executionId":"288"}}
{"__type":"$$EventMessageConfirm","confirm":"2a3f3f89-bead-4bec-ba04-c71f5b4f08ee","ts":"2026-04-22T22:55:16.695-04:00","source":{"id":"0","name":"eventBus"}}
{"__type":"$$EventMessageNode","id":"44ca5c4b-6f09-44a8-9db2-32341cca599a","ts":"2026-04-22T22:55:16.696-04:00","eventName":"n8n.node.finished","message":"n8n.node.finished","payload":{"workflowId":"FK6zS9L1aRBndJ8C","workflowName":"Crises e Alertas","executionId":"288","nodeType":"n8n-nodes-base.code","nodeName":"Code in JavaScript","nodeId":"c3ae173a-eac9-4735-8375-a7c061487cd8"}}
{"__type":"$$EventMessageConfirm","confirm":"44ca5c4b-6f09-44a8-9db2-32341cca599a","ts":"2026-04-22T22:55:16.696-04:00","source":{"id":"0","name":"eventBus"}}
{"__type":"$$EventMessageNode","id":"cd8363d7-949f-4a6b-8354-960964f470bc","ts":"2026-04-22T22:55:16.696-04:00","eventName":"n8n.node.started","message":"n8n.node.started","payload":{"workflowId":"FK6zS9L1aRBndJ8C","workflowName":"Crises e Alertas","executionId":"288","nodeType":"n8n-nodes-base.httpRequest","nodeName":"HTTP Request3","nodeId":"5bd5f1c4-7e6f-42de-a3ab-68d40d3191e2"}}
{"__type":"$$EventMessageConfirm","confirm":"cd8363d7-949f-4a6b-8354-960964f470bc","ts":"2026-04-22T22:55:16.697-04:00","source":{"id":"0","name":"eventBus"}}
{"__type":"$$EventMessageNode","id":"7d7f4bd3-e81e-4d4d-a24b-1de279825599","ts":"2026-04-22T22:56:05.376-04:00","eventName":"n8n.node.finished","message":"n8n.node.finished","payload":{"workflowId":"FK6zS9L1aRBndJ8C","workflowName":"Crises e Alertas","executionId":"288","nodeType":"n8n-nodes-base.httpRequest","nodeName":"HTTP Request3","nodeId":"5bd5f1c4-7e6f-42de-a3ab-68d40d3191e2"}}
{"__type":"$$EventMessageConfirm","confirm":"7d7f4bd3-e81e-4d4d-a24b-1de279825599","ts":"2026-04-22T22:56:05.376-04:00","source":{"id":"0","name":"eventBus"}}
{"__type":"$$EventMessageWorkflow","id":"7011160a-232e-4667-b2e0-4ace2cc1d166","ts":"2026-04-22T22:56:05.377-04:00","eventName":"n8n.workflow.failed","message":"n8n.workflow.failed","payload":{"executionId":"288","success":false,"isManual":false,"mode":"trigger","workflowId":"FK6zS9L1aRBndJ8C","workflowName":"Crises e Alertas","lastNodeExecuted":"HTTP Request3","errorNodeType":"n8n-nodes-base.httpRequest","errorMessage":"Bad request - please check your parameters"}}
{"__type":"$$EventMessageConfirm","confirm":"7011160a-232e-4667-b2e0-4ace2cc1d166","ts":"2026-04-22T22:56:05.377-04:00","source":{"id":"0","name":"eventBus"}}
{"__type":"$$EventMessageWorkflow","id":"9ac2da44-430c-4016-b035-0f77b7ea7fa6","ts":"2026-04-22T23:00:14.035-04:00","eventName":"n8n.workflow.started","message":"n8n.workflow.started","payload":{"executionId":"289","workflowId":"FK6zS9L1aRBndJ8C","isManual":false,"mode":"trigger","workflowName":"Crises e Alertas"}}
{"__type":"$$EventMessageConfirm","confirm":"9ac2da44-430c-4016-b035-0f77b7ea7fa6","ts":"2026-04-22T23:00:14.035-04:00","source":{"id":"0","name":"eventBus"}}
{"__type":"$$EventMessageAudit","id":"08e860fd-2a0b-4959-b704-3e552eb07779","ts":"2026-04-22T23:00:14.035-04:00","eventName":"n8n.audit.workflow.executed","message":"n8n.audit.workflow.executed","payload":{"workflowId":"FK6zS9L1aRBndJ8C","workflowName":"Crises e Alertas","executionId":"289","source":"trigger"}}
{"__type":"$$EventMessageConfirm","confirm":"08e860fd-2a0b-4959-b704-3e552eb07779","ts":"2026-04-22T23:00:14.035-04:00","source":{"id":"0","name":"eventBus"}}
{"__type":"$$EventMessageNode","id":"7def15c6-46ff-4fde-8e3b-879f7d8b94e5","ts":"2026-04-22T23:00:14.035-04:00","eventName":"n8n.node.started","message":"n8n.node.started","payload":{"workflowId":"FK6zS9L1aRBndJ8C","workflowName":"Crises e Alertas","executionId":"289","nodeType":"n8n-nodes-base.scheduleTrigger","nodeName":"Schedule Trigger","nodeId":"a239ccd6-bbed-4ed8-a416-e0da4c9b6a78"}}
{"__type":"$$EventMessageConfirm","confirm":"7def15c6-46ff-4fde-8e3b-879f7d8b94e5","ts":"2026-04-22T23:00:14.035-04:00","source":{"id":"0","name":"eventBus"}}
{"__type":"$$EventMessageNode","id":"75105616-6c39-4f28-82bf-0937a0886e50","ts":"2026-04-22T23:00:14.036-04:00","eventName":"n8n.node.finished","message":"n8n.node.finished","payload":{"workflowId":"FK6zS9L1aRBndJ8C","workflowName":"Crises e Alertas","executionId":"289","nodeType":"n8n-nodes-base.scheduleTrigger","nodeName":"Schedule Trigger","nodeId":"a239ccd6-bbed-4ed8-a416-e0da4c9b6a78"}}
{"__type":"$$EventMessageConfirm","confirm":"75105616-6c39-4f28-82bf-0937a0886e50","ts":"2026-04-22T23:00:14.036-04:00","source":{"id":"0","name":"eventBus"}}
{"__type":"$$EventMessageNode","id":"4bf3f7e8-7e94-457d-9748-ca9c77b617b6","ts":"2026-04-22T23:00:14.036-04:00","eventName":"n8n.node.started","message":"n8n.node.started","payload":{"workflowId":"FK6zS9L1aRBndJ8C","workflowName":"Crises e Alertas","executionId":"289","nodeType":"n8n-nodes-base.rssFeedRead","nodeName":"RSS Read5","nodeId":"309e5ca9-bbc3-4ee3-b0c7-ca8bbea7805f"}}
{"__type":"$$EventMessageConfirm","confirm":"4bf3f7e8-7e94-457d-9748-ca9c77b617b6","ts":"2026-04-22T23:00:14.036-04:00","source":{"id":"0","name":"eventBus"}}
{"__type":"$$EventMessageNode","id":"46d3a14d-6b43-4d0e-9aab-72c4a0cb82bc","ts":"2026-04-22T23:00:15.183-04:00","eventName":"n8n.node.finished","message":"n8n.node.finished","payload":{"workflowId":"FK6zS9L1aRBndJ8C","workflowName":"Crises e Alertas","executionId":"289","nodeType":"n8n-nodes-base.rssFeedRead","nodeName":"RSS Read5","nodeId":"309e5ca9-bbc3-4ee3-b0c7-ca8bbea7805f"}}
{"__type":"$$EventMessageConfirm","confirm":"46d3a14d-6b43-4d0e-9aab-72c4a0cb82bc","ts":"2026-04-22T23:00:15.183-04:00","source":{"id":"0","name":"eventBus"}}
{"__type":"$$EventMessageNode","id":"ae352945-bf8e-4fea-b98c-5c5db46a3442","ts":"2026-04-22T23:00:15.183-04:00","eventName":"n8n.node.started","message":"n8n.node.started","payload":{"workflowId":"FK6zS9L1aRBndJ8C","workflowName":"Crises e Alertas","executionId":"289","nodeType":"n8n-nodes-base.rssFeedRead","nodeName":"RSS Read4","nodeId":"3dcce369-8fa4-48ef-9394-d36d2d1f5c0e"}}
{"__type":"$$EventMessageConfirm","confirm":"ae352945-bf8e-4fea-b98c-5c5db46a3442","ts":"2026-04-22T23:00:15.183-04:00","source":{"id":"0","name":"eventBus"}}
{"__type":"$$EventMessageNode","id":"8ffcc743-5366-42d7-83cd-b82a65c774f6","ts":"2026-04-22T23:00:15.871-04:00","eventName":"n8n.node.finished","message":"n8n.node.finished","payload":{"workflowId":"FK6zS9L1aRBndJ8C","workflowName":"Crises e Alertas","executionId":"289","nodeType":"n8n-nodes-base.rssFeedRead","nodeName":"RSS Read4","nodeId":"3dcce369-8fa4-48ef-9394-d36d2d1f5c0e"}}
{"__type":"$$EventMessageConfirm","confirm":"8ffcc743-5366-42d7-83cd-b82a65c774f6","ts":"2026-04-22T23:00:15.871-04:00","source":{"id":"0","name":"eventBus"}}
{"__type":"$$EventMessageNode","id":"a6911852-be23-4aea-97ad-0f69253938db","ts":"2026-04-22T23:00:15.871-04:00","eventName":"n8n.node.started","message":"n8n.node.started","payload":{"workflowId":"FK6zS9L1aRBndJ8C","workflowName":"Crises e Alertas","executionId":"289","nodeType":"n8n-nodes-base.rssFeedRead","nodeName":"RSS Read3","nodeId":"2976176f-1874-4872-a000-89eaf975c8be"}}
{"__type":"$$EventMessageConfirm","confirm":"a6911852-be23-4aea-97ad-0f69253938db","ts":"2026-04-22T23:00:15.871-04:00","source":{"id":"0","name":"eventBus"}}
{"__type":"$$EventMessageNode","id":"b4a42fd2-6b74-4b76-b386-45923849b8df","ts":"2026-04-22T23:00:16.778-04:00","eventName":"n8n.node.finished","message":"n8n.node.finished","payload":{"workflowId":"FK6zS9L1aRBndJ8C","workflowName":"Crises e Alertas","executionId":"289","nodeType":"n8n-nodes-base.rssFeedRead","nodeName":"RSS Read3","nodeId":"2976176f-1874-4872-a000-89eaf975c8be"}}
{"__type":"$$EventMessageConfirm","confirm":"b4a42fd2-6b74-4b76-b386-45923849b8df","ts":"2026-04-22T23:00:16.778-04:00","source":{"id":"0","name":"eventBus"}}
{"__type":"$$EventMessageNode","id":"f0406796-6a05-4f7d-89aa-7409b1763493","ts":"2026-04-22T23:00:16.778-04:00","eventName":"n8n.node.started","message":"n8n.node.started","payload":{"workflowId":"FK6zS9L1aRBndJ8C","workflowName":"Crises e Alertas","executionId":"289","nodeType":"n8n-nodes-base.merge","nodeName":"Merge","nodeId":"b4c28652-ddb0-4113-9396-1af641e121bd"}}
{"__type":"$$EventMessageConfirm","confirm":"f0406796-6a05-4f7d-89aa-7409b1763493","ts":"2026-04-22T23:00:16.778-04:00","source":{"id":"0","name":"eventBus"}}
{"__type":"$$EventMessageNode","id":"2015cda8-aaf3-4c94-8599-ec52dd3572b6","ts":"2026-04-22T23:00:16.780-04:00","eventName":"n8n.node.finished","message":"n8n.node.finished","payload":{"workflowId":"FK6zS9L1aRBndJ8C","workflowName":"Crises e Alertas","executionId":"289","nodeType":"n8n-nodes-base.merge","nodeName":"Merge","nodeId":"b4c28652-ddb0-4113-9396-1af641e121bd"}}
{"__type":"$$EventMessageConfirm","confirm":"2015cda8-aaf3-4c94-8599-ec52dd3572b6","ts":"2026-04-22T23:00:16.780-04:00","source":{"id":"0","name":"eventBus"}}
{"__type":"$$EventMessageNode","id":"89338dac-e04b-4bfe-a676-e516e59b663b","ts":"2026-04-22T23:00:16.780-04:00","eventName":"n8n.node.started","message":"n8n.node.started","payload":{"workflowId":"FK6zS9L1aRBndJ8C","workflowName":"Crises e Alertas","executionId":"289","nodeType":"n8n-nodes-base.code","nodeName":"Code in JavaScript","nodeId":"c3ae173a-eac9-4735-8375-a7c061487cd8"}}
{"__type":"$$EventMessageConfirm","confirm":"89338dac-e04b-4bfe-a676-e516e59b663b","ts":"2026-04-22T23:00:16.780-04:00","source":{"id":"0","name":"eventBus"}}
{"__type":"$$EventMessageRunner","id":"c85954b8-41dc-4f71-86ac-ab680acab0b3","ts":"2026-04-22T23:00:16.782-04:00","eventName":"n8n.runner.task.requested","message":"n8n.runner.task.requested","payload":{"taskId":"0HLogljN","nodeId":"c3ae173a-eac9-4735-8375-a7c061487cd8","workflowId":"FK6zS9L1aRBndJ8C","executionId":"289"}}
{"__type":"$$EventMessageConfirm","confirm":"c85954b8-41dc-4f71-86ac-ab680acab0b3","ts":"2026-04-22T23:00:16.782-04:00","source":{"id":"0","name":"eventBus"}}
{"__type":"$$EventMessageRunner","id":"f1704ccc-2e31-415c-9640-dd54857d2760","ts":"2026-04-22T23:00:16.821-04:00","eventName":"n8n.runner.response.received","message":"n8n.runner.response.received","payload":{"taskId":"0HLogljN","nodeId":"c3ae173a-eac9-4735-8375-a7c061487cd8","workflowId":"FK6zS9L1aRBndJ8C","executionId":"289"}}
{"__type":"$$EventMessageConfirm","confirm":"f1704ccc-2e31-415c-9640-dd54857d2760","ts":"2026-04-22T23:00:16.822-04:00","source":{"id":"0","name":"eventBus"}}
{"__type":"$$EventMessageNode","id":"eea13dce-acc9-4d71-b753-51e7179d6025","ts":"2026-04-22T23:00:16.822-04:00","eventName":"n8n.node.finished","message":"n8n.node.finished","payload":{"workflowId":"FK6zS9L1aRBndJ8C","workflowName":"Crises e Alertas","executionId":"289","nodeType":"n8n-nodes-base.code","nodeName":"Code in JavaScript","nodeId":"c3ae173a-eac9-4735-8375-a7c061487cd8"}}
{"__type":"$$EventMessageConfirm","confirm":"eea13dce-acc9-4d71-b753-51e7179d6025","ts":"2026-04-22T23:00:16.822-04:00","source":{"id":"0","name":"eventBus"}}
{"__type":"$$EventMessageNode","id":"0891209a-966f-4d60-9662-169d76b8fb4e","ts":"2026-04-22T23:00:16.822-04:00","eventName":"n8n.node.started","message":"n8n.node.started","payload":{"workflowId":"FK6zS9L1aRBndJ8C","workflowName":"Crises e Alertas","executionId":"289","nodeType":"n8n-nodes-base.httpRequest","nodeName":"HTTP Request3","nodeId":"5bd5f1c4-7e6f-42de-a3ab-68d40d3191e2"}}
{"__type":"$$EventMessageConfirm","confirm":"0891209a-966f-4d60-9662-169d76b8fb4e","ts":"2026-04-22T23:00:16.822-04:00","source":{"id":"0","name":"eventBus"}}
{"__type":"$$EventMessageNode","id":"0cfdbd18-4cb0-4e97-9be2-527720e2e02b","ts":"2026-04-22T23:01:05.509-04:00","eventName":"n8n.node.finished","message":"n8n.node.finished","payload":{"workflowId":"FK6zS9L1aRBndJ8C","workflowName":"Crises e Alertas","executionId":"289","nodeType":"n8n-nodes-base.httpRequest","nodeName":"HTTP Request3","nodeId":"5bd5f1c4-7e6f-42de-a3ab-68d40d3191e2"}}
{"__type":"$$EventMessageConfirm","confirm":"0cfdbd18-4cb0-4e97-9be2-527720e2e02b","ts":"2026-04-22T23:01:05.510-04:00","source":{"id":"0","name":"eventBus"}}
{"__type":"$$EventMessageWorkflow","id":"fdba4e5a-092b-4a94-96de-8633007347a1","ts":"2026-04-22T23:01:05.510-04:00","eventName":"n8n.workflow.failed","message":"n8n.workflow.failed","payload":{"executionId":"289","success":false,"isManual":false,"mode":"trigger","workflowId":"FK6zS9L1aRBndJ8C","workflowName":"Crises e Alertas","lastNodeExecuted":"HTTP Request3","errorNodeType":"n8n-nodes-base.httpRequest","errorMessage":"Bad request - please check your parameters"}}
{"__type":"$$EventMessageConfirm","confirm":"fdba4e5a-092b-4a94-96de-8633007347a1","ts":"2026-04-22T23:01:05.510-04:00","source":{"id":"0","name":"eventBus"}}
{"__type":"$$EventMessageWorkflow","id":"2087749d-e2b2-4866-956c-dbfa68a93603","ts":"2026-04-22T23:05:14.056-04:00","eventName":"n8n.workflow.started","message":"n8n.workflow.started","payload":{"executionId":"290","workflowId":"FK6zS9L1aRBndJ8C","isManual":false,"mode":"trigger","workflowName":"Crises e Alertas"}}
{"__type":"$$EventMessageConfirm","confirm":"2087749d-e2b2-4866-956c-dbfa68a93603","ts":"2026-04-22T23:05:14.056-04:00","source":{"id":"0","name":"eventBus"}}
{"__type":"$$EventMessageAudit","id":"787b7dfb-5d21-44f7-bfd0-e6c7aa0506fc","ts":"2026-04-22T23:05:14.056-04:00","eventName":"n8n.audit.workflow.executed","message":"n8n.audit.workflow.executed","payload":{"workflowId":"FK6zS9L1aRBndJ8C","workflowName":"Crises e Alertas","executionId":"290","source":"trigger"}}
{"__type":"$$EventMessageConfirm","confirm":"787b7dfb-5d21-44f7-bfd0-e6c7aa0506fc","ts":"2026-04-22T23:05:14.056-04:00","source":{"id":"0","name":"eventBus"}}
{"__type":"$$EventMessageNode","id":"b4379e5b-814b-483f-b64f-09dea1d8e591","ts":"2026-04-22T23:05:14.057-04:00","eventName":"n8n.node.started","message":"n8n.node.started","payload":{"workflowId":"FK6zS9L1aRBndJ8C","workflowName":"Crises e Alertas","executionId":"290","nodeType":"n8n-nodes-base.scheduleTrigger","nodeName":"Schedule Trigger","nodeId":"a239ccd6-bbed-4ed8-a416-e0da4c9b6a78"}}
{"__type":"$$EventMessageConfirm","confirm":"b4379e5b-814b-483f-b64f-09dea1d8e591","ts":"2026-04-22T23:05:14.057-04:00","source":{"id":"0","name":"eventBus"}}
{"__type":"$$EventMessageNode","id":"d48a5dce-568c-4b1d-91c1-c3806dd8e5e2","ts":"2026-04-22T23:05:14.057-04:00","eventName":"n8n.node.finished","message":"n8n.node.finished","payload":{"workflowId":"FK6zS9L1aRBndJ8C","workflowName":"Crises e Alertas","executionId":"290","nodeType":"n8n-nodes-base.scheduleTrigger","nodeName":"Schedule Trigger","nodeId":"a239ccd6-bbed-4ed8-a416-e0da4c9b6a78"}}
{"__type":"$$EventMessageConfirm","confirm":"d48a5dce-568c-4b1d-91c1-c3806dd8e5e2","ts":"2026-04-22T23:05:14.057-04:00","source":{"id":"0","name":"eventBus"}}
{"__type":"$$EventMessageNode","id":"9a6cf511-d03d-438c-bd91-d92b75c9b6cf","ts":"2026-04-22T23:05:14.058-04:00","eventName":"n8n.node.started","message":"n8n.node.started","payload":{"workflowId":"FK6zS9L1aRBndJ8C","workflowName":"Crises e Alertas","executionId":"290","nodeType":"n8n-nodes-base.rssFeedRead","nodeName":"RSS Read5","nodeId":"309e5ca9-bbc3-4ee3-b0c7-ca8bbea7805f"}}
{"__type":"$$EventMessageConfirm","confirm":"9a6cf511-d03d-438c-bd91-d92b75c9b6cf","ts":"2026-04-22T23:05:14.058-04:00","source":{"id":"0","name":"eventBus"}}
{"__type":"$$EventMessageNode","id":"3ee55e3e-ff62-4f53-8bcc-cf328c51166c","ts":"2026-04-22T23:05:15.210-04:00","eventName":"n8n.node.finished","message":"n8n.node.finished","payload":{"workflowId":"FK6zS9L1aRBndJ8C","workflowName":"Crises e Alertas","executionId":"290","nodeType":"n8n-nodes-base.rssFeedRead","nodeName":"RSS Read5","nodeId":"309e5ca9-bbc3-4ee3-b0c7-ca8bbea7805f"}}
{"__type":"$$EventMessageConfirm","confirm":"3ee55e3e-ff62-4f53-8bcc-cf328c51166c","ts":"2026-04-22T23:05:15.210-04:00","source":{"id":"0","name":"eventBus"}}
{"__type":"$$EventMessageNode","id":"eb2cb1e0-6842-49dd-ab3c-0a8e95cae80f","ts":"2026-04-22T23:05:15.211-04:00","eventName":"n8n.node.started","message":"n8n.node.started","payload":{"workflowId":"FK6zS9L1aRBndJ8C","workflowName":"Crises e Alertas","executionId":"290","nodeType":"n8n-nodes-base.rssFeedRead","nodeName":"RSS Read4","nodeId":"3dcce369-8fa4-48ef-9394-d36d2d1f5c0e"}}
{"__type":"$$EventMessageConfirm","confirm":"eb2cb1e0-6842-49dd-ab3c-0a8e95cae80f","ts":"2026-04-22T23:05:15.211-04:00","source":{"id":"0","name":"eventBus"}}
{"__type":"$$EventMessageNode","id":"6fcc3d71-02dc-4b73-927e-1d89e51e8931","ts":"2026-04-22T23:05:16.190-04:00","eventName":"n8n.node.finished","message":"n8n.node.finished","payload":{"workflowId":"FK6zS9L1aRBndJ8C","workflowName":"Crises e Alertas","executionId":"290","nodeType":"n8n-nodes-base.rssFeedRead","nodeName":"RSS Read4","nodeId":"3dcce369-8fa4-48ef-9394-d36d2d1f5c0e"}}
{"__type":"$$EventMessageConfirm","confirm":"6fcc3d71-02dc-4b73-927e-1d89e51e8931","ts":"2026-04-22T23:05:16.190-04:00","source":{"id":"0","name":"eventBus"}}
{"__type":"$$EventMessageNode","id":"5f2b43ec-31bf-47cc-9495-8a1d273d0bef","ts":"2026-04-22T23:05:16.190-04:00","eventName":"n8n.node.started","message":"n8n.node.started","payload":{"workflowId":"FK6zS9L1aRBndJ8C","workflowName":"Crises e Alertas","executionId":"290","nodeType":"n8n-nodes-base.rssFeedRead","nodeName":"RSS Read3","nodeId":"2976176f-1874-4872-a000-89eaf975c8be"}}
{"__type":"$$EventMessageConfirm","confirm":"5f2b43ec-31bf-47cc-9495-8a1d273d0bef","ts":"2026-04-22T23:05:16.191-04:00","source":{"id":"0","name":"eventBus"}}
{"__type":"$$EventMessageNode","id":"ec2ff7a3-d18e-4c23-ab37-3ac6eb52a56e","ts":"2026-04-22T23:05:17.101-04:00","eventName":"n8n.node.finished","message":"n8n.node.finished","payload":{"workflowId":"FK6zS9L1aRBndJ8C","workflowName":"Crises e Alertas","executionId":"290","nodeType":"n8n-nodes-base.rssFeedRead","nodeName":"RSS Read3","nodeId":"2976176f-1874-4872-a000-89eaf975c8be"}}
{"__type":"$$EventMessageConfirm","confirm":"ec2ff7a3-d18e-4c23-ab37-3ac6eb52a56e","ts":"2026-04-22T23:05:17.101-04:00","source":{"id":"0","name":"eventBus"}}
{"__type":"$$EventMessageNode","id":"010bc246-9cba-4250-82ed-3b9ed63df639","ts":"2026-04-22T23:05:17.101-04:00","eventName":"n8n.node.started","message":"n8n.node.started","payload":{"workflowId":"FK6zS9L1aRBndJ8C","workflowName":"Crises e Alertas","executionId":"290","nodeType":"n8n-nodes-base.merge","nodeName":"Merge","nodeId":"b4c28652-ddb0-4113-9396-1af641e121bd"}}
{"__type":"$$EventMessageConfirm","confirm":"010bc246-9cba-4250-82ed-3b9ed63df639","ts":"2026-04-22T23:05:17.101-04:00","source":{"id":"0","name":"eventBus"}}
{"__type":"$$EventMessageNode","id":"6513815f-d0c7-47f2-ab4c-3a7b39c35c64","ts":"2026-04-22T23:05:17.103-04:00","eventName":"n8n.node.finished","message":"n8n.node.finished","payload":{"workflowId":"FK6zS9L1aRBndJ8C","workflowName":"Crises e Alertas","executionId":"290","nodeType":"n8n-nodes-base.merge","nodeName":"Merge","nodeId":"b4c28652-ddb0-4113-9396-1af641e121bd"}}
{"__type":"$$EventMessageConfirm","confirm":"6513815f-d0c7-47f2-ab4c-3a7b39c35c64","ts":"2026-04-22T23:05:17.103-04:00","source":{"id":"0","name":"eventBus"}}
{"__type":"$$EventMessageNode","id":"795c36aa-7cf5-4325-9d38-df1a908847a2","ts":"2026-04-22T23:05:17.103-04:00","eventName":"n8n.node.started","message":"n8n.node.started","payload":{"workflowId":"FK6zS9L1aRBndJ8C","workflowName":"Crises e Alertas","executionId":"290","nodeType":"n8n-nodes-base.code","nodeName":"Code in JavaScript","nodeId":"c3ae173a-eac9-4735-8375-a7c061487cd8"}}
{"__type":"$$EventMessageConfirm","confirm":"795c36aa-7cf5-4325-9d38-df1a908847a2","ts":"2026-04-22T23:05:17.103-04:00","source":{"id":"0","name":"eventBus"}}
{"__type":"$$EventMessageRunner","id":"7eb2e642-a7ec-42ac-aef6-7e310e354c72","ts":"2026-04-22T23:05:17.104-04:00","eventName":"n8n.runner.task.requested","message":"n8n.runner.task.requested","payload":{"taskId":"5tl7eKDz","nodeId":"c3ae173a-eac9-4735-8375-a7c061487cd8","workflowId":"FK6zS9L1aRBndJ8C","executionId":"290"}}
{"__type":"$$EventMessageConfirm","confirm":"7eb2e642-a7ec-42ac-aef6-7e310e354c72","ts":"2026-04-22T23:05:17.104-04:00","source":{"id":"0","name":"eventBus"}}
{"__type":"$$EventMessageRunner","id":"b192a5f4-950c-4ffd-acee-1849e6bfdd59","ts":"2026-04-22T23:05:17.138-04:00","eventName":"n8n.runner.response.received","message":"n8n.runner.response.received","payload":{"taskId":"5tl7eKDz","nodeId":"c3ae173a-eac9-4735-8375-a7c061487cd8","workflowId":"FK6zS9L1aRBndJ8C","executionId":"290"}}
{"__type":"$$EventMessageConfirm","confirm":"b192a5f4-950c-4ffd-acee-1849e6bfdd59","ts":"2026-04-22T23:05:17.138-04:00","source":{"id":"0","name":"eventBus"}}
{"__type":"$$EventMessageNode","id":"148945b7-15f0-464c-8c77-b927fcdc688b","ts":"2026-04-22T23:05:17.139-04:00","eventName":"n8n.node.finished","message":"n8n.node.finished","payload":{"workflowId":"FK6zS9L1aRBndJ8C","workflowName":"Crises e Alertas","executionId":"290","nodeType":"n8n-nodes-base.code","nodeName":"Code in JavaScript","nodeId":"c3ae173a-eac9-4735-8375-a7c061487cd8"}}
{"__type":"$$EventMessageConfirm","confirm":"148945b7-15f0-464c-8c77-b927fcdc688b","ts":"2026-04-22T23:05:17.139-04:00","source":{"id":"0","name":"eventBus"}}
{"__type":"$$EventMessageNode","id":"3665396f-e912-4b0a-bf24-5aa7b0c48240","ts":"2026-04-22T23:05:17.139-04:00","eventName":"n8n.node.started","message":"n8n.node.started","payload":{"workflowId":"FK6zS9L1aRBndJ8C","workflowName":"Crises e Alertas","executionId":"290","nodeType":"n8n-nodes-base.httpRequest","nodeName":"HTTP Request3","nodeId":"5bd5f1c4-7e6f-42de-a3ab-68d40d3191e2"}}
{"__type":"$$EventMessageConfirm","confirm":"3665396f-e912-4b0a-bf24-5aa7b0c48240","ts":"2026-04-22T23:05:17.139-04:00","source":{"id":"0","name":"eventBus"}}
